-------------------------------------------------------------------------------
Test set: org.purl.grammar.GrammarValidationTest
-------------------------------------------------------------------------------
Tests run: 688, Failures: 71, Errors: 0, Skipped: 0, Time elapsed: 1.076 s <<< FAILURE! -- in org.purl.grammar.GrammarValidationTest
org.purl.grammar.GrammarValidationTest.grammarTests -- Time elapsed: 0.004 s <<< FAILURE!
org.opentest4j.AssertionFailedError: [grammar.types.bazel-test.input.pkg:bazel/rules_java@7.8.0?repository_url=https://bcr.bazel.build/] Expected grammar to match: pkg:bazel/rules_java@7.8.0?repository_url=https://bcr.bazel.build/ ==> expected: <true> but was: <false>
	at org.junit.jupiter.api.AssertionFailureBuilder.build(AssertionFailureBuilder.java:151)
	at org.junit.jupiter.api.AssertionFailureBuilder.buildAndThrow(AssertionFailureBuilder.java:132)
	at org.junit.jupiter.api.AssertTrue.failNotTrue(AssertTrue.java:63)
	at org.junit.jupiter.api.AssertTrue.assertTrue(AssertTrue.java:36)
	at org.junit.jupiter.api.Assertions.assertTrue(Assertions.java:214)
	at org.purl.grammar.GrammarValidationTest.lambda$buildTest$1(GrammarValidationTest.java:235)
	at java.base/java.util.Optional.ifPresent(Optional.java:178)
	at java.base/java.util.ArrayList.forEach(ArrayList.java:1511)
	at java.base/java.util.ArrayList.forEach(ArrayList.java:1511)

org.purl.grammar.GrammarValidationTest.grammarTests -- Time elapsed: 0.002 s <<< FAILURE!
org.opentest4j.AssertionFailedError: [grammar.types.bazel-test.input.pkg:bazel/rules_java@7.8.0?repository_url=https://bcr.bazel.build/[2]] Expected grammar to match: pkg:bazel/rules_java@7.8.0?repository_url=https://bcr.bazel.build/ ==> expected: <true> but was: <false>
	at org.junit.jupiter.api.AssertionFailureBuilder.build(AssertionFailureBuilder.java:151)
	at org.junit.jupiter.api.AssertionFailureBuilder.buildAndThrow(AssertionFailureBuilder.java:132)
	at org.junit.jupiter.api.AssertTrue.failNotTrue(AssertTrue.java:63)
	at org.junit.jupiter.api.AssertTrue.assertTrue(AssertTrue.java:36)
	at org.junit.jupiter.api.Assertions.assertTrue(Assertions.java:214)
	at org.purl.grammar.GrammarValidationTest.lambda$buildTest$1(GrammarValidationTest.java:235)
	at java.base/java.util.Optional.ifPresent(Optional.java:178)
	at java.base/java.util.ArrayList.forEach(ArrayList.java:1511)
	at java.base/java.util.ArrayList.forEach(ArrayList.java:1511)

org.purl.grammar.GrammarValidationTest.grammarTests -- Time elapsed: 0.002 s <<< FAILURE!
org.opentest4j.AssertionFailedError: [grammar.types.bazel-test.input.pkg:bazel/rules_java@7.8.0?repository_url=https://example.org/bazel-registry/] Expected grammar to match: pkg:bazel/rules_java@7.8.0?repository_url=https://example.org/bazel-registry/ ==> expected: <true> but was: <false>
	at org.junit.jupiter.api.AssertionFailureBuilder.build(AssertionFailureBuilder.java:151)
	at org.junit.jupiter.api.AssertionFailureBuilder.buildAndThrow(AssertionFailureBuilder.java:132)
	at org.junit.jupiter.api.AssertTrue.failNotTrue(AssertTrue.java:63)
	at org.junit.jupiter.api.AssertTrue.assertTrue(AssertTrue.java:36)
	at org.junit.jupiter.api.Assertions.assertTrue(Assertions.java:214)
	at org.purl.grammar.GrammarValidationTest.lambda$buildTest$1(GrammarValidationTest.java:235)
	at java.base/java.util.Optional.ifPresent(Optional.java:178)
	at java.base/java.util.ArrayList.forEach(ArrayList.java:1511)
	at java.base/java.util.ArrayList.forEach(ArrayList.java:1511)

org.purl.grammar.GrammarValidationTest.grammarTests -- Time elapsed: 0.001 s <<< FAILURE!
org.opentest4j.AssertionFailedError: [grammar.types.bazel-test.input.pkg:bazel/rules_java@7.8.0?repository_url=https://example.org/bazel-registry/[2]] Expected grammar to match: pkg:bazel/rules_java@7.8.0?repository_url=https://example.org/bazel-registry/ ==> expected: <true> but was: <false>
	at org.junit.jupiter.api.AssertionFailureBuilder.build(AssertionFailureBuilder.java:151)
	at org.junit.jupiter.api.AssertionFailureBuilder.buildAndThrow(AssertionFailureBuilder.java:132)
	at org.junit.jupiter.api.AssertTrue.failNotTrue(AssertTrue.java:63)
	at org.junit.jupiter.api.AssertTrue.assertTrue(AssertTrue.java:36)
	at org.junit.jupiter.api.Assertions.assertTrue(Assertions.java:214)
	at org.purl.grammar.GrammarValidationTest.lambda$buildTest$1(GrammarValidationTest.java:235)
	at java.base/java.util.Optional.ifPresent(Optional.java:178)
	at java.base/java.util.ArrayList.forEach(ArrayList.java:1511)
	at java.base/java.util.ArrayList.forEach(ArrayList.java:1511)

org.purl.grammar.GrammarValidationTest.grammarTests -- Time elapsed: 0 s <<< FAILURE!
org.opentest4j.AssertionFailedError: [grammar.types.chrome-extension-test.input.pkg:chrome-extension/44444algnefjeiefhmpklpfiohadpglk] Expected grammar NOT to match (expected_failure=true): pkg:chrome-extension/44444algnefjeiefhmpklpfiohadpglk ==> expected: <false> but was: <true>
	at org.junit.jupiter.api.AssertionFailureBuilder.build(AssertionFailureBuilder.java:151)
	at org.junit.jupiter.api.AssertionFailureBuilder.buildAndThrow(AssertionFailureBuilder.java:132)
	at org.junit.jupiter.api.AssertFalse.failNotFalse(AssertFalse.java:63)
	at org.junit.jupiter.api.AssertFalse.assertFalse(AssertFalse.java:36)
	at org.junit.jupiter.api.Assertions.assertFalse(Assertions.java:239)
	at org.purl.grammar.GrammarValidationTest.lambda$buildTest$1(GrammarValidationTest.java:231)
	at java.base/java.util.Optional.ifPresent(Optional.java:178)
	at java.base/java.util.ArrayList.forEach(ArrayList.java:1511)
	at java.base/java.util.ArrayList.forEach(ArrayList.java:1511)

org.purl.grammar.GrammarValidationTest.grammarTests -- Time elapsed: 0.001 s <<< FAILURE!
org.opentest4j.AssertionFailedError: [grammar.types.chrome-extension-test.input.pkg:chrome-extension/dogs] Expected grammar NOT to match (expected_failure=true): pkg:chrome-extension/dogs ==> expected: <false> but was: <true>
	at org.junit.jupiter.api.AssertionFailureBuilder.build(AssertionFailureBuilder.java:151)
	at org.junit.jupiter.api.AssertionFailureBuilder.buildAndThrow(AssertionFailureBuilder.java:132)
	at org.junit.jupiter.api.AssertFalse.failNotFalse(AssertFalse.java:63)
	at org.junit.jupiter.api.AssertFalse.assertFalse(AssertFalse.java:36)
	at org.junit.jupiter.api.Assertions.assertFalse(Assertions.java:239)
	at org.purl.grammar.GrammarValidationTest.lambda$buildTest$1(GrammarValidationTest.java:231)
	at java.base/java.util.Optional.ifPresent(Optional.java:178)
	at java.base/java.util.ArrayList.forEach(ArrayList.java:1511)
	at java.base/java.util.ArrayList.forEach(ArrayList.java:1511)

org.purl.grammar.GrammarValidationTest.grammarTests -- Time elapsed: 0.001 s <<< FAILURE!
org.opentest4j.AssertionFailedError: [grammar.types.chrome-extension-test.input.pkg:chrome-extension/dlpngalgnefjeiefhmpklpfiohadpglk@1.2.3.4.5] Expected grammar NOT to match (expected_failure=true): pkg:chrome-extension/dlpngalgnefjeiefhmpklpfiohadpglk@1.2.3.4.5 ==> expected: <false> but was: <true>
	at org.junit.jupiter.api.AssertionFailureBuilder.build(AssertionFailureBuilder.java:151)
	at org.junit.jupiter.api.AssertionFailureBuilder.buildAndThrow(AssertionFailureBuilder.java:132)
	at org.junit.jupiter.api.AssertFalse.failNotFalse(AssertFalse.java:63)
	at org.junit.jupiter.api.AssertFalse.assertFalse(AssertFalse.java:36)
	at org.junit.jupiter.api.Assertions.assertFalse(Assertions.java:239)
	at org.purl.grammar.GrammarValidationTest.lambda$buildTest$1(GrammarValidationTest.java:231)
	at java.base/java.util.Optional.ifPresent(Optional.java:178)
	at java.base/java.util.ArrayList.forEach(ArrayList.java:1511)
	at java.base/java.util.ArrayList.forEach(ArrayList.java:1511)

org.purl.grammar.GrammarValidationTest.grammarTests -- Time elapsed: 0.001 s <<< FAILURE!
org.opentest4j.AssertionFailedError: [grammar.types.chrome-extension-test.input.pkg:chrome-extension/dlpngalgnefjeiefhmpklpfiohadpglk@1.2.3-beta] Expected grammar NOT to match (expected_failure=true): pkg:chrome-extension/dlpngalgnefjeiefhmpklpfiohadpglk@1.2.3-beta ==> expected: <false> but was: <true>
	at org.junit.jupiter.api.AssertionFailureBuilder.build(AssertionFailureBuilder.java:151)
	at org.junit.jupiter.api.AssertionFailureBuilder.buildAndThrow(AssertionFailureBuilder.java:132)
	at org.junit.jupiter.api.AssertFalse.failNotFalse(AssertFalse.java:63)
	at org.junit.jupiter.api.AssertFalse.assertFalse(AssertFalse.java:36)
	at org.junit.jupiter.api.Assertions.assertFalse(Assertions.java:239)
	at org.purl.grammar.GrammarValidationTest.lambda$buildTest$1(GrammarValidationTest.java:231)
	at java.base/java.util.Optional.ifPresent(Optional.java:178)
	at java.base/java.util.ArrayList.forEach(ArrayList.java:1511)
	at java.base/java.util.ArrayList.forEach(ArrayList.java:1511)

org.purl.grammar.GrammarValidationTest.grammarTests -- Time elapsed: 0.001 s <<< FAILURE!
org.opentest4j.AssertionFailedError: [grammar.types.cocoapods-test.input.pkg:cocoapods/GoogleUtilities@7.5.2#NSData+zlib] Expected grammar to match: pkg:cocoapods/GoogleUtilities@7.5.2#NSData+zlib ==> expected: <true> but was: <false>
	at org.junit.jupiter.api.AssertionFailureBuilder.build(AssertionFailureBuilder.java:151)
	at org.junit.jupiter.api.AssertionFailureBuilder.buildAndThrow(AssertionFailureBuilder.java:132)
	at org.junit.jupiter.api.AssertTrue.failNotTrue(AssertTrue.java:63)
	at org.junit.jupiter.api.AssertTrue.assertTrue(AssertTrue.java:36)
	at org.junit.jupiter.api.Assertions.assertTrue(Assertions.java:214)
	at org.purl.grammar.GrammarValidationTest.lambda$buildTest$1(GrammarValidationTest.java:235)
	at java.base/java.util.Optional.ifPresent(Optional.java:178)
	at java.base/java.util.ArrayList.forEach(ArrayList.java:1511)
	at java.base/java.util.ArrayList.forEach(ArrayList.java:1511)

org.purl.grammar.GrammarValidationTest.grammarTests -- Time elapsed: 0 s <<< FAILURE!
org.opentest4j.AssertionFailedError: [grammar.types.cocoapods-test.input.pkg:cocoapods/GoogleUtilities@7.5.2#NSData+zlib[2]] Expected grammar to match: pkg:cocoapods/GoogleUtilities@7.5.2#NSData+zlib ==> expected: <true> but was: <false>
	at org.junit.jupiter.api.AssertionFailureBuilder.build(AssertionFailureBuilder.java:151)
	at org.junit.jupiter.api.AssertionFailureBuilder.buildAndThrow(AssertionFailureBuilder.java:132)
	at org.junit.jupiter.api.AssertTrue.failNotTrue(AssertTrue.java:63)
	at org.junit.jupiter.api.AssertTrue.assertTrue(AssertTrue.java:36)
	at org.junit.jupiter.api.Assertions.assertTrue(Assertions.java:214)
	at org.purl.grammar.GrammarValidationTest.lambda$buildTest$1(GrammarValidationTest.java:235)
	at java.base/java.util.Optional.ifPresent(Optional.java:178)
	at java.base/java.util.ArrayList.forEach(ArrayList.java:1511)
	at java.base/java.util.ArrayList.forEach(ArrayList.java:1511)

org.purl.grammar.GrammarValidationTest.grammarTests -- Time elapsed: 0.001 s <<< FAILURE!
org.opentest4j.AssertionFailedError: [grammar.types.cpan-test.input.pkg:cpan/LWP::UserAgent@6.7.6] Expected grammar NOT to match (expected_failure=true): pkg:cpan/LWP::UserAgent@6.7.6 ==> expected: <false> but was: <true>
	at org.junit.jupiter.api.AssertionFailureBuilder.build(AssertionFailureBuilder.java:151)
	at org.junit.jupiter.api.AssertionFailureBuilder.buildAndThrow(AssertionFailureBuilder.java:132)
	at org.junit.jupiter.api.AssertFalse.failNotFalse(AssertFalse.java:63)
	at org.junit.jupiter.api.AssertFalse.assertFalse(AssertFalse.java:36)
	at org.junit.jupiter.api.Assertions.assertFalse(Assertions.java:239)
	at org.purl.grammar.GrammarValidationTest.lambda$buildTest$1(GrammarValidationTest.java:231)
	at java.base/java.util.Optional.ifPresent(Optional.java:178)
	at java.base/java.util.ArrayList.forEach(ArrayList.java:1511)
	at java.base/java.util.ArrayList.forEach(ArrayList.java:1511)

org.purl.grammar.GrammarValidationTest.grammarTests -- Time elapsed: 0 s <<< FAILURE!
org.opentest4j.AssertionFailedError: [grammar.types.cpan-test.input.pkg:cpan/GDT/URI::PackageURL] Expected grammar NOT to match (expected_failure=true): pkg:cpan/GDT/URI::PackageURL ==> expected: <false> but was: <true>
	at org.junit.jupiter.api.AssertionFailureBuilder.build(AssertionFailureBuilder.java:151)
	at org.junit.jupiter.api.AssertionFailureBuilder.buildAndThrow(AssertionFailureBuilder.java:132)
	at org.junit.jupiter.api.AssertFalse.failNotFalse(AssertFalse.java:63)
	at org.junit.jupiter.api.AssertFalse.assertFalse(AssertFalse.java:36)
	at org.junit.jupiter.api.Assertions.assertFalse(Assertions.java:239)
	at org.purl.grammar.GrammarValidationTest.lambda$buildTest$1(GrammarValidationTest.java:231)
	at java.base/java.util.Optional.ifPresent(Optional.java:178)
	at java.base/java.util.ArrayList.forEach(ArrayList.java:1511)
	at java.base/java.util.ArrayList.forEach(ArrayList.java:1511)

org.purl.grammar.GrammarValidationTest.grammarTests -- Time elapsed: 0.001 s <<< FAILURE!
org.opentest4j.AssertionFailedError: [grammar.types.docker-test.input.pkg:docker/customer/dockerimage@sha256%3A244fd47e07d1004f0aed9c?repository_url=gcr.io] Expected grammar to match: pkg:docker/customer/dockerimage@sha256%3A244fd47e07d1004f0aed9c?repository_url=gcr.io ==> expected: <true> but was: <false>
	at org.junit.jupiter.api.AssertionFailureBuilder.build(AssertionFailureBuilder.java:151)
	at org.junit.jupiter.api.AssertionFailureBuilder.buildAndThrow(AssertionFailureBuilder.java:132)
	at org.junit.jupiter.api.AssertTrue.failNotTrue(AssertTrue.java:63)
	at org.junit.jupiter.api.AssertTrue.assertTrue(AssertTrue.java:36)
	at org.junit.jupiter.api.Assertions.assertTrue(Assertions.java:214)
	at org.purl.grammar.GrammarValidationTest.lambda$buildTest$1(GrammarValidationTest.java:235)
	at java.base/java.util.Optional.ifPresent(Optional.java:178)
	at java.base/java.util.ArrayList.forEach(ArrayList.java:1511)
	at java.base/java.util.ArrayList.forEach(ArrayList.java:1511)

org.purl.grammar.GrammarValidationTest.grammarTests -- Time elapsed: 0 s <<< FAILURE!
org.opentest4j.AssertionFailedError: [grammar.types.generic-test.input.pkg:generic/openssl@1.1.10g?download_url=https://openssl.org/source/openssl-1.1.0g.tar.gz&checksum=sha256:de4d501267da] Expected grammar to match: pkg:generic/openssl@1.1.10g?download_url=https://openssl.org/source/openssl-1.1.0g.tar.gz&checksum=sha256:de4d501267da ==> expected: <true> but was: <false>
	at org.junit.jupiter.api.AssertionFailureBuilder.build(AssertionFailureBuilder.java:151)
	at org.junit.jupiter.api.AssertionFailureBuilder.buildAndThrow(AssertionFailureBuilder.java:132)
	at org.junit.jupiter.api.AssertTrue.failNotTrue(AssertTrue.java:63)
	at org.junit.jupiter.api.AssertTrue.assertTrue(AssertTrue.java:36)
	at org.junit.jupiter.api.Assertions.assertTrue(Assertions.java:214)
	at org.purl.grammar.GrammarValidationTest.lambda$buildTest$1(GrammarValidationTest.java:235)
	at java.base/java.util.Optional.ifPresent(Optional.java:178)
	at java.base/java.util.ArrayList.forEach(ArrayList.java:1511)
	at java.base/java.util.ArrayList.forEach(ArrayList.java:1511)

org.purl.grammar.GrammarValidationTest.grammarTests -- Time elapsed: 0.001 s <<< FAILURE!
org.opentest4j.AssertionFailedError: [grammar.types.generic-test.input.pkg:generic/openssl@1.1.10g?download_url=https://openssl.org/source/openssl-1.1.0g.tar.gz&checksum=sha256:de4d501267da[2]] Expected grammar to match: pkg:generic/openssl@1.1.10g?download_url=https://openssl.org/source/openssl-1.1.0g.tar.gz&checksum=sha256:de4d501267da ==> expected: <true> but was: <false>
	at org.junit.jupiter.api.AssertionFailureBuilder.build(AssertionFailureBuilder.java:151)
	at org.junit.jupiter.api.AssertionFailureBuilder.buildAndThrow(AssertionFailureBuilder.java:132)
	at org.junit.jupiter.api.AssertTrue.failNotTrue(AssertTrue.java:63)
	at org.junit.jupiter.api.AssertTrue.assertTrue(AssertTrue.java:36)
	at org.junit.jupiter.api.Assertions.assertTrue(Assertions.java:214)
	at org.purl.grammar.GrammarValidationTest.lambda$buildTest$1(GrammarValidationTest.java:235)
	at java.base/java.util.Optional.ifPresent(Optional.java:178)
	at java.base/java.util.ArrayList.forEach(ArrayList.java:1511)
	at java.base/java.util.ArrayList.forEach(ArrayList.java:1511)

org.purl.grammar.GrammarValidationTest.grammarTests -- Time elapsed: 0 s <<< FAILURE!
org.opentest4j.AssertionFailedError: [grammar.types.generic-test.input.pkg:generic/bitwarderl?vcs_url=git%2Bhttps://git.fsfe.org/dxtr/bitwarderl%40cc55108da32] Expected grammar to match: pkg:generic/bitwarderl?vcs_url=git%2Bhttps://git.fsfe.org/dxtr/bitwarderl%40cc55108da32 ==> expected: <true> but was: <false>
	at org.junit.jupiter.api.AssertionFailureBuilder.build(AssertionFailureBuilder.java:151)
	at org.junit.jupiter.api.AssertionFailureBuilder.buildAndThrow(AssertionFailureBuilder.java:132)
	at org.junit.jupiter.api.AssertTrue.failNotTrue(AssertTrue.java:63)
	at org.junit.jupiter.api.AssertTrue.assertTrue(AssertTrue.java:36)
	at org.junit.jupiter.api.Assertions.assertTrue(Assertions.java:214)
	at org.purl.grammar.GrammarValidationTest.lambda$buildTest$1(GrammarValidationTest.java:235)
	at java.base/java.util.Optional.ifPresent(Optional.java:178)
	at java.base/java.util.ArrayList.forEach(ArrayList.java:1511)
	at java.base/java.util.ArrayList.forEach(ArrayList.java:1511)

org.purl.grammar.GrammarValidationTest.grammarTests -- Time elapsed: 0.001 s <<< FAILURE!
org.opentest4j.AssertionFailedError: [grammar.types.generic-test.input.pkg:generic/bitwarderl?vcs_url=git%2Bhttps://git.fsfe.org/dxtr/bitwarderl%40cc55108da32[2]] Expected grammar to match: pkg:generic/bitwarderl?vcs_url=git%2Bhttps://git.fsfe.org/dxtr/bitwarderl%40cc55108da32 ==> expected: <true> but was: <false>
	at org.junit.jupiter.api.AssertionFailureBuilder.build(AssertionFailureBuilder.java:151)
	at org.junit.jupiter.api.AssertionFailureBuilder.buildAndThrow(AssertionFailureBuilder.java:132)
	at org.junit.jupiter.api.AssertTrue.failNotTrue(AssertTrue.java:63)
	at org.junit.jupiter.api.AssertTrue.assertTrue(AssertTrue.java:36)
	at org.junit.jupiter.api.Assertions.assertTrue(Assertions.java:214)
	at org.purl.grammar.GrammarValidationTest.lambda$buildTest$1(GrammarValidationTest.java:235)
	at java.base/java.util.Optional.ifPresent(Optional.java:178)
	at java.base/java.util.ArrayList.forEach(ArrayList.java:1511)
	at java.base/java.util.ArrayList.forEach(ArrayList.java:1511)

org.purl.grammar.GrammarValidationTest.grammarTests -- Time elapsed: 0 s <<< FAILURE!
org.opentest4j.AssertionFailedError: [grammar.types.hex-test.input.pkg:hex/bar@1.2.3?repository_url=https://myrepo.example.com] Expected grammar to match: pkg:hex/bar@1.2.3?repository_url=https://myrepo.example.com ==> expected: <true> but was: <false>
	at org.junit.jupiter.api.AssertionFailureBuilder.build(AssertionFailureBuilder.java:151)
	at org.junit.jupiter.api.AssertionFailureBuilder.buildAndThrow(AssertionFailureBuilder.java:132)
	at org.junit.jupiter.api.AssertTrue.failNotTrue(AssertTrue.java:63)
	at org.junit.jupiter.api.AssertTrue.assertTrue(AssertTrue.java:36)
	at org.junit.jupiter.api.Assertions.assertTrue(Assertions.java:214)
	at org.purl.grammar.GrammarValidationTest.lambda$buildTest$1(GrammarValidationTest.java:235)
	at java.base/java.util.Optional.ifPresent(Optional.java:178)
	at java.base/java.util.ArrayList.forEach(ArrayList.java:1511)
	at java.base/java.util.ArrayList.forEach(ArrayList.java:1511)

org.purl.grammar.GrammarValidationTest.grammarTests -- Time elapsed: 0 s <<< FAILURE!
org.opentest4j.AssertionFailedError: [grammar.types.hex-test.input.pkg:hex/bar@1.2.3?repository_url=https://myrepo.example.com[2]] Expected grammar to match: pkg:hex/bar@1.2.3?repository_url=https://myrepo.example.com ==> expected: <true> but was: <false>
	at org.junit.jupiter.api.AssertionFailureBuilder.build(AssertionFailureBuilder.java:151)
	at org.junit.jupiter.api.AssertionFailureBuilder.buildAndThrow(AssertionFailureBuilder.java:132)
	at org.junit.jupiter.api.AssertTrue.failNotTrue(AssertTrue.java:63)
	at org.junit.jupiter.api.AssertTrue.assertTrue(AssertTrue.java:36)
	at org.junit.jupiter.api.Assertions.assertTrue(Assertions.java:214)
	at org.purl.grammar.GrammarValidationTest.lambda$buildTest$1(GrammarValidationTest.java:235)
	at java.base/java.util.Optional.ifPresent(Optional.java:178)
	at java.base/java.util.ArrayList.forEach(ArrayList.java:1511)
	at java.base/java.util.ArrayList.forEach(ArrayList.java:1511)

org.purl.grammar.GrammarValidationTest.grammarTests -- Time elapsed: 0 s <<< FAILURE!
org.opentest4j.AssertionFailedError: [grammar.types.huggingface-test.input.pkg:huggingface/microsoft/deberta-v3-base@559062ad13d311b87b2c455e67dcd5f1c8f65111?repository_url=https://hub-ci.huggingface.co] Expected grammar to match: pkg:huggingface/microsoft/deberta-v3-base@559062ad13d311b87b2c455e67dcd5f1c8f65111?repository_url=https://hub-ci.huggingface.co ==> expected: <true> but was: <false>
	at org.junit.jupiter.api.AssertionFailureBuilder.build(AssertionFailureBuilder.java:151)
	at org.junit.jupiter.api.AssertionFailureBuilder.buildAndThrow(AssertionFailureBuilder.java:132)
	at org.junit.jupiter.api.AssertTrue.failNotTrue(AssertTrue.java:63)
	at org.junit.jupiter.api.AssertTrue.assertTrue(AssertTrue.java:36)
	at org.junit.jupiter.api.Assertions.assertTrue(Assertions.java:214)
	at org.purl.grammar.GrammarValidationTest.lambda$buildTest$1(GrammarValidationTest.java:235)
	at java.base/java.util.Optional.ifPresent(Optional.java:178)
	at java.base/java.util.ArrayList.forEach(ArrayList.java:1511)
	at java.base/java.util.ArrayList.forEach(ArrayList.java:1511)

org.purl.grammar.GrammarValidationTest.grammarTests -- Time elapsed: 0 s <<< FAILURE!
org.opentest4j.AssertionFailedError: [grammar.types.huggingface-test.input.pkg:huggingface/microsoft/deberta-v3-base@559062ad13d311b87b2c455e67dcd5f1c8f65111?repository_url=https://hub-ci.huggingface.co[2]] Expected grammar to match: pkg:huggingface/microsoft/deberta-v3-base@559062ad13d311b87b2c455e67dcd5f1c8f65111?repository_url=https://hub-ci.huggingface.co ==> expected: <true> but was: <false>
	at org.junit.jupiter.api.AssertionFailureBuilder.build(AssertionFailureBuilder.java:151)
	at org.junit.jupiter.api.AssertionFailureBuilder.buildAndThrow(AssertionFailureBuilder.java:132)
	at org.junit.jupiter.api.AssertTrue.failNotTrue(AssertTrue.java:63)
	at org.junit.jupiter.api.AssertTrue.assertTrue(AssertTrue.java:36)
	at org.junit.jupiter.api.Assertions.assertTrue(Assertions.java:214)
	at org.purl.grammar.GrammarValidationTest.lambda$buildTest$1(GrammarValidationTest.java:235)
	at java.base/java.util.Optional.ifPresent(Optional.java:178)
	at java.base/java.util.ArrayList.forEach(ArrayList.java:1511)
	at java.base/java.util.ArrayList.forEach(ArrayList.java:1511)

org.purl.grammar.GrammarValidationTest.grammarTests -- Time elapsed: 0 s <<< FAILURE!
org.opentest4j.AssertionFailedError: [grammar.types.huggingface-test.input.pkg:huggingface/microsoft/deberta-v3-base@559062ad13d311b87b2c455e67dcd5f1c8f65111?repository_url=https://hub-ci.huggingface.co[3]] Expected grammar to match: pkg:huggingface/microsoft/deberta-v3-base@559062ad13d311b87b2c455e67dcd5f1c8f65111?repository_url=https://hub-ci.huggingface.co ==> expected: <true> but was: <false>
	at org.junit.jupiter.api.AssertionFailureBuilder.build(AssertionFailureBuilder.java:151)
	at org.junit.jupiter.api.AssertionFailureBuilder.buildAndThrow(AssertionFailureBuilder.java:132)
	at org.junit.jupiter.api.AssertTrue.failNotTrue(AssertTrue.java:63)
	at org.junit.jupiter.api.AssertTrue.assertTrue(AssertTrue.java:36)
	at org.junit.jupiter.api.Assertions.assertTrue(Assertions.java:214)
	at org.purl.grammar.GrammarValidationTest.lambda$buildTest$1(GrammarValidationTest.java:235)
	at java.base/java.util.Optional.ifPresent(Optional.java:178)
	at java.base/java.util.ArrayList.forEach(ArrayList.java:1511)
	at java.base/java.util.ArrayList.forEach(ArrayList.java:1511)

org.purl.grammar.GrammarValidationTest.grammarTests -- Time elapsed: 0.001 s <<< FAILURE!
org.opentest4j.AssertionFailedError: [grammar.types.huggingface-test.input.pkg:huggingface/microsoft/deberta-v3-base@559062ad13d311b87b2c455e67dcd5f1c8f65111?repository_url=https://hub-ci.huggingface.co[4]] Expected grammar to match: pkg:huggingface/microsoft/deberta-v3-base@559062ad13d311b87b2c455e67dcd5f1c8f65111?repository_url=https://hub-ci.huggingface.co ==> expected: <true> but was: <false>
	at org.junit.jupiter.api.AssertionFailureBuilder.build(AssertionFailureBuilder.java:151)
	at org.junit.jupiter.api.AssertionFailureBuilder.buildAndThrow(AssertionFailureBuilder.java:132)
	at org.junit.jupiter.api.AssertTrue.failNotTrue(AssertTrue.java:63)
	at org.junit.jupiter.api.AssertTrue.assertTrue(AssertTrue.java:36)
	at org.junit.jupiter.api.Assertions.assertTrue(Assertions.java:214)
	at org.purl.grammar.GrammarValidationTest.lambda$buildTest$1(GrammarValidationTest.java:235)
	at java.base/java.util.Optional.ifPresent(Optional.java:178)
	at java.base/java.util.ArrayList.forEach(ArrayList.java:1511)
	at java.base/java.util.ArrayList.forEach(ArrayList.java:1511)

org.purl.grammar.GrammarValidationTest.grammarTests -- Time elapsed: 0 s <<< FAILURE!
org.opentest4j.AssertionFailedError: [grammar.types.huggingface-test.input.pkg:huggingface/microsoft/deberta-v3-base@559062ad13d311b87b2c455e67dcd5f1c8f65111?repository_url=https://hub-ci.huggingface.co[5]] Expected grammar to match: pkg:huggingface/microsoft/deberta-v3-base@559062ad13d311b87b2c455e67dcd5f1c8f65111?repository_url=https://hub-ci.huggingface.co ==> expected: <true> but was: <false>
	at org.junit.jupiter.api.AssertionFailureBuilder.build(AssertionFailureBuilder.java:151)
	at org.junit.jupiter.api.AssertionFailureBuilder.buildAndThrow(AssertionFailureBuilder.java:132)
	at org.junit.jupiter.api.AssertTrue.failNotTrue(AssertTrue.java:63)
	at org.junit.jupiter.api.AssertTrue.assertTrue(AssertTrue.java:36)
	at org.junit.jupiter.api.Assertions.assertTrue(Assertions.java:214)
	at org.purl.grammar.GrammarValidationTest.lambda$buildTest$1(GrammarValidationTest.java:235)
	at java.base/java.util.Optional.ifPresent(Optional.java:178)
	at java.base/java.util.ArrayList.forEach(ArrayList.java:1511)
	at java.base/java.util.ArrayList.forEach(ArrayList.java:1511)

org.purl.grammar.GrammarValidationTest.grammarTests -- Time elapsed: 0.001 s <<< FAILURE!
org.opentest4j.AssertionFailedError: [grammar.types.julia-test.input.pkg:julia/RegisterQD@0.3.1?repository_url=https://github.com/HolyLab/HolyLabRegistry&uuid=ac24ea0c-1830-11e9-18d4-81f172323054] Expected grammar to match: pkg:julia/RegisterQD@0.3.1?repository_url=https://github.com/HolyLab/HolyLabRegistry&uuid=ac24ea0c-1830-11e9-18d4-81f172323054 ==> expected: <true> but was: <false>
	at org.junit.jupiter.api.AssertionFailureBuilder.build(AssertionFailureBuilder.java:151)
	at org.junit.jupiter.api.AssertionFailureBuilder.buildAndThrow(AssertionFailureBuilder.java:132)
	at org.junit.jupiter.api.AssertTrue.failNotTrue(AssertTrue.java:63)
	at org.junit.jupiter.api.AssertTrue.assertTrue(AssertTrue.java:36)
	at org.junit.jupiter.api.Assertions.assertTrue(Assertions.java:214)
	at org.purl.grammar.GrammarValidationTest.lambda$buildTest$1(GrammarValidationTest.java:235)
	at java.base/java.util.Optional.ifPresent(Optional.java:178)
	at java.base/java.util.ArrayList.forEach(ArrayList.java:1511)
	at java.base/java.util.ArrayList.forEach(ArrayList.java:1511)

org.purl.grammar.GrammarValidationTest.grammarTests -- Time elapsed: 0 s <<< FAILURE!
org.opentest4j.AssertionFailedError: [grammar.types.julia-test.input.pkg:julia/RegisterQD@0.3.1?repository_url=https://github.com/HolyLab/HolyLabRegistry&uuid=ac24ea0c-1830-11e9-18d4-81f172323054[2]] Expected grammar to match: pkg:julia/RegisterQD@0.3.1?repository_url=https://github.com/HolyLab/HolyLabRegistry&uuid=ac24ea0c-1830-11e9-18d4-81f172323054 ==> expected: <true> but was: <false>
	at org.junit.jupiter.api.AssertionFailureBuilder.build(AssertionFailureBuilder.java:151)
	at org.junit.jupiter.api.AssertionFailureBuilder.buildAndThrow(AssertionFailureBuilder.java:132)
	at org.junit.jupiter.api.AssertTrue.failNotTrue(AssertTrue.java:63)
	at org.junit.jupiter.api.AssertTrue.assertTrue(AssertTrue.java:36)
	at org.junit.jupiter.api.Assertions.assertTrue(Assertions.java:214)
	at org.purl.grammar.GrammarValidationTest.lambda$buildTest$1(GrammarValidationTest.java:235)
	at java.base/java.util.Optional.ifPresent(Optional.java:178)
	at java.base/java.util.ArrayList.forEach(ArrayList.java:1511)
	at java.base/java.util.ArrayList.forEach(ArrayList.java:1511)

org.purl.grammar.GrammarValidationTest.grammarTests -- Time elapsed: 0 s <<< FAILURE!
org.opentest4j.AssertionFailedError: [grammar.types.julia-test.input.pkg:julia/Dates] Expected grammar NOT to match (expected_failure=true): pkg:julia/Dates ==> expected: <false> but was: <true>
	at org.junit.jupiter.api.AssertionFailureBuilder.build(AssertionFailureBuilder.java:151)
	at org.junit.jupiter.api.AssertionFailureBuilder.buildAndThrow(AssertionFailureBuilder.java:132)
	at org.junit.jupiter.api.AssertFalse.failNotFalse(AssertFalse.java:63)
	at org.junit.jupiter.api.AssertFalse.assertFalse(AssertFalse.java:36)
	at org.junit.jupiter.api.Assertions.assertFalse(Assertions.java:239)
	at org.purl.grammar.GrammarValidationTest.lambda$buildTest$1(GrammarValidationTest.java:231)
	at java.base/java.util.Optional.ifPresent(Optional.java:178)
	at java.base/java.util.ArrayList.forEach(ArrayList.java:1511)
	at java.base/java.util.ArrayList.forEach(ArrayList.java:1511)

org.purl.grammar.GrammarValidationTest.grammarTests -- Time elapsed: 0 s <<< FAILURE!
org.opentest4j.AssertionFailedError: [grammar.types.luarocks-test.input.pkg:luarocks/username/packagename@0.1.0-1?repository_url=https://example.com/private_rocks_server/] Expected grammar to match: pkg:luarocks/username/packagename@0.1.0-1?repository_url=https://example.com/private_rocks_server/ ==> expected: <true> but was: <false>
	at org.junit.jupiter.api.AssertionFailureBuilder.build(AssertionFailureBuilder.java:151)
	at org.junit.jupiter.api.AssertionFailureBuilder.buildAndThrow(AssertionFailureBuilder.java:132)
	at org.junit.jupiter.api.AssertTrue.failNotTrue(AssertTrue.java:63)
	at org.junit.jupiter.api.AssertTrue.assertTrue(AssertTrue.java:36)
	at org.junit.jupiter.api.Assertions.assertTrue(Assertions.java:214)
	at org.purl.grammar.GrammarValidationTest.lambda$buildTest$1(GrammarValidationTest.java:235)
	at java.base/java.util.Optional.ifPresent(Optional.java:178)
	at java.base/java.util.ArrayList.forEach(ArrayList.java:1511)
	at java.base/java.util.ArrayList.forEach(ArrayList.java:1511)

org.purl.grammar.GrammarValidationTest.grammarTests -- Time elapsed: 0.001 s <<< FAILURE!
org.opentest4j.AssertionFailedError: [grammar.types.luarocks-test.input.pkg:luarocks/username/packagename@0.1.0-1?repository_url=https://example.com/private_rocks_server/[2]] Expected grammar to match: pkg:luarocks/username/packagename@0.1.0-1?repository_url=https://example.com/private_rocks_server/ ==> expected: <true> but was: <false>
	at org.junit.jupiter.api.AssertionFailureBuilder.build(AssertionFailureBuilder.java:151)
	at org.junit.jupiter.api.AssertionFailureBuilder.buildAndThrow(AssertionFailureBuilder.java:132)
	at org.junit.jupiter.api.AssertTrue.failNotTrue(AssertTrue.java:63)
	at org.junit.jupiter.api.AssertTrue.assertTrue(AssertTrue.java:36)
	at org.junit.jupiter.api.Assertions.assertTrue(Assertions.java:214)
	at org.purl.grammar.GrammarValidationTest.lambda$buildTest$1(GrammarValidationTest.java:235)
	at java.base/java.util.Optional.ifPresent(Optional.java:178)
	at java.base/java.util.ArrayList.forEach(ArrayList.java:1511)
	at java.base/java.util.ArrayList.forEach(ArrayList.java:1511)

org.purl.grammar.GrammarValidationTest.grammarTests -- Time elapsed: 0 s <<< FAILURE!
org.opentest4j.AssertionFailedError: [grammar.types.maven-test.input.pkg:Maven/org.apache.xmlgraphics/batik-anim@1.9.1?classifier=sources&repositorY_url=https://repo.spring.io/release] Expected grammar to match: pkg:Maven/org.apache.xmlgraphics/batik-anim@1.9.1?classifier=sources&repositorY_url=https://repo.spring.io/release ==> expected: <true> but was: <false>
	at org.junit.jupiter.api.AssertionFailureBuilder.build(AssertionFailureBuilder.java:151)
	at org.junit.jupiter.api.AssertionFailureBuilder.buildAndThrow(AssertionFailureBuilder.java:132)
	at org.junit.jupiter.api.AssertTrue.failNotTrue(AssertTrue.java:63)
	at org.junit.jupiter.api.AssertTrue.assertTrue(AssertTrue.java:36)
	at org.junit.jupiter.api.Assertions.assertTrue(Assertions.java:214)
	at org.purl.grammar.GrammarValidationTest.lambda$buildTest$1(GrammarValidationTest.java:235)
	at java.base/java.util.Optional.ifPresent(Optional.java:178)
	at java.base/java.util.ArrayList.forEach(ArrayList.java:1511)
	at java.base/java.util.ArrayList.forEach(ArrayList.java:1511)

org.purl.grammar.GrammarValidationTest.grammarTests -- Time elapsed: 0.001 s <<< FAILURE!
org.opentest4j.AssertionFailedError: [grammar.types.maven-test.input.pkg:Maven/org.apache.xmlgraphics/batik-anim@1.9.1?classifier=sources&repositorY_url=https://repo.spring.io/release[2]] Expected grammar to match: pkg:Maven/org.apache.xmlgraphics/batik-anim@1.9.1?classifier=sources&repositorY_url=https://repo.spring.io/release ==> expected: <true> but was: <false>
	at org.junit.jupiter.api.AssertionFailureBuilder.build(AssertionFailureBuilder.java:151)
	at org.junit.jupiter.api.AssertionFailureBuilder.buildAndThrow(AssertionFailureBuilder.java:132)
	at org.junit.jupiter.api.AssertTrue.failNotTrue(AssertTrue.java:63)
	at org.junit.jupiter.api.AssertTrue.assertTrue(AssertTrue.java:36)
	at org.junit.jupiter.api.Assertions.assertTrue(Assertions.java:214)
	at org.purl.grammar.GrammarValidationTest.lambda$buildTest$1(GrammarValidationTest.java:235)
	at java.base/java.util.Optional.ifPresent(Optional.java:178)
	at java.base/java.util.ArrayList.forEach(ArrayList.java:1511)
	at java.base/java.util.ArrayList.forEach(ArrayList.java:1511)

org.purl.grammar.GrammarValidationTest.grammarTests -- Time elapsed: 0 s <<< FAILURE!
org.opentest4j.AssertionFailedError: [grammar.types.maven-test.input.pkg:maven/org.apache.xmlgraphics/batik-anim@1.9.1?classifier=sources&repository_url=repo.spring.io/release] Expected grammar to match: pkg:maven/org.apache.xmlgraphics/batik-anim@1.9.1?classifier=sources&repository_url=repo.spring.io/release ==> expected: <true> but was: <false>
	at org.junit.jupiter.api.AssertionFailureBuilder.build(AssertionFailureBuilder.java:151)
	at org.junit.jupiter.api.AssertionFailureBuilder.buildAndThrow(AssertionFailureBuilder.java:132)
	at org.junit.jupiter.api.AssertTrue.failNotTrue(AssertTrue.java:63)
	at org.junit.jupiter.api.AssertTrue.assertTrue(AssertTrue.java:36)
	at org.junit.jupiter.api.Assertions.assertTrue(Assertions.java:214)
	at org.purl.grammar.GrammarValidationTest.lambda$buildTest$1(GrammarValidationTest.java:235)
	at java.base/java.util.Optional.ifPresent(Optional.java:178)
	at java.base/java.util.ArrayList.forEach(ArrayList.java:1511)
	at java.base/java.util.ArrayList.forEach(ArrayList.java:1511)

org.purl.grammar.GrammarValidationTest.grammarTests -- Time elapsed: 0.001 s <<< FAILURE!
org.opentest4j.AssertionFailedError: [grammar.types.maven-test.input.pkg:Maven/org.apache.xmlgraphics/batik-anim@1.9.1?type=pom&repositorY_url=repo.spring.io/release] Expected grammar to match: pkg:Maven/org.apache.xmlgraphics/batik-anim@1.9.1?type=pom&repositorY_url=repo.spring.io/release ==> expected: <true> but was: <false>
	at org.junit.jupiter.api.AssertionFailureBuilder.build(AssertionFailureBuilder.java:151)
	at org.junit.jupiter.api.AssertionFailureBuilder.buildAndThrow(AssertionFailureBuilder.java:132)
	at org.junit.jupiter.api.AssertTrue.failNotTrue(AssertTrue.java:63)
	at org.junit.jupiter.api.AssertTrue.assertTrue(AssertTrue.java:36)
	at org.junit.jupiter.api.Assertions.assertTrue(Assertions.java:214)
	at org.purl.grammar.GrammarValidationTest.lambda$buildTest$1(GrammarValidationTest.java:235)
	at java.base/java.util.Optional.ifPresent(Optional.java:178)
	at java.base/java.util.ArrayList.forEach(ArrayList.java:1511)
	at java.base/java.util.ArrayList.forEach(ArrayList.java:1511)

org.purl.grammar.GrammarValidationTest.grammarTests -- Time elapsed: 0.001 s <<< FAILURE!
org.opentest4j.AssertionFailedError: [grammar.types.maven-test.input.pkg:Maven/org.apache.xmlgraphics/batik-anim@1.9.1?type=pom&repositorY_url=repo.spring.io/release[2]] Expected grammar to match: pkg:Maven/org.apache.xmlgraphics/batik-anim@1.9.1?type=pom&repositorY_url=repo.spring.io/release ==> expected: <true> but was: <false>
	at org.junit.jupiter.api.AssertionFailureBuilder.build(AssertionFailureBuilder.java:151)
	at org.junit.jupiter.api.AssertionFailureBuilder.buildAndThrow(AssertionFailureBuilder.java:132)
	at org.junit.jupiter.api.AssertTrue.failNotTrue(AssertTrue.java:63)
	at org.junit.jupiter.api.AssertTrue.assertTrue(AssertTrue.java:36)
	at org.junit.jupiter.api.Assertions.assertTrue(Assertions.java:214)
	at org.purl.grammar.GrammarValidationTest.lambda$buildTest$1(GrammarValidationTest.java:235)
	at java.base/java.util.Optional.ifPresent(Optional.java:178)
	at java.base/java.util.ArrayList.forEach(ArrayList.java:1511)
	at java.base/java.util.ArrayList.forEach(ArrayList.java:1511)

org.purl.grammar.GrammarValidationTest.grammarTests -- Time elapsed: 0.001 s <<< FAILURE!
org.opentest4j.AssertionFailedError: [grammar.types.maven-test.input.pkg:maven/org.apache.xmlgraphics/batik-anim@1.9.1?type=war&repository_url=https://repo.spring.io/release] Expected grammar to match: pkg:maven/org.apache.xmlgraphics/batik-anim@1.9.1?type=war&repository_url=https://repo.spring.io/release ==> expected: <true> but was: <false>
	at org.junit.jupiter.api.AssertionFailureBuilder.build(AssertionFailureBuilder.java:151)
	at org.junit.jupiter.api.AssertionFailureBuilder.buildAndThrow(AssertionFailureBuilder.java:132)
	at org.junit.jupiter.api.AssertTrue.failNotTrue(AssertTrue.java:63)
	at org.junit.jupiter.api.AssertTrue.assertTrue(AssertTrue.java:36)
	at org.junit.jupiter.api.Assertions.assertTrue(Assertions.java:214)
	at org.purl.grammar.GrammarValidationTest.lambda$buildTest$1(GrammarValidationTest.java:235)
	at java.base/java.util.Optional.ifPresent(Optional.java:178)
	at java.base/java.util.ArrayList.forEach(ArrayList.java:1511)
	at java.base/java.util.ArrayList.forEach(ArrayList.java:1511)

org.purl.grammar.GrammarValidationTest.grammarTests -- Time elapsed: 0.001 s <<< FAILURE!
org.opentest4j.AssertionFailedError: [grammar.types.maven-test.input.pkg:maven/groovy/groovy@1.0?repository_url=https://maven.google.com] Expected grammar to match: pkg:maven/groovy/groovy@1.0?repository_url=https://maven.google.com ==> expected: <true> but was: <false>
	at org.junit.jupiter.api.AssertionFailureBuilder.build(AssertionFailureBuilder.java:151)
	at org.junit.jupiter.api.AssertionFailureBuilder.buildAndThrow(AssertionFailureBuilder.java:132)
	at org.junit.jupiter.api.AssertTrue.failNotTrue(AssertTrue.java:63)
	at org.junit.jupiter.api.AssertTrue.assertTrue(AssertTrue.java:36)
	at org.junit.jupiter.api.Assertions.assertTrue(Assertions.java:214)
	at org.purl.grammar.GrammarValidationTest.lambda$buildTest$1(GrammarValidationTest.java:235)
	at java.base/java.util.Optional.ifPresent(Optional.java:178)
	at java.base/java.util.ArrayList.forEach(ArrayList.java:1511)
	at java.base/java.util.ArrayList.forEach(ArrayList.java:1511)

org.purl.grammar.GrammarValidationTest.grammarTests -- Time elapsed: 0 s <<< FAILURE!
org.opentest4j.AssertionFailedError: [grammar.types.maven-test.input.pkg:maven/groovy/groovy@1.0?repository_url=https://maven.google.com[2]] Expected grammar to match: pkg:maven/groovy/groovy@1.0?repository_url=https://maven.google.com ==> expected: <true> but was: <false>
	at org.junit.jupiter.api.AssertionFailureBuilder.build(AssertionFailureBuilder.java:151)
	at org.junit.jupiter.api.AssertionFailureBuilder.buildAndThrow(AssertionFailureBuilder.java:132)
	at org.junit.jupiter.api.AssertTrue.failNotTrue(AssertTrue.java:63)
	at org.junit.jupiter.api.AssertTrue.assertTrue(AssertTrue.java:36)
	at org.junit.jupiter.api.Assertions.assertTrue(Assertions.java:214)
	at org.purl.grammar.GrammarValidationTest.lambda$buildTest$1(GrammarValidationTest.java:235)
	at java.base/java.util.Optional.ifPresent(Optional.java:178)
	at java.base/java.util.ArrayList.forEach(ArrayList.java:1511)
	at java.base/java.util.ArrayList.forEach(ArrayList.java:1511)

org.purl.grammar.GrammarValidationTest.grammarTests -- Time elapsed: 0.001 s <<< FAILURE!
org.opentest4j.AssertionFailedError: [grammar.types.mlflow-test.input.pkg:mlflow/CreditFraud@3?repository_url=https://adb-5245952564735461.0.azuredatabricks.net/api/2.0/mlflow] Expected grammar to match: pkg:mlflow/CreditFraud@3?repository_url=https://adb-5245952564735461.0.azuredatabricks.net/api/2.0/mlflow ==> expected: <true> but was: <false>
	at org.junit.jupiter.api.AssertionFailureBuilder.build(AssertionFailureBuilder.java:151)
	at org.junit.jupiter.api.AssertionFailureBuilder.buildAndThrow(AssertionFailureBuilder.java:132)
	at org.junit.jupiter.api.AssertTrue.failNotTrue(AssertTrue.java:63)
	at org.junit.jupiter.api.AssertTrue.assertTrue(AssertTrue.java:36)
	at org.junit.jupiter.api.Assertions.assertTrue(Assertions.java:214)
	at org.purl.grammar.GrammarValidationTest.lambda$buildTest$1(GrammarValidationTest.java:235)
	at java.base/java.util.Optional.ifPresent(Optional.java:178)
	at java.base/java.util.ArrayList.forEach(ArrayList.java:1511)
	at java.base/java.util.ArrayList.forEach(ArrayList.java:1511)

org.purl.grammar.GrammarValidationTest.grammarTests -- Time elapsed: 0.001 s <<< FAILURE!
org.opentest4j.AssertionFailedError: [grammar.types.mlflow-test.input.pkg:mlflow/CreditFraud@3?repository_url=https://adb-5245952564735461.0.azuredatabricks.net/api/2.0/mlflow[2]] Expected grammar to match: pkg:mlflow/CreditFraud@3?repository_url=https://adb-5245952564735461.0.azuredatabricks.net/api/2.0/mlflow ==> expected: <true> but was: <false>
	at org.junit.jupiter.api.AssertionFailureBuilder.build(AssertionFailureBuilder.java:151)
	at org.junit.jupiter.api.AssertionFailureBuilder.buildAndThrow(AssertionFailureBuilder.java:132)
	at org.junit.jupiter.api.AssertTrue.failNotTrue(AssertTrue.java:63)
	at org.junit.jupiter.api.AssertTrue.assertTrue(AssertTrue.java:36)
	at org.junit.jupiter.api.Assertions.assertTrue(Assertions.java:214)
	at org.purl.grammar.GrammarValidationTest.lambda$buildTest$1(GrammarValidationTest.java:235)
	at java.base/java.util.Optional.ifPresent(Optional.java:178)
	at java.base/java.util.ArrayList.forEach(ArrayList.java:1511)
	at java.base/java.util.ArrayList.forEach(ArrayList.java:1511)

org.purl.grammar.GrammarValidationTest.grammarTests -- Time elapsed: 0.001 s <<< FAILURE!
org.opentest4j.AssertionFailedError: [grammar.types.mlflow-test.input.pkg:mlflow/creditfraud@3?repository_url=https://adb-5245952564735461.0.azuredatabricks.net/api/2.0/mlflow] Expected grammar to match: pkg:mlflow/creditfraud@3?repository_url=https://adb-5245952564735461.0.azuredatabricks.net/api/2.0/mlflow ==> expected: <true> but was: <false>
	at org.junit.jupiter.api.AssertionFailureBuilder.build(AssertionFailureBuilder.java:151)
	at org.junit.jupiter.api.AssertionFailureBuilder.buildAndThrow(AssertionFailureBuilder.java:132)
	at org.junit.jupiter.api.AssertTrue.failNotTrue(AssertTrue.java:63)
	at org.junit.jupiter.api.AssertTrue.assertTrue(AssertTrue.java:36)
	at org.junit.jupiter.api.Assertions.assertTrue(Assertions.java:214)
	at org.purl.grammar.GrammarValidationTest.lambda$buildTest$1(GrammarValidationTest.java:235)
	at java.base/java.util.Optional.ifPresent(Optional.java:178)
	at java.base/java.util.ArrayList.forEach(ArrayList.java:1511)
	at java.base/java.util.ArrayList.forEach(ArrayList.java:1511)

org.purl.grammar.GrammarValidationTest.grammarTests -- Time elapsed: 0.001 s <<< FAILURE!
org.opentest4j.AssertionFailedError: [grammar.types.mlflow-test.input.pkg:mlflow/CreditFraud@3?repository_url=https://westus2.api.azureml.ms/mlflow/v1.0/subscriptions/a50f2011-fab8-4164-af23-c62881ef8c95/resourceGroups/TestResourceGroup/providers/Microsoft.MachineLearningServices/workspaces/TestWorkspace] Expected grammar to match: pkg:mlflow/CreditFraud@3?repository_url=https://westus2.api.azureml.ms/mlflow/v1.0/subscriptions/a50f2011-fab8-4164-af23-c62881ef8c95/resourceGroups/TestResourceGroup/providers/Microsoft.MachineLearningServices/workspaces/TestWorkspace ==> expected: <true> but was: <false>
	at org.junit.jupiter.api.AssertionFailureBuilder.build(AssertionFailureBuilder.java:151)
	at org.junit.jupiter.api.AssertionFailureBuilder.buildAndThrow(AssertionFailureBuilder.java:132)
	at org.junit.jupiter.api.AssertTrue.failNotTrue(AssertTrue.java:63)
	at org.junit.jupiter.api.AssertTrue.assertTrue(AssertTrue.java:36)
	at org.junit.jupiter.api.Assertions.assertTrue(Assertions.java:214)
	at org.purl.grammar.GrammarValidationTest.lambda$buildTest$1(GrammarValidationTest.java:235)
	at java.base/java.util.Optional.ifPresent(Optional.java:178)
	at java.base/java.util.ArrayList.forEach(ArrayList.java:1511)
	at java.base/java.util.ArrayList.forEach(ArrayList.java:1511)

org.purl.grammar.GrammarValidationTest.grammarTests -- Time elapsed: 0.001 s <<< FAILURE!
org.opentest4j.AssertionFailedError: [grammar.types.mlflow-test.input.pkg:mlflow/CreditFraud@3?repository_url=https://westus2.api.azureml.ms/mlflow/v1.0/subscriptions/a50f2011-fab8-4164-af23-c62881ef8c95/resourceGroups/TestResourceGroup/providers/Microsoft.MachineLearningServices/workspaces/TestWorkspace[2]] Expected grammar to match: pkg:mlflow/CreditFraud@3?repository_url=https://westus2.api.azureml.ms/mlflow/v1.0/subscriptions/a50f2011-fab8-4164-af23-c62881ef8c95/resourceGroups/TestResourceGroup/providers/Microsoft.MachineLearningServices/workspaces/TestWorkspace ==> expected: <true> but was: <false>
	at org.junit.jupiter.api.AssertionFailureBuilder.build(AssertionFailureBuilder.java:151)
	at org.junit.jupiter.api.AssertionFailureBuilder.buildAndThrow(AssertionFailureBuilder.java:132)
	at org.junit.jupiter.api.AssertTrue.failNotTrue(AssertTrue.java:63)
	at org.junit.jupiter.api.AssertTrue.assertTrue(AssertTrue.java:36)
	at org.junit.jupiter.api.Assertions.assertTrue(Assertions.java:214)
	at org.purl.grammar.GrammarValidationTest.lambda$buildTest$1(GrammarValidationTest.java:235)
	at java.base/java.util.Optional.ifPresent(Optional.java:178)
	at java.base/java.util.ArrayList.forEach(ArrayList.java:1511)
	at java.base/java.util.ArrayList.forEach(ArrayList.java:1511)

org.purl.grammar.GrammarValidationTest.grammarTests -- Time elapsed: 0.001 s <<< FAILURE!
org.opentest4j.AssertionFailedError: [grammar.types.mlflow-test.input.pkg:mlflow/CreditFraud@3?repository_url=https://westus2.api.azureml.ms/mlflow/v1.0/subscriptions/a50f2011-fab8-4164-af23-c62881ef8c95/resourceGroups/TestResourceGroup/providers/Microsoft.MachineLearningServices/workspaces/TestWorkspace[3]] Expected grammar to match: pkg:mlflow/CreditFraud@3?repository_url=https://westus2.api.azureml.ms/mlflow/v1.0/subscriptions/a50f2011-fab8-4164-af23-c62881ef8c95/resourceGroups/TestResourceGroup/providers/Microsoft.MachineLearningServices/workspaces/TestWorkspace ==> expected: <true> but was: <false>
	at org.junit.jupiter.api.AssertionFailureBuilder.build(AssertionFailureBuilder.java:151)
	at org.junit.jupiter.api.AssertionFailureBuilder.buildAndThrow(AssertionFailureBuilder.java:132)
	at org.junit.jupiter.api.AssertTrue.failNotTrue(AssertTrue.java:63)
	at org.junit.jupiter.api.AssertTrue.assertTrue(AssertTrue.java:36)
	at org.junit.jupiter.api.Assertions.assertTrue(Assertions.java:214)
	at org.purl.grammar.GrammarValidationTest.lambda$buildTest$1(GrammarValidationTest.java:235)
	at java.base/java.util.Optional.ifPresent(Optional.java:178)
	at java.base/java.util.ArrayList.forEach(ArrayList.java:1511)
	at java.base/java.util.ArrayList.forEach(ArrayList.java:1511)

org.purl.grammar.GrammarValidationTest.grammarTests -- Time elapsed: 0 s <<< FAILURE!
org.opentest4j.AssertionFailedError: [grammar.types.mlflow-test.input.pkg:mlflow/trafficsigns@10?model_uuid=36233173b22f4c89b451f1228d700d49&run_id=410a3121-2709-4f88-98dd-dba0ef056b0a&repository_url=https://adb-5245952564735461.0.azuredatabricks.net/api/2.0/mlflow] Expected grammar to match: pkg:mlflow/trafficsigns@10?model_uuid=36233173b22f4c89b451f1228d700d49&run_id=410a3121-2709-4f88-98dd-dba0ef056b0a&repository_url=https://adb-5245952564735461.0.azuredatabricks.net/api/2.0/mlflow ==> expected: <true> but was: <false>
	at org.junit.jupiter.api.AssertionFailureBuilder.build(AssertionFailureBuilder.java:151)
	at org.junit.jupiter.api.AssertionFailureBuilder.buildAndThrow(AssertionFailureBuilder.java:132)
	at org.junit.jupiter.api.AssertTrue.failNotTrue(AssertTrue.java:63)
	at org.junit.jupiter.api.AssertTrue.assertTrue(AssertTrue.java:36)
	at org.junit.jupiter.api.Assertions.assertTrue(Assertions.java:214)
	at org.purl.grammar.GrammarValidationTest.lambda$buildTest$1(GrammarValidationTest.java:235)
	at java.base/java.util.Optional.ifPresent(Optional.java:178)
	at java.base/java.util.ArrayList.forEach(ArrayList.java:1511)
	at java.base/java.util.ArrayList.forEach(ArrayList.java:1511)

org.purl.grammar.GrammarValidationTest.grammarTests -- Time elapsed: 0.001 s <<< FAILURE!
org.opentest4j.AssertionFailedError: [grammar.types.mlflow-test.input.pkg:mlflow/trafficsigns@10?model_uuid=36233173b22f4c89b451f1228d700d49&run_id=410a3121-2709-4f88-98dd-dba0ef056b0a&repository_url=https://adb-5245952564735461.0.azuredatabricks.net/api/2.0/mlflow[2]] Expected grammar to match: pkg:mlflow/trafficsigns@10?model_uuid=36233173b22f4c89b451f1228d700d49&run_id=410a3121-2709-4f88-98dd-dba0ef056b0a&repository_url=https://adb-5245952564735461.0.azuredatabricks.net/api/2.0/mlflow ==> expected: <true> but was: <false>
	at org.junit.jupiter.api.AssertionFailureBuilder.build(AssertionFailureBuilder.java:151)
	at org.junit.jupiter.api.AssertionFailureBuilder.buildAndThrow(AssertionFailureBuilder.java:132)
	at org.junit.jupiter.api.AssertTrue.failNotTrue(AssertTrue.java:63)
	at org.junit.jupiter.api.AssertTrue.assertTrue(AssertTrue.java:36)
	at org.junit.jupiter.api.Assertions.assertTrue(Assertions.java:214)
	at org.purl.grammar.GrammarValidationTest.lambda$buildTest$1(GrammarValidationTest.java:235)
	at java.base/java.util.Optional.ifPresent(Optional.java:178)
	at java.base/java.util.ArrayList.forEach(ArrayList.java:1511)
	at java.base/java.util.ArrayList.forEach(ArrayList.java:1511)

org.purl.grammar.GrammarValidationTest.grammarTests -- Time elapsed: 0 s <<< FAILURE!
org.opentest4j.AssertionFailedError: [grammar.types.mlflow-test.input.pkg:mlflow/trafficsigns@10?model_uuid=36233173b22f4c89b451f1228d700d49&repository_url=https://adb-5245952564735461.0.azuredatabricks.net/api/2.0/mlflow&run_id=410a3121-2709-4f88-98dd-dba0ef056b0a] Expected grammar to match: pkg:mlflow/trafficsigns@10?model_uuid=36233173b22f4c89b451f1228d700d49&repository_url=https://adb-5245952564735461.0.azuredatabricks.net/api/2.0/mlflow&run_id=410a3121-2709-4f88-98dd-dba0ef056b0a ==> expected: <true> but was: <false>
	at org.junit.jupiter.api.AssertionFailureBuilder.build(AssertionFailureBuilder.java:151)
	at org.junit.jupiter.api.AssertionFailureBuilder.buildAndThrow(AssertionFailureBuilder.java:132)
	at org.junit.jupiter.api.AssertTrue.failNotTrue(AssertTrue.java:63)
	at org.junit.jupiter.api.AssertTrue.assertTrue(AssertTrue.java:36)
	at org.junit.jupiter.api.Assertions.assertTrue(Assertions.java:214)
	at org.purl.grammar.GrammarValidationTest.lambda$buildTest$1(GrammarValidationTest.java:235)
	at java.base/java.util.Optional.ifPresent(Optional.java:178)
	at java.base/java.util.ArrayList.forEach(ArrayList.java:1511)
	at java.base/java.util.ArrayList.forEach(ArrayList.java:1511)

org.purl.grammar.GrammarValidationTest.grammarTests -- Time elapsed: 0 s <<< FAILURE!
org.opentest4j.AssertionFailedError: [grammar.types.mlflow-test.input.pkg:mlflow/creditfraud@3?repository_url=https://westus2.api.azureml.ms/mlflow/v1.0/subscriptions/a50f2011-fab8-4164-af23-c62881ef8c95/resourceGroups/TestResourceGroup/providers/Microsoft.MachineLearningServices/workspaces/TestWorkspace] Expected grammar to match: pkg:mlflow/creditfraud@3?repository_url=https://westus2.api.azureml.ms/mlflow/v1.0/subscriptions/a50f2011-fab8-4164-af23-c62881ef8c95/resourceGroups/TestResourceGroup/providers/Microsoft.MachineLearningServices/workspaces/TestWorkspace ==> expected: <true> but was: <false>
	at org.junit.jupiter.api.AssertionFailureBuilder.build(AssertionFailureBuilder.java:151)
	at org.junit.jupiter.api.AssertionFailureBuilder.buildAndThrow(AssertionFailureBuilder.java:132)
	at org.junit.jupiter.api.AssertTrue.failNotTrue(AssertTrue.java:63)
	at org.junit.jupiter.api.AssertTrue.assertTrue(AssertTrue.java:36)
	at org.junit.jupiter.api.Assertions.assertTrue(Assertions.java:214)
	at org.purl.grammar.GrammarValidationTest.lambda$buildTest$1(GrammarValidationTest.java:235)
	at java.base/java.util.Optional.ifPresent(Optional.java:178)
	at java.base/java.util.ArrayList.forEach(ArrayList.java:1511)
	at java.base/java.util.ArrayList.forEach(ArrayList.java:1511)

org.purl.grammar.GrammarValidationTest.grammarTests -- Time elapsed: 0.001 s <<< FAILURE!
org.opentest4j.AssertionFailedError: [grammar.types.mlflow-test.input.pkg:mlflow/creditfraud@3?repository_url=https://westus2.api.azureml.ms/mlflow/v1.0/subscriptions/a50f2011-fab8-4164-af23-c62881ef8c95/resourceGroups/TestResourceGroup/providers/Microsoft.MachineLearningServices/workspaces/TestWorkspace[2]] Expected grammar to match: pkg:mlflow/creditfraud@3?repository_url=https://westus2.api.azureml.ms/mlflow/v1.0/subscriptions/a50f2011-fab8-4164-af23-c62881ef8c95/resourceGroups/TestResourceGroup/providers/Microsoft.MachineLearningServices/workspaces/TestWorkspace ==> expected: <true> but was: <false>
	at org.junit.jupiter.api.AssertionFailureBuilder.build(AssertionFailureBuilder.java:151)
	at org.junit.jupiter.api.AssertionFailureBuilder.buildAndThrow(AssertionFailureBuilder.java:132)
	at org.junit.jupiter.api.AssertTrue.failNotTrue(AssertTrue.java:63)
	at org.junit.jupiter.api.AssertTrue.assertTrue(AssertTrue.java:36)
	at org.junit.jupiter.api.Assertions.assertTrue(Assertions.java:214)
	at org.purl.grammar.GrammarValidationTest.lambda$buildTest$1(GrammarValidationTest.java:235)
	at java.base/java.util.Optional.ifPresent(Optional.java:178)
	at java.base/java.util.ArrayList.forEach(ArrayList.java:1511)
	at java.base/java.util.ArrayList.forEach(ArrayList.java:1511)

org.purl.grammar.GrammarValidationTest.grammarTests -- Time elapsed: 0.001 s <<< FAILURE!
org.opentest4j.AssertionFailedError: [grammar.types.mlflow-test.input.pkg:mlflow/trafficsigns@10?model_uuid=36233173b22f4c89b451f1228d700d49&run_id=410a3121-2709-4f88-98dd-dba0ef056b0a&repository_url=https://adb-5245952564735461.0.azuredatabricks.net/api/2.0/mlflow[3]] Expected grammar to match: pkg:mlflow/trafficsigns@10?model_uuid=36233173b22f4c89b451f1228d700d49&run_id=410a3121-2709-4f88-98dd-dba0ef056b0a&repository_url=https://adb-5245952564735461.0.azuredatabricks.net/api/2.0/mlflow ==> expected: <true> but was: <false>
	at org.junit.jupiter.api.AssertionFailureBuilder.build(AssertionFailureBuilder.java:151)
	at org.junit.jupiter.api.AssertionFailureBuilder.buildAndThrow(AssertionFailureBuilder.java:132)
	at org.junit.jupiter.api.AssertTrue.failNotTrue(AssertTrue.java:63)
	at org.junit.jupiter.api.AssertTrue.assertTrue(AssertTrue.java:36)
	at org.junit.jupiter.api.Assertions.assertTrue(Assertions.java:214)
	at org.purl.grammar.GrammarValidationTest.lambda$buildTest$1(GrammarValidationTest.java:235)
	at java.base/java.util.Optional.ifPresent(Optional.java:178)
	at java.base/java.util.ArrayList.forEach(ArrayList.java:1511)
	at java.base/java.util.ArrayList.forEach(ArrayList.java:1511)

org.purl.grammar.GrammarValidationTest.grammarTests -- Time elapsed: 0 s <<< FAILURE!
org.opentest4j.AssertionFailedError: [grammar.types.mlflow-test.input.pkg:mlflow/trafficsigns@10?model_uuid=36233173b22f4c89b451f1228d700d49&run_id=410a3121-2709-4f88-98dd-dba0ef056b0a&repository_url=https://adb-5245952564735461.0.azuredatabricks.net/api/2.0/mlflow[4]] Expected grammar to match: pkg:mlflow/trafficsigns@10?model_uuid=36233173b22f4c89b451f1228d700d49&run_id=410a3121-2709-4f88-98dd-dba0ef056b0a&repository_url=https://adb-5245952564735461.0.azuredatabricks.net/api/2.0/mlflow ==> expected: <true> but was: <false>
	at org.junit.jupiter.api.AssertionFailureBuilder.build(AssertionFailureBuilder.java:151)
	at org.junit.jupiter.api.AssertionFailureBuilder.buildAndThrow(AssertionFailureBuilder.java:132)
	at org.junit.jupiter.api.AssertTrue.failNotTrue(AssertTrue.java:63)
	at org.junit.jupiter.api.AssertTrue.assertTrue(AssertTrue.java:36)
	at org.junit.jupiter.api.Assertions.assertTrue(Assertions.java:214)
	at org.purl.grammar.GrammarValidationTest.lambda$buildTest$1(GrammarValidationTest.java:235)
	at java.base/java.util.Optional.ifPresent(Optional.java:178)
	at java.base/java.util.ArrayList.forEach(ArrayList.java:1511)
	at java.base/java.util.ArrayList.forEach(ArrayList.java:1511)

org.purl.grammar.GrammarValidationTest.grammarTests -- Time elapsed: 0.001 s <<< FAILURE!
org.opentest4j.AssertionFailedError: [grammar.types.npm-test.input.pkg:npm/mypackage@12.4.5?vcs_url=git://host.com/path/to/repo.git%404345abcd34343] Expected grammar to match: pkg:npm/mypackage@12.4.5?vcs_url=git://host.com/path/to/repo.git%404345abcd34343 ==> expected: <true> but was: <false>
	at org.junit.jupiter.api.AssertionFailureBuilder.build(AssertionFailureBuilder.java:151)
	at org.junit.jupiter.api.AssertionFailureBuilder.buildAndThrow(AssertionFailureBuilder.java:132)
	at org.junit.jupiter.api.AssertTrue.failNotTrue(AssertTrue.java:63)
	at org.junit.jupiter.api.AssertTrue.assertTrue(AssertTrue.java:36)
	at org.junit.jupiter.api.Assertions.assertTrue(Assertions.java:214)
	at org.purl.grammar.GrammarValidationTest.lambda$buildTest$1(GrammarValidationTest.java:235)
	at java.base/java.util.Optional.ifPresent(Optional.java:178)
	at java.base/java.util.ArrayList.forEach(ArrayList.java:1511)
	at java.base/java.util.ArrayList.forEach(ArrayList.java:1511)

org.purl.grammar.GrammarValidationTest.grammarTests -- Time elapsed: 0 s <<< FAILURE!
org.opentest4j.AssertionFailedError: [grammar.types.npm-test.input.pkg:npm/mypackage@12.4.5?vcs_url=git://host.com/path/to/repo.git%404345abcd34343[2]] Expected grammar to match: pkg:npm/mypackage@12.4.5?vcs_url=git://host.com/path/to/repo.git%404345abcd34343 ==> expected: <true> but was: <false>
	at org.junit.jupiter.api.AssertionFailureBuilder.build(AssertionFailureBuilder.java:151)
	at org.junit.jupiter.api.AssertionFailureBuilder.buildAndThrow(AssertionFailureBuilder.java:132)
	at org.junit.jupiter.api.AssertTrue.failNotTrue(AssertTrue.java:63)
	at org.junit.jupiter.api.AssertTrue.assertTrue(AssertTrue.java:36)
	at org.junit.jupiter.api.Assertions.assertTrue(Assertions.java:214)
	at org.purl.grammar.GrammarValidationTest.lambda$buildTest$1(GrammarValidationTest.java:235)
	at java.base/java.util.Optional.ifPresent(Optional.java:178)
	at java.base/java.util.ArrayList.forEach(ArrayList.java:1511)
	at java.base/java.util.ArrayList.forEach(ArrayList.java:1511)

org.purl.grammar.GrammarValidationTest.grammarTests -- Time elapsed: 0.001 s <<< FAILURE!
org.opentest4j.AssertionFailedError: [grammar.types.npm-test.input.pkg:npm/@babel/core#/googleapis/api/annotations/] Expected grammar to match: pkg:npm/@babel/core#/googleapis/api/annotations/ ==> expected: <true> but was: <false>
	at org.junit.jupiter.api.AssertionFailureBuilder.build(AssertionFailureBuilder.java:151)
	at org.junit.jupiter.api.AssertionFailureBuilder.buildAndThrow(AssertionFailureBuilder.java:132)
	at org.junit.jupiter.api.AssertTrue.failNotTrue(AssertTrue.java:63)
	at org.junit.jupiter.api.AssertTrue.assertTrue(AssertTrue.java:36)
	at org.junit.jupiter.api.Assertions.assertTrue(Assertions.java:214)
	at org.purl.grammar.GrammarValidationTest.lambda$buildTest$1(GrammarValidationTest.java:235)
	at java.base/java.util.Optional.ifPresent(Optional.java:178)
	at java.base/java.util.ArrayList.forEach(ArrayList.java:1511)
	at java.base/java.util.ArrayList.forEach(ArrayList.java:1511)

org.purl.grammar.GrammarValidationTest.grammarTests -- Time elapsed: 0 s <<< FAILURE!
org.opentest4j.AssertionFailedError: [grammar.types.npm-test.input.pkg:npm/@babel/core#/googleapis/api/annotations/[2]] Expected grammar to match: pkg:npm/@babel/core#/googleapis/api/annotations/ ==> expected: <true> but was: <false>
	at org.junit.jupiter.api.AssertionFailureBuilder.build(AssertionFailureBuilder.java:151)
	at org.junit.jupiter.api.AssertionFailureBuilder.buildAndThrow(AssertionFailureBuilder.java:132)
	at org.junit.jupiter.api.AssertTrue.failNotTrue(AssertTrue.java:63)
	at org.junit.jupiter.api.AssertTrue.assertTrue(AssertTrue.java:36)
	at org.junit.jupiter.api.Assertions.assertTrue(Assertions.java:214)
	at org.purl.grammar.GrammarValidationTest.lambda$buildTest$1(GrammarValidationTest.java:235)
	at java.base/java.util.Optional.ifPresent(Optional.java:178)
	at java.base/java.util.ArrayList.forEach(ArrayList.java:1511)
	at java.base/java.util.ArrayList.forEach(ArrayList.java:1511)

org.purl.grammar.GrammarValidationTest.grammarTests -- Time elapsed: 0 s <<< FAILURE!
org.opentest4j.AssertionFailedError: [grammar.types.oci-test.input.pkg:oci/debian@sha256%3A244fd47e07d10?repository_url=docker.io/library/debian&arch=amd64&tag=latest] Expected grammar to match: pkg:oci/debian@sha256%3A244fd47e07d10?repository_url=docker.io/library/debian&arch=amd64&tag=latest ==> expected: <true> but was: <false>
	at org.junit.jupiter.api.AssertionFailureBuilder.build(AssertionFailureBuilder.java:151)
	at org.junit.jupiter.api.AssertionFailureBuilder.buildAndThrow(AssertionFailureBuilder.java:132)
	at org.junit.jupiter.api.AssertTrue.failNotTrue(AssertTrue.java:63)
	at org.junit.jupiter.api.AssertTrue.assertTrue(AssertTrue.java:36)
	at org.junit.jupiter.api.Assertions.assertTrue(Assertions.java:214)
	at org.purl.grammar.GrammarValidationTest.lambda$buildTest$1(GrammarValidationTest.java:235)
	at java.base/java.util.Optional.ifPresent(Optional.java:178)
	at java.base/java.util.ArrayList.forEach(ArrayList.java:1511)
	at java.base/java.util.ArrayList.forEach(ArrayList.java:1511)

org.purl.grammar.GrammarValidationTest.grammarTests -- Time elapsed: 0 s <<< FAILURE!
org.opentest4j.AssertionFailedError: [grammar.types.oci-test.input.pkg:oci/debian@sha256%3A244fd47e07d10?repository_url=docker.io/library/debian&arch=amd64&tag=latest[2]] Expected grammar to match: pkg:oci/debian@sha256%3A244fd47e07d10?repository_url=docker.io/library/debian&arch=amd64&tag=latest ==> expected: <true> but was: <false>
	at org.junit.jupiter.api.AssertionFailureBuilder.build(AssertionFailureBuilder.java:151)
	at org.junit.jupiter.api.AssertionFailureBuilder.buildAndThrow(AssertionFailureBuilder.java:132)
	at org.junit.jupiter.api.AssertTrue.failNotTrue(AssertTrue.java:63)
	at org.junit.jupiter.api.AssertTrue.assertTrue(AssertTrue.java:36)
	at org.junit.jupiter.api.Assertions.assertTrue(Assertions.java:214)
	at org.purl.grammar.GrammarValidationTest.lambda$buildTest$1(GrammarValidationTest.java:235)
	at java.base/java.util.Optional.ifPresent(Optional.java:178)
	at java.base/java.util.ArrayList.forEach(ArrayList.java:1511)
	at java.base/java.util.ArrayList.forEach(ArrayList.java:1511)

org.purl.grammar.GrammarValidationTest.grammarTests -- Time elapsed: 0 s <<< FAILURE!
org.opentest4j.AssertionFailedError: [grammar.types.oci-test.input.pkg:oci/debian@sha256%3A244fd47e07d10?repository_url=ghcr.io/debian&tag=bullseye] Expected grammar to match: pkg:oci/debian@sha256%3A244fd47e07d10?repository_url=ghcr.io/debian&tag=bullseye ==> expected: <true> but was: <false>
	at org.junit.jupiter.api.AssertionFailureBuilder.build(AssertionFailureBuilder.java:151)
	at org.junit.jupiter.api.AssertionFailureBuilder.buildAndThrow(AssertionFailureBuilder.java:132)
	at org.junit.jupiter.api.AssertTrue.failNotTrue(AssertTrue.java:63)
	at org.junit.jupiter.api.AssertTrue.assertTrue(AssertTrue.java:36)
	at org.junit.jupiter.api.Assertions.assertTrue(Assertions.java:214)
	at org.purl.grammar.GrammarValidationTest.lambda$buildTest$1(GrammarValidationTest.java:235)
	at java.base/java.util.Optional.ifPresent(Optional.java:178)
	at java.base/java.util.ArrayList.forEach(ArrayList.java:1511)
	at java.base/java.util.ArrayList.forEach(ArrayList.java:1511)

org.purl.grammar.GrammarValidationTest.grammarTests -- Time elapsed: 0.001 s <<< FAILURE!
org.opentest4j.AssertionFailedError: [grammar.types.oci-test.input.pkg:oci/debian@sha256%3A244fd47e07d10?repository_url=ghcr.io/debian&tag=bullseye[2]] Expected grammar to match: pkg:oci/debian@sha256%3A244fd47e07d10?repository_url=ghcr.io/debian&tag=bullseye ==> expected: <true> but was: <false>
	at org.junit.jupiter.api.AssertionFailureBuilder.build(AssertionFailureBuilder.java:151)
	at org.junit.jupiter.api.AssertionFailureBuilder.buildAndThrow(AssertionFailureBuilder.java:132)
	at org.junit.jupiter.api.AssertTrue.failNotTrue(AssertTrue.java:63)
	at org.junit.jupiter.api.AssertTrue.assertTrue(AssertTrue.java:36)
	at org.junit.jupiter.api.Assertions.assertTrue(Assertions.java:214)
	at org.purl.grammar.GrammarValidationTest.lambda$buildTest$1(GrammarValidationTest.java:235)
	at java.base/java.util.Optional.ifPresent(Optional.java:178)
	at java.base/java.util.ArrayList.forEach(ArrayList.java:1511)
	at java.base/java.util.ArrayList.forEach(ArrayList.java:1511)

org.purl.grammar.GrammarValidationTest.grammarTests -- Time elapsed: 0.004 s <<< FAILURE!
org.opentest4j.AssertionFailedError: [grammar.types.oci-test.input.pkg:oci/static@sha256%3A244fd47e07d10?repository_url=gcr.io/distroless/static&tag=latest] Expected grammar to match: pkg:oci/static@sha256%3A244fd47e07d10?repository_url=gcr.io/distroless/static&tag=latest ==> expected: <true> but was: <false>
	at org.junit.jupiter.api.AssertionFailureBuilder.build(AssertionFailureBuilder.java:151)
	at org.junit.jupiter.api.AssertionFailureBuilder.buildAndThrow(AssertionFailureBuilder.java:132)
	at org.junit.jupiter.api.AssertTrue.failNotTrue(AssertTrue.java:63)
	at org.junit.jupiter.api.AssertTrue.assertTrue(AssertTrue.java:36)
	at org.junit.jupiter.api.Assertions.assertTrue(Assertions.java:214)
	at org.purl.grammar.GrammarValidationTest.lambda$buildTest$1(GrammarValidationTest.java:235)
	at java.base/java.util.Optional.ifPresent(Optional.java:178)
	at java.base/java.util.ArrayList.forEach(ArrayList.java:1511)
	at java.base/java.util.ArrayList.forEach(ArrayList.java:1511)

org.purl.grammar.GrammarValidationTest.grammarTests -- Time elapsed: 0.001 s <<< FAILURE!
org.opentest4j.AssertionFailedError: [grammar.types.oci-test.input.pkg:oci/static@sha256%3A244fd47e07d10?repository_url=gcr.io/distroless/static&tag=latest[2]] Expected grammar to match: pkg:oci/static@sha256%3A244fd47e07d10?repository_url=gcr.io/distroless/static&tag=latest ==> expected: <true> but was: <false>
	at org.junit.jupiter.api.AssertionFailureBuilder.build(AssertionFailureBuilder.java:151)
	at org.junit.jupiter.api.AssertionFailureBuilder.buildAndThrow(AssertionFailureBuilder.java:132)
	at org.junit.jupiter.api.AssertTrue.failNotTrue(AssertTrue.java:63)
	at org.junit.jupiter.api.AssertTrue.assertTrue(AssertTrue.java:36)
	at org.junit.jupiter.api.Assertions.assertTrue(Assertions.java:214)
	at org.purl.grammar.GrammarValidationTest.lambda$buildTest$1(GrammarValidationTest.java:235)
	at java.base/java.util.Optional.ifPresent(Optional.java:178)
	at java.base/java.util.ArrayList.forEach(ArrayList.java:1511)
	at java.base/java.util.ArrayList.forEach(ArrayList.java:1511)

org.purl.grammar.GrammarValidationTest.grammarTests -- Time elapsed: 0 s <<< FAILURE!
org.opentest4j.AssertionFailedError: [grammar.types.oci-test.input.pkg:oci/hello-wasm@sha256%3A244fd47e07d10?tag=v1] Expected grammar to match: pkg:oci/hello-wasm@sha256%3A244fd47e07d10?tag=v1 ==> expected: <true> but was: <false>
	at org.junit.jupiter.api.AssertionFailureBuilder.build(AssertionFailureBuilder.java:151)
	at org.junit.jupiter.api.AssertionFailureBuilder.buildAndThrow(AssertionFailureBuilder.java:132)
	at org.junit.jupiter.api.AssertTrue.failNotTrue(AssertTrue.java:63)
	at org.junit.jupiter.api.AssertTrue.assertTrue(AssertTrue.java:36)
	at org.junit.jupiter.api.Assertions.assertTrue(Assertions.java:214)
	at org.purl.grammar.GrammarValidationTest.lambda$buildTest$1(GrammarValidationTest.java:235)
	at java.base/java.util.Optional.ifPresent(Optional.java:178)
	at java.base/java.util.ArrayList.forEach(ArrayList.java:1511)
	at java.base/java.util.ArrayList.forEach(ArrayList.java:1511)

org.purl.grammar.GrammarValidationTest.grammarTests -- Time elapsed: 0 s <<< FAILURE!
org.opentest4j.AssertionFailedError: [grammar.types.oci-test.input.pkg:oci/hello-wasm@sha256%3A244fd47e07d10?tag=v1[2]] Expected grammar to match: pkg:oci/hello-wasm@sha256%3A244fd47e07d10?tag=v1 ==> expected: <true> but was: <false>
	at org.junit.jupiter.api.AssertionFailureBuilder.build(AssertionFailureBuilder.java:151)
	at org.junit.jupiter.api.AssertionFailureBuilder.buildAndThrow(AssertionFailureBuilder.java:132)
	at org.junit.jupiter.api.AssertTrue.failNotTrue(AssertTrue.java:63)
	at org.junit.jupiter.api.AssertTrue.assertTrue(AssertTrue.java:36)
	at org.junit.jupiter.api.Assertions.assertTrue(Assertions.java:214)
	at org.purl.grammar.GrammarValidationTest.lambda$buildTest$1(GrammarValidationTest.java:235)
	at java.base/java.util.Optional.ifPresent(Optional.java:178)
	at java.base/java.util.ArrayList.forEach(ArrayList.java:1511)
	at java.base/java.util.ArrayList.forEach(ArrayList.java:1511)

org.purl.grammar.GrammarValidationTest.grammarTests -- Time elapsed: 0 s <<< FAILURE!
org.opentest4j.AssertionFailedError: [grammar.types.otp-test.input.pkg:otp/asn1@5.4.1?arch=amd64&platform=linux&repository_url=https://github.com/erlang/otp&vcs_url=git%2Bhttps://github.com/erlang/otp.git#src/asn1ct.erl] Expected grammar to match: pkg:otp/asn1@5.4.1?arch=amd64&platform=linux&repository_url=https://github.com/erlang/otp&vcs_url=git%2Bhttps://github.com/erlang/otp.git#src/asn1ct.erl ==> expected: <true> but was: <false>
	at org.junit.jupiter.api.AssertionFailureBuilder.build(AssertionFailureBuilder.java:151)
	at org.junit.jupiter.api.AssertionFailureBuilder.buildAndThrow(AssertionFailureBuilder.java:132)
	at org.junit.jupiter.api.AssertTrue.failNotTrue(AssertTrue.java:63)
	at org.junit.jupiter.api.AssertTrue.assertTrue(AssertTrue.java:36)
	at org.junit.jupiter.api.Assertions.assertTrue(Assertions.java:214)
	at org.purl.grammar.GrammarValidationTest.lambda$buildTest$1(GrammarValidationTest.java:235)
	at java.base/java.util.Optional.ifPresent(Optional.java:178)
	at java.base/java.util.ArrayList.forEach(ArrayList.java:1511)
	at java.base/java.util.ArrayList.forEach(ArrayList.java:1511)

org.purl.grammar.GrammarValidationTest.grammarTests -- Time elapsed: 0 s <<< FAILURE!
org.opentest4j.AssertionFailedError: [grammar.types.otp-test.input.pkg:otp/namespace/hex@2.1.1] Expected grammar NOT to match (expected_failure=true): pkg:otp/namespace/hex@2.1.1 ==> expected: <false> but was: <true>
	at org.junit.jupiter.api.AssertionFailureBuilder.build(AssertionFailureBuilder.java:151)
	at org.junit.jupiter.api.AssertionFailureBuilder.buildAndThrow(AssertionFailureBuilder.java:132)
	at org.junit.jupiter.api.AssertFalse.failNotFalse(AssertFalse.java:63)
	at org.junit.jupiter.api.AssertFalse.assertFalse(AssertFalse.java:36)
	at org.junit.jupiter.api.Assertions.assertFalse(Assertions.java:239)
	at org.purl.grammar.GrammarValidationTest.lambda$buildTest$1(GrammarValidationTest.java:231)
	at java.base/java.util.Optional.ifPresent(Optional.java:178)
	at java.base/java.util.ArrayList.forEach(ArrayList.java:1511)
	at java.base/java.util.ArrayList.forEach(ArrayList.java:1511)

org.purl.grammar.GrammarValidationTest.grammarTests -- Time elapsed: 0.001 s <<< FAILURE!
org.opentest4j.AssertionFailedError: [grammar.types.swid-test.input.pkg:swid/Acme/example.com/Enterprise+Server@1.0.0?tag_id=75b8c285-fa7b-485b-b199-4745e3004d0d] Expected grammar to match: pkg:swid/Acme/example.com/Enterprise+Server@1.0.0?tag_id=75b8c285-fa7b-485b-b199-4745e3004d0d ==> expected: <true> but was: <false>
	at org.junit.jupiter.api.AssertionFailureBuilder.build(AssertionFailureBuilder.java:151)
	at org.junit.jupiter.api.AssertionFailureBuilder.buildAndThrow(AssertionFailureBuilder.java:132)
	at org.junit.jupiter.api.AssertTrue.failNotTrue(AssertTrue.java:63)
	at org.junit.jupiter.api.AssertTrue.assertTrue(AssertTrue.java:36)
	at org.junit.jupiter.api.Assertions.assertTrue(Assertions.java:214)
	at org.purl.grammar.GrammarValidationTest.lambda$buildTest$1(GrammarValidationTest.java:235)
	at java.base/java.util.Optional.ifPresent(Optional.java:178)
	at java.base/java.util.ArrayList.forEach(ArrayList.java:1511)
	at java.base/java.util.ArrayList.forEach(ArrayList.java:1511)

org.purl.grammar.GrammarValidationTest.grammarTests -- Time elapsed: 0.003 s <<< FAILURE!
org.opentest4j.AssertionFailedError: [grammar.types.swid-test.input.pkg:swid/Acme/example.com/Enterprise+Server@1.0.0?tag_id=75b8c285-fa7b-485b-b199-4745e3004d0d[2]] Expected grammar to match: pkg:swid/Acme/example.com/Enterprise+Server@1.0.0?tag_id=75b8c285-fa7b-485b-b199-4745e3004d0d ==> expected: <true> but was: <false>
	at org.junit.jupiter.api.AssertionFailureBuilder.build(AssertionFailureBuilder.java:151)
	at org.junit.jupiter.api.AssertionFailureBuilder.buildAndThrow(AssertionFailureBuilder.java:132)
	at org.junit.jupiter.api.AssertTrue.failNotTrue(AssertTrue.java:63)
	at org.junit.jupiter.api.AssertTrue.assertTrue(AssertTrue.java:36)
	at org.junit.jupiter.api.Assertions.assertTrue(Assertions.java:214)
	at org.purl.grammar.GrammarValidationTest.lambda$buildTest$1(GrammarValidationTest.java:235)
	at java.base/java.util.Optional.ifPresent(Optional.java:178)
	at java.base/java.util.ArrayList.forEach(ArrayList.java:1511)
	at java.base/java.util.ArrayList.forEach(ArrayList.java:1511)

org.purl.grammar.GrammarValidationTest.grammarTests -- Time elapsed: 0 s <<< FAILURE!
org.opentest4j.AssertionFailedError: [grammar.types.swid-test.input.pkg:swid/Adobe+Systems+Incorporated/Adobe+InDesign@CC?tag_id=CreativeCloud-CS6-Win-GM-MUL] Expected grammar to match: pkg:swid/Adobe+Systems+Incorporated/Adobe+InDesign@CC?tag_id=CreativeCloud-CS6-Win-GM-MUL ==> expected: <true> but was: <false>
	at org.junit.jupiter.api.AssertionFailureBuilder.build(AssertionFailureBuilder.java:151)
	at org.junit.jupiter.api.AssertionFailureBuilder.buildAndThrow(AssertionFailureBuilder.java:132)
	at org.junit.jupiter.api.AssertTrue.failNotTrue(AssertTrue.java:63)
	at org.junit.jupiter.api.AssertTrue.assertTrue(AssertTrue.java:36)
	at org.junit.jupiter.api.Assertions.assertTrue(Assertions.java:214)
	at org.purl.grammar.GrammarValidationTest.lambda$buildTest$1(GrammarValidationTest.java:235)
	at java.base/java.util.Optional.ifPresent(Optional.java:178)
	at java.base/java.util.ArrayList.forEach(ArrayList.java:1511)
	at java.base/java.util.ArrayList.forEach(ArrayList.java:1511)

org.purl.grammar.GrammarValidationTest.grammarTests -- Time elapsed: 0.001 s <<< FAILURE!
org.opentest4j.AssertionFailedError: [grammar.types.swid-test.input.pkg:swid/Adobe+Systems+Incorporated/Adobe+InDesign@CC?tag_id=CreativeCloud-CS6-Win-GM-MUL[2]] Expected grammar to match: pkg:swid/Adobe+Systems+Incorporated/Adobe+InDesign@CC?tag_id=CreativeCloud-CS6-Win-GM-MUL ==> expected: <true> but was: <false>
	at org.junit.jupiter.api.AssertionFailureBuilder.build(AssertionFailureBuilder.java:151)
	at org.junit.jupiter.api.AssertionFailureBuilder.buildAndThrow(AssertionFailureBuilder.java:132)
	at org.junit.jupiter.api.AssertTrue.failNotTrue(AssertTrue.java:63)
	at org.junit.jupiter.api.AssertTrue.assertTrue(AssertTrue.java:36)
	at org.junit.jupiter.api.Assertions.assertTrue(Assertions.java:214)
	at org.purl.grammar.GrammarValidationTest.lambda$buildTest$1(GrammarValidationTest.java:235)
	at java.base/java.util.Optional.ifPresent(Optional.java:178)
	at java.base/java.util.ArrayList.forEach(ArrayList.java:1511)
	at java.base/java.util.ArrayList.forEach(ArrayList.java:1511)

org.purl.grammar.GrammarValidationTest.grammarTests -- Time elapsed: 0.001 s <<< FAILURE!
org.opentest4j.AssertionFailedError: [grammar.types.swift-test.input.pkg:swift/Alamofire@5.4.3] Expected grammar NOT to match (expected_failure=true): pkg:swift/Alamofire@5.4.3 ==> expected: <false> but was: <true>
	at org.junit.jupiter.api.AssertionFailureBuilder.build(AssertionFailureBuilder.java:151)
	at org.junit.jupiter.api.AssertionFailureBuilder.buildAndThrow(AssertionFailureBuilder.java:132)
	at org.junit.jupiter.api.AssertFalse.failNotFalse(AssertFalse.java:63)
	at org.junit.jupiter.api.AssertFalse.assertFalse(AssertFalse.java:36)
	at org.junit.jupiter.api.Assertions.assertFalse(Assertions.java:239)
	at org.purl.grammar.GrammarValidationTest.lambda$buildTest$1(GrammarValidationTest.java:231)
	at java.base/java.util.Optional.ifPresent(Optional.java:178)
	at java.base/java.util.ArrayList.forEach(ArrayList.java:1511)
	at java.base/java.util.ArrayList.forEach(ArrayList.java:1511)

org.purl.grammar.GrammarValidationTest.grammarTests -- Time elapsed: 0 s <<< FAILURE!
org.opentest4j.AssertionFailedError: [grammar.types.swift-test.input.pkg:swift/Alamofire@5.4.3[2]] Expected grammar NOT to match (expected_failure=true): pkg:swift/Alamofire@5.4.3 ==> expected: <false> but was: <true>
	at org.junit.jupiter.api.AssertionFailureBuilder.build(AssertionFailureBuilder.java:151)
	at org.junit.jupiter.api.AssertionFailureBuilder.buildAndThrow(AssertionFailureBuilder.java:132)
	at org.junit.jupiter.api.AssertFalse.failNotFalse(AssertFalse.java:63)
	at org.junit.jupiter.api.AssertFalse.assertFalse(AssertFalse.java:36)
	at org.junit.jupiter.api.Assertions.assertFalse(Assertions.java:239)
	at org.purl.grammar.GrammarValidationTest.lambda$buildTest$1(GrammarValidationTest.java:231)
	at java.base/java.util.Optional.ifPresent(Optional.java:178)
	at java.base/java.util.ArrayList.forEach(ArrayList.java:1511)
	at java.base/java.util.ArrayList.forEach(ArrayList.java:1511)

org.purl.grammar.GrammarValidationTest.grammarTests -- Time elapsed: 0.001 s <<< FAILURE!
org.opentest4j.AssertionFailedError: [grammar.types.vscode-extension-test.input.pkg:vscode-extension/java@1.46.2025091308] Expected grammar NOT to match (expected_failure=true): pkg:vscode-extension/java@1.46.2025091308 ==> expected: <false> but was: <true>
	at org.junit.jupiter.api.AssertionFailureBuilder.build(AssertionFailureBuilder.java:151)
	at org.junit.jupiter.api.AssertionFailureBuilder.buildAndThrow(AssertionFailureBuilder.java:132)
	at org.junit.jupiter.api.AssertFalse.failNotFalse(AssertFalse.java:63)
	at org.junit.jupiter.api.AssertFalse.assertFalse(AssertFalse.java:36)
	at org.junit.jupiter.api.Assertions.assertFalse(Assertions.java:239)
	at org.purl.grammar.GrammarValidationTest.lambda$buildTest$1(GrammarValidationTest.java:231)
	at java.base/java.util.Optional.ifPresent(Optional.java:178)
	at java.base/java.util.ArrayList.forEach(ArrayList.java:1511)
	at java.base/java.util.ArrayList.forEach(ArrayList.java:1511)

