<?xml version="1.0" encoding="UTF-8"?>
<testsuite xmlns:xsi="http://www.w3.org/2001/XMLSchema-instance" xsi:noNamespaceSchemaLocation="https://maven.apache.org/surefire/maven-surefire-plugin/xsd/surefire-test-report-3.0.xsd" version="3.0" name="org.purl.grammar.GrammarValidationTest" time="1.038" tests="688" errors="0" skipped="0" failures="71">
  <properties>
[...]
</properties>
  <testcase name="grammarTests" classname="org.purl.grammar.GrammarValidationTest" time="0.006"/>
  <testcase name="grammarTests" classname="org.purl.grammar.GrammarValidationTest" time="0.001"/>
  <testcase name="grammarTests" classname="org.purl.grammar.GrammarValidationTest" time="0.001"/>
  <testcase name="grammarTests" classname="org.purl.grammar.GrammarValidationTest" time="0.001"/>
  <testcase name="grammarTests" classname="org.purl.grammar.GrammarValidationTest" time="0.0"/>
  <testcase name="grammarTests" classname="org.purl.grammar.GrammarValidationTest" time="0.0"/>
  <testcase name="grammarTests" classname="org.purl.grammar.GrammarValidationTest" time="0.001"/>
  <testcase name="grammarTests" classname="org.purl.grammar.GrammarValidationTest" time="0.0"/>
  <testcase name="grammarTests" classname="org.purl.grammar.GrammarValidationTest" time="0.001"/>
  <testcase name="grammarTests" classname="org.purl.grammar.GrammarValidationTest" time="0.001"/>
  <testcase name="grammarTests" classname="org.purl.grammar.GrammarValidationTest" time="0.001"/>
  <testcase name="grammarTests" classname="org.purl.grammar.GrammarValidationTest" time="0.0"/>
  <testcase name="grammarTests" classname="org.purl.grammar.GrammarValidationTest" time="0.0"/>
  <testcase name="grammarTests" classname="org.purl.grammar.GrammarValidationTest" time="0.0"/>
  <testcase name="grammarTests" classname="org.purl.grammar.GrammarValidationTest" time="0.001"/>
  <testcase name="grammarTests" classname="org.purl.grammar.GrammarValidationTest" time="0.0"/>
  <testcase name="grammarTests" classname="org.purl.grammar.GrammarValidationTest" time="0.0"/>
  <testcase name="grammarTests" classname="org.purl.grammar.GrammarValidationTest" time="0.001"/>
  <testcase name="grammarTests" classname="org.purl.grammar.GrammarValidationTest" time="0.0"/>
  <testcase name="grammarTests" classname="org.purl.grammar.GrammarValidationTest" time="0.0"/>
  <testcase name="grammarTests" classname="org.purl.grammar.GrammarValidationTest" time="0.0"/>
  <testcase name="grammarTests" classname="org.purl.grammar.GrammarValidationTest" time="0.001"/>
  <testcase name="grammarTests" classname="org.purl.grammar.GrammarValidationTest" time="0.0"/>
  <testcase name="grammarTests" classname="org.purl.grammar.GrammarValidationTest" time="0.001"/>
  <testcase name="grammarTests" classname="org.purl.grammar.GrammarValidationTest" time="0.001"/>
  <testcase name="grammarTests" classname="org.purl.grammar.GrammarValidationTest" time="0.0"/>
  <testcase name="grammarTests" classname="org.purl.grammar.GrammarValidationTest" time="0.0"/>
  <testcase name="grammarTests" classname="org.purl.grammar.GrammarValidationTest" time="0.001"/>
  <testcase name="grammarTests" classname="org.purl.grammar.GrammarValidationTest" time="0.0"/>
  <testcase name="grammarTests" classname="org.purl.grammar.GrammarValidationTest" time="0.0"/>
  <testcase name="grammarTests" classname="org.purl.grammar.GrammarValidationTest" time="0.001"/>
  <testcase name="grammarTests" classname="org.purl.grammar.GrammarValidationTest" time="0.0"/>
  <testcase name="grammarTests" classname="org.purl.grammar.GrammarValidationTest" time="0.001"/>
  <testcase name="grammarTests" classname="org.purl.grammar.GrammarValidationTest" time="0.004">
    <failure message="[grammar.types.bazel-test.input.pkg:bazel/rules_java@7.8.0?repository_url=https://bcr.bazel.build/] Expected grammar to match: pkg:bazel/rules_java@7.8.0?repository_url=https://bcr.bazel.build/ ==&gt; expected: &lt;true&gt; but was: &lt;false&gt;" type="org.opentest4j.AssertionFailedError"><![CDATA[org.opentest4j.AssertionFailedError: [grammar.types.bazel-test.input.pkg:bazel/rules_java@7.8.0?repository_url=https://bcr.bazel.build/] Expected grammar to match: pkg:bazel/rules_java@7.8.0?repository_url=https://bcr.bazel.build/ ==> expected: <true> but was: <false>
	at org.junit.jupiter.api.AssertionFailureBuilder.build(AssertionFailureBuilder.java:151)
	at org.junit.jupiter.api.AssertionFailureBuilder.buildAndThrow(AssertionFailureBuilder.java:132)
	at org.junit.jupiter.api.AssertTrue.failNotTrue(AssertTrue.java:63)
	at org.junit.jupiter.api.AssertTrue.assertTrue(AssertTrue.java:36)
	at org.junit.jupiter.api.Assertions.assertTrue(Assertions.java:214)
	at org.purl.grammar.GrammarValidationTest.lambda$buildTest$1(GrammarValidationTest.java:235)
	at java.base/java.util.Optional.ifPresent(Optional.java:178)
	at java.base/java.util.ArrayList.forEach(ArrayList.java:1511)
	at java.base/java.util.ArrayList.forEach(ArrayList.java:1511)
]]></failure>
  </testcase>
  <testcase name="grammarTests" classname="org.purl.grammar.GrammarValidationTest" time="0.001"/>
  <testcase name="grammarTests" classname="org.purl.grammar.GrammarValidationTest" time="0.001">
    <failure message="[grammar.types.bazel-test.input.pkg:bazel/rules_java@7.8.0?repository_url=https://bcr.bazel.build/[2]] Expected grammar to match: pkg:bazel/rules_java@7.8.0?repository_url=https://bcr.bazel.build/ ==&gt; expected: &lt;true&gt; but was: &lt;false&gt;" type="org.opentest4j.AssertionFailedError"><![CDATA[org.opentest4j.AssertionFailedError: [grammar.types.bazel-test.input.pkg:bazel/rules_java@7.8.0?repository_url=https://bcr.bazel.build/[2]] Expected grammar to match: pkg:bazel/rules_java@7.8.0?repository_url=https://bcr.bazel.build/ ==> expected: <true> but was: <false>
	at org.junit.jupiter.api.AssertionFailureBuilder.build(AssertionFailureBuilder.java:151)
	at org.junit.jupiter.api.AssertionFailureBuilder.buildAndThrow(AssertionFailureBuilder.java:132)
	at org.junit.jupiter.api.AssertTrue.failNotTrue(AssertTrue.java:63)
	at org.junit.jupiter.api.AssertTrue.assertTrue(AssertTrue.java:36)
	at org.junit.jupiter.api.Assertions.assertTrue(Assertions.java:214)
	at org.purl.grammar.GrammarValidationTest.lambda$buildTest$1(GrammarValidationTest.java:235)
	at java.base/java.util.Optional.ifPresent(Optional.java:178)
	at java.base/java.util.ArrayList.forEach(ArrayList.java:1511)
	at java.base/java.util.ArrayList.forEach(ArrayList.java:1511)
]]></failure>
  </testcase>
  <testcase name="grammarTests" classname="org.purl.grammar.GrammarValidationTest" time="0.0"/>
  <testcase name="grammarTests" classname="org.purl.grammar.GrammarValidationTest" time="0.002">
    <failure message="[grammar.types.bazel-test.input.pkg:bazel/rules_java@7.8.0?repository_url=https://example.org/bazel-registry/] Expected grammar to match: pkg:bazel/rules_java@7.8.0?repository_url=https://example.org/bazel-registry/ ==&gt; expected: &lt;true&gt; but was: &lt;false&gt;" type="org.opentest4j.AssertionFailedError"><![CDATA[org.opentest4j.AssertionFailedError: [grammar.types.bazel-test.input.pkg:bazel/rules_java@7.8.0?repository_url=https://example.org/bazel-registry/] Expected grammar to match: pkg:bazel/rules_java@7.8.0?repository_url=https://example.org/bazel-registry/ ==> expected: <true> but was: <false>
	at org.junit.jupiter.api.AssertionFailureBuilder.build(AssertionFailureBuilder.java:151)
	at org.junit.jupiter.api.AssertionFailureBuilder.buildAndThrow(AssertionFailureBuilder.java:132)
	at org.junit.jupiter.api.AssertTrue.failNotTrue(AssertTrue.java:63)
	at org.junit.jupiter.api.AssertTrue.assertTrue(AssertTrue.java:36)
	at org.junit.jupiter.api.Assertions.assertTrue(Assertions.java:214)
	at org.purl.grammar.GrammarValidationTest.lambda$buildTest$1(GrammarValidationTest.java:235)
	at java.base/java.util.Optional.ifPresent(Optional.java:178)
	at java.base/java.util.ArrayList.forEach(ArrayList.java:1511)
	at java.base/java.util.ArrayList.forEach(ArrayList.java:1511)
]]></failure>
  </testcase>
  <testcase name="grammarTests" classname="org.purl.grammar.GrammarValidationTest" time="0.001"/>
  <testcase name="grammarTests" classname="org.purl.grammar.GrammarValidationTest" time="0.001">
    <failure message="[grammar.types.bazel-test.input.pkg:bazel/rules_java@7.8.0?repository_url=https://example.org/bazel-registry/[2]] Expected grammar to match: pkg:bazel/rules_java@7.8.0?repository_url=https://example.org/bazel-registry/ ==&gt; expected: &lt;true&gt; but was: &lt;false&gt;" type="org.opentest4j.AssertionFailedError"><![CDATA[org.opentest4j.AssertionFailedError: [grammar.types.bazel-test.input.pkg:bazel/rules_java@7.8.0?repository_url=https://example.org/bazel-registry/[2]] Expected grammar to match: pkg:bazel/rules_java@7.8.0?repository_url=https://example.org/bazel-registry/ ==> expected: <true> but was: <false>
	at org.junit.jupiter.api.AssertionFailureBuilder.build(AssertionFailureBuilder.java:151)
	at org.junit.jupiter.api.AssertionFailureBuilder.buildAndThrow(AssertionFailureBuilder.java:132)
	at org.junit.jupiter.api.AssertTrue.failNotTrue(AssertTrue.java:63)
	at org.junit.jupiter.api.AssertTrue.assertTrue(AssertTrue.java:36)
	at org.junit.jupiter.api.Assertions.assertTrue(Assertions.java:214)
	at org.purl.grammar.GrammarValidationTest.lambda$buildTest$1(GrammarValidationTest.java:235)
	at java.base/java.util.Optional.ifPresent(Optional.java:178)
	at java.base/java.util.ArrayList.forEach(ArrayList.java:1511)
	at java.base/java.util.ArrayList.forEach(ArrayList.java:1511)
]]></failure>
  </testcase>
  <testcase name="grammarTests" classname="org.purl.grammar.GrammarValidationTest" time="0.0"/>
  <testcase name="grammarTests" classname="org.purl.grammar.GrammarValidationTest" time="0.0"/>
  <testcase name="grammarTests" classname="org.purl.grammar.GrammarValidationTest" time="0.001"/>
  <testcase name="grammarTests" classname="org.purl.grammar.GrammarValidationTest" time="0.0"/>
  <testcase name="grammarTests" classname="org.purl.grammar.GrammarValidationTest" time="0.001"/>
  <testcase name="grammarTests" classname="org.purl.grammar.GrammarValidationTest" time="0.001"/>
  <testcase name="grammarTests" classname="org.purl.grammar.GrammarValidationTest" time="0.0"/>
  <testcase name="grammarTests" classname="org.purl.grammar.GrammarValidationTest" time="0.001"/>
  <testcase name="grammarTests" classname="org.purl.grammar.GrammarValidationTest" time="0.0"/>
  <testcase name="grammarTests" classname="org.purl.grammar.GrammarValidationTest" time="0.0"/>
  <testcase name="grammarTests" classname="org.purl.grammar.GrammarValidationTest" time="0.0"/>
  <testcase name="grammarTests" classname="org.purl.grammar.GrammarValidationTest" time="0.0"/>
  <testcase name="grammarTests" classname="org.purl.grammar.GrammarValidationTest" time="0.001"/>
  <testcase name="grammarTests" classname="org.purl.grammar.GrammarValidationTest" time="0.0"/>
  <testcase name="grammarTests" classname="org.purl.grammar.GrammarValidationTest" time="0.0"/>
  <testcase name="grammarTests" classname="org.purl.grammar.GrammarValidationTest" time="0.001"/>
  <testcase name="grammarTests" classname="org.purl.grammar.GrammarValidationTest" time="0.0"/>
  <testcase name="grammarTests" classname="org.purl.grammar.GrammarValidationTest" time="0.0"/>
  <testcase name="grammarTests" classname="org.purl.grammar.GrammarValidationTest" time="0.001"/>
  <testcase name="grammarTests" classname="org.purl.grammar.GrammarValidationTest" time="0.0"/>
  <testcase name="grammarTests" classname="org.purl.grammar.GrammarValidationTest" time="0.0"/>
  <testcase name="grammarTests" classname="org.purl.grammar.GrammarValidationTest" time="0.0"/>
  <testcase name="grammarTests" classname="org.purl.grammar.GrammarValidationTest" time="0.0"/>
  <testcase name="grammarTests" classname="org.purl.grammar.GrammarValidationTest" time="0.001"/>
  <testcase name="grammarTests" classname="org.purl.grammar.GrammarValidationTest" time="0.0"/>
  <testcase name="grammarTests" classname="org.purl.grammar.GrammarValidationTest" time="0.001"/>
  <testcase name="grammarTests" classname="org.purl.grammar.GrammarValidationTest" time="0.0"/>
  <testcase name="grammarTests" classname="org.purl.grammar.GrammarValidationTest" time="0.0"/>
  <testcase name="grammarTests" classname="org.purl.grammar.GrammarValidationTest" time="0.0"/>
  <testcase name="grammarTests" classname="org.purl.grammar.GrammarValidationTest" time="0.0"/>
  <testcase name="grammarTests" classname="org.purl.grammar.GrammarValidationTest" time="0.001"/>
  <testcase name="grammarTests" classname="org.purl.grammar.GrammarValidationTest" time="0.001"/>
  <testcase name="grammarTests" classname="org.purl.grammar.GrammarValidationTest" time="0.0"/>
  <testcase name="grammarTests" classname="org.purl.grammar.GrammarValidationTest" time="0.0"/>
  <testcase name="grammarTests" classname="org.purl.grammar.GrammarValidationTest" time="0.001"/>
  <testcase name="grammarTests" classname="org.purl.grammar.GrammarValidationTest" time="0.0"/>
  <testcase name="grammarTests" classname="org.purl.grammar.GrammarValidationTest" time="0.0"/>
  <testcase name="grammarTests" classname="org.purl.grammar.GrammarValidationTest" time="0.001"/>
  <testcase name="grammarTests" classname="org.purl.grammar.GrammarValidationTest" time="0.0"/>
  <testcase name="grammarTests" classname="org.purl.grammar.GrammarValidationTest" time="0.0"/>
  <testcase name="grammarTests" classname="org.purl.grammar.GrammarValidationTest" time="0.001"/>
  <testcase name="grammarTests" classname="org.purl.grammar.GrammarValidationTest" time="0.0"/>
  <testcase name="grammarTests" classname="org.purl.grammar.GrammarValidationTest" time="0.0"/>
  <testcase name="grammarTests" classname="org.purl.grammar.GrammarValidationTest" time="0.0"/>
  <testcase name="grammarTests" classname="org.purl.grammar.GrammarValidationTest" time="0.0"/>
  <testcase name="grammarTests" classname="org.purl.grammar.GrammarValidationTest" time="0.001"/>
  <testcase name="grammarTests" classname="org.purl.grammar.GrammarValidationTest" time="0.0"/>
  <testcase name="grammarTests" classname="org.purl.grammar.GrammarValidationTest" time="0.0"/>
  <testcase name="grammarTests" classname="org.purl.grammar.GrammarValidationTest" time="0.001"/>
  <testcase name="grammarTests" classname="org.purl.grammar.GrammarValidationTest" time="0.0"/>
  <testcase name="grammarTests" classname="org.purl.grammar.GrammarValidationTest" time="0.0"/>
  <testcase name="grammarTests" classname="org.purl.grammar.GrammarValidationTest" time="0.0"/>
  <testcase name="grammarTests" classname="org.purl.grammar.GrammarValidationTest" time="0.0"/>
  <testcase name="grammarTests" classname="org.purl.grammar.GrammarValidationTest" time="0.001"/>
  <testcase name="grammarTests" classname="org.purl.grammar.GrammarValidationTest" time="0.0"/>
  <testcase name="grammarTests" classname="org.purl.grammar.GrammarValidationTest" time="0.001"/>
  <testcase name="grammarTests" classname="org.purl.grammar.GrammarValidationTest" time="0.0"/>
  <testcase name="grammarTests" classname="org.purl.grammar.GrammarValidationTest" time="0.0"/>
  <testcase name="grammarTests" classname="org.purl.grammar.GrammarValidationTest" time="0.0"/>
  <testcase name="grammarTests" classname="org.purl.grammar.GrammarValidationTest" time="0.001"/>
  <testcase name="grammarTests" classname="org.purl.grammar.GrammarValidationTest" time="0.001"/>
  <testcase name="grammarTests" classname="org.purl.grammar.GrammarValidationTest" time="0.001"/>
  <testcase name="grammarTests" classname="org.purl.grammar.GrammarValidationTest" time="0.002"/>
  <testcase name="grammarTests" classname="org.purl.grammar.GrammarValidationTest" time="0.001"/>
  <testcase name="grammarTests" classname="org.purl.grammar.GrammarValidationTest" time="0.0"/>
  <testcase name="grammarTests" classname="org.purl.grammar.GrammarValidationTest" time="0.002">
    <failure message="[grammar.types.chrome-extension-test.input.pkg:chrome-extension/44444algnefjeiefhmpklpfiohadpglk] Expected grammar NOT to match (expected_failure=true): pkg:chrome-extension/44444algnefjeiefhmpklpfiohadpglk ==&gt; expected: &lt;false&gt; but was: &lt;true&gt;" type="org.opentest4j.AssertionFailedError"><![CDATA[org.opentest4j.AssertionFailedError: [grammar.types.chrome-extension-test.input.pkg:chrome-extension/44444algnefjeiefhmpklpfiohadpglk] Expected grammar NOT to match (expected_failure=true): pkg:chrome-extension/44444algnefjeiefhmpklpfiohadpglk ==> expected: <false> but was: <true>
	at org.junit.jupiter.api.AssertionFailureBuilder.build(AssertionFailureBuilder.java:151)
	at org.junit.jupiter.api.AssertionFailureBuilder.buildAndThrow(AssertionFailureBuilder.java:132)
	at org.junit.jupiter.api.AssertFalse.failNotFalse(AssertFalse.java:63)
	at org.junit.jupiter.api.AssertFalse.assertFalse(AssertFalse.java:36)
	at org.junit.jupiter.api.Assertions.assertFalse(Assertions.java:239)
	at org.purl.grammar.GrammarValidationTest.lambda$buildTest$1(GrammarValidationTest.java:231)
	at java.base/java.util.Optional.ifPresent(Optional.java:178)
	at java.base/java.util.ArrayList.forEach(ArrayList.java:1511)
	at java.base/java.util.ArrayList.forEach(ArrayList.java:1511)
]]></failure>
  </testcase>
  <testcase name="grammarTests" classname="org.purl.grammar.GrammarValidationTest" time="0.001">
    <failure message="[grammar.types.chrome-extension-test.input.pkg:chrome-extension/dogs] Expected grammar NOT to match (expected_failure=true): pkg:chrome-extension/dogs ==&gt; expected: &lt;false&gt; but was: &lt;true&gt;" type="org.opentest4j.AssertionFailedError"><![CDATA[org.opentest4j.AssertionFailedError: [grammar.types.chrome-extension-test.input.pkg:chrome-extension/dogs] Expected grammar NOT to match (expected_failure=true): pkg:chrome-extension/dogs ==> expected: <false> but was: <true>
	at org.junit.jupiter.api.AssertionFailureBuilder.build(AssertionFailureBuilder.java:151)
	at org.junit.jupiter.api.AssertionFailureBuilder.buildAndThrow(AssertionFailureBuilder.java:132)
	at org.junit.jupiter.api.AssertFalse.failNotFalse(AssertFalse.java:63)
	at org.junit.jupiter.api.AssertFalse.assertFalse(AssertFalse.java:36)
	at org.junit.jupiter.api.Assertions.assertFalse(Assertions.java:239)
	at org.purl.grammar.GrammarValidationTest.lambda$buildTest$1(GrammarValidationTest.java:231)
	at java.base/java.util.Optional.ifPresent(Optional.java:178)
	at java.base/java.util.ArrayList.forEach(ArrayList.java:1511)
	at java.base/java.util.ArrayList.forEach(ArrayList.java:1511)
]]></failure>
  </testcase>
  <testcase name="grammarTests" classname="org.purl.grammar.GrammarValidationTest" time="0.001">
    <failure message="[grammar.types.chrome-extension-test.input.pkg:chrome-extension/dlpngalgnefjeiefhmpklpfiohadpglk@1.2.3.4.5] Expected grammar NOT to match (expected_failure=true): pkg:chrome-extension/dlpngalgnefjeiefhmpklpfiohadpglk@1.2.3.4.5 ==&gt; expected: &lt;false&gt; but was: &lt;true&gt;" type="org.opentest4j.AssertionFailedError"><![CDATA[org.opentest4j.AssertionFailedError: [grammar.types.chrome-extension-test.input.pkg:chrome-extension/dlpngalgnefjeiefhmpklpfiohadpglk@1.2.3.4.5] Expected grammar NOT to match (expected_failure=true): pkg:chrome-extension/dlpngalgnefjeiefhmpklpfiohadpglk@1.2.3.4.5 ==> expected: <false> but was: <true>
	at org.junit.jupiter.api.AssertionFailureBuilder.build(AssertionFailureBuilder.java:151)
	at org.junit.jupiter.api.AssertionFailureBuilder.buildAndThrow(AssertionFailureBuilder.java:132)
	at org.junit.jupiter.api.AssertFalse.failNotFalse(AssertFalse.java:63)
	at org.junit.jupiter.api.AssertFalse.assertFalse(AssertFalse.java:36)
	at org.junit.jupiter.api.Assertions.assertFalse(Assertions.java:239)
	at org.purl.grammar.GrammarValidationTest.lambda$buildTest$1(GrammarValidationTest.java:231)
	at java.base/java.util.Optional.ifPresent(Optional.java:178)
	at java.base/java.util.ArrayList.forEach(ArrayList.java:1511)
	at java.base/java.util.ArrayList.forEach(ArrayList.java:1511)
]]></failure>
  </testcase>
  <testcase name="grammarTests" classname="org.purl.grammar.GrammarValidationTest" time="0.001">
    <failure message="[grammar.types.chrome-extension-test.input.pkg:chrome-extension/dlpngalgnefjeiefhmpklpfiohadpglk@1.2.3-beta] Expected grammar NOT to match (expected_failure=true): pkg:chrome-extension/dlpngalgnefjeiefhmpklpfiohadpglk@1.2.3-beta ==&gt; expected: &lt;false&gt; but was: &lt;true&gt;" type="org.opentest4j.AssertionFailedError"><![CDATA[org.opentest4j.AssertionFailedError: [grammar.types.chrome-extension-test.input.pkg:chrome-extension/dlpngalgnefjeiefhmpklpfiohadpglk@1.2.3-beta] Expected grammar NOT to match (expected_failure=true): pkg:chrome-extension/dlpngalgnefjeiefhmpklpfiohadpglk@1.2.3-beta ==> expected: <false> but was: <true>
	at org.junit.jupiter.api.AssertionFailureBuilder.build(AssertionFailureBuilder.java:151)
	at org.junit.jupiter.api.AssertionFailureBuilder.buildAndThrow(AssertionFailureBuilder.java:132)
	at org.junit.jupiter.api.AssertFalse.failNotFalse(AssertFalse.java:63)
	at org.junit.jupiter.api.AssertFalse.assertFalse(AssertFalse.java:36)
	at org.junit.jupiter.api.Assertions.assertFalse(Assertions.java:239)
	at org.purl.grammar.GrammarValidationTest.lambda$buildTest$1(GrammarValidationTest.java:231)
	at java.base/java.util.Optional.ifPresent(Optional.java:178)
	at java.base/java.util.ArrayList.forEach(ArrayList.java:1511)
	at java.base/java.util.ArrayList.forEach(ArrayList.java:1511)
]]></failure>
  </testcase>
  <testcase name="grammarTests" classname="org.purl.grammar.GrammarValidationTest" time="0.0"/>
  <testcase name="grammarTests" classname="org.purl.grammar.GrammarValidationTest" time="0.001"/>
  <testcase name="grammarTests" classname="org.purl.grammar.GrammarValidationTest" time="0.0"/>
  <testcase name="grammarTests" classname="org.purl.grammar.GrammarValidationTest" time="0.0"/>
  <testcase name="grammarTests" classname="org.purl.grammar.GrammarValidationTest" time="0.0"/>
  <testcase name="grammarTests" classname="org.purl.grammar.GrammarValidationTest" time="0.0"/>
  <testcase name="grammarTests" classname="org.purl.grammar.GrammarValidationTest" time="0.0"/>
  <testcase name="grammarTests" classname="org.purl.grammar.GrammarValidationTest" time="0.0"/>
  <testcase name="grammarTests" classname="org.purl.grammar.GrammarValidationTest" time="0.003"/>
  <testcase name="grammarTests" classname="org.purl.grammar.GrammarValidationTest" time="0.0"/>
  <testcase name="grammarTests" classname="org.purl.grammar.GrammarValidationTest" time="0.0"/>
  <testcase name="grammarTests" classname="org.purl.grammar.GrammarValidationTest" time="0.0"/>
  <testcase name="grammarTests" classname="org.purl.grammar.GrammarValidationTest" time="0.001">
    <failure message="[grammar.types.cocoapods-test.input.pkg:cocoapods/GoogleUtilities@7.5.2#NSData+zlib] Expected grammar to match: pkg:cocoapods/GoogleUtilities@7.5.2#NSData+zlib ==&gt; expected: &lt;true&gt; but was: &lt;false&gt;" type="org.opentest4j.AssertionFailedError"><![CDATA[org.opentest4j.AssertionFailedError: [grammar.types.cocoapods-test.input.pkg:cocoapods/GoogleUtilities@7.5.2#NSData+zlib] Expected grammar to match: pkg:cocoapods/GoogleUtilities@7.5.2#NSData+zlib ==> expected: <true> but was: <false>
	at org.junit.jupiter.api.AssertionFailureBuilder.build(AssertionFailureBuilder.java:151)
	at org.junit.jupiter.api.AssertionFailureBuilder.buildAndThrow(AssertionFailureBuilder.java:132)
	at org.junit.jupiter.api.AssertTrue.failNotTrue(AssertTrue.java:63)
	at org.junit.jupiter.api.AssertTrue.assertTrue(AssertTrue.java:36)
	at org.junit.jupiter.api.Assertions.assertTrue(Assertions.java:214)
	at org.purl.grammar.GrammarValidationTest.lambda$buildTest$1(GrammarValidationTest.java:235)
	at java.base/java.util.Optional.ifPresent(Optional.java:178)
	at java.base/java.util.ArrayList.forEach(ArrayList.java:1511)
	at java.base/java.util.ArrayList.forEach(ArrayList.java:1511)
]]></failure>
  </testcase>
  <testcase name="grammarTests" classname="org.purl.grammar.GrammarValidationTest" time="0.0">
    <failure message="[grammar.types.cocoapods-test.input.pkg:cocoapods/GoogleUtilities@7.5.2#NSData+zlib[2]] Expected grammar to match: pkg:cocoapods/GoogleUtilities@7.5.2#NSData+zlib ==&gt; expected: &lt;true&gt; but was: &lt;false&gt;" type="org.opentest4j.AssertionFailedError"><![CDATA[org.opentest4j.AssertionFailedError: [grammar.types.cocoapods-test.input.pkg:cocoapods/GoogleUtilities@7.5.2#NSData+zlib[2]] Expected grammar to match: pkg:cocoapods/GoogleUtilities@7.5.2#NSData+zlib ==> expected: <true> but was: <false>
	at org.junit.jupiter.api.AssertionFailureBuilder.build(AssertionFailureBuilder.java:151)
	at org.junit.jupiter.api.AssertionFailureBuilder.buildAndThrow(AssertionFailureBuilder.java:132)
	at org.junit.jupiter.api.AssertTrue.failNotTrue(AssertTrue.java:63)
	at org.junit.jupiter.api.AssertTrue.assertTrue(AssertTrue.java:36)
	at org.junit.jupiter.api.Assertions.assertTrue(Assertions.java:214)
	at org.purl.grammar.GrammarValidationTest.lambda$buildTest$1(GrammarValidationTest.java:235)
	at java.base/java.util.Optional.ifPresent(Optional.java:178)
	at java.base/java.util.ArrayList.forEach(ArrayList.java:1511)
	at java.base/java.util.ArrayList.forEach(ArrayList.java:1511)
]]></failure>
  </testcase>
  <testcase name="grammarTests" classname="org.purl.grammar.GrammarValidationTest" time="0.0"/>
  <testcase name="grammarTests" classname="org.purl.grammar.GrammarValidationTest" time="0.001"/>
  <testcase name="grammarTests" classname="org.purl.grammar.GrammarValidationTest" time="0.0"/>
  <testcase name="grammarTests" classname="org.purl.grammar.GrammarValidationTest" time="0.001"/>
  <testcase name="grammarTests" classname="org.purl.grammar.GrammarValidationTest" time="0.0"/>
  <testcase name="grammarTests" classname="org.purl.grammar.GrammarValidationTest" time="0.0"/>
  <testcase name="grammarTests" classname="org.purl.grammar.GrammarValidationTest" time="0.0"/>
  <testcase name="grammarTests" classname="org.purl.grammar.GrammarValidationTest" time="0.0"/>
  <testcase name="grammarTests" classname="org.purl.grammar.GrammarValidationTest" time="0.001"/>
  <testcase name="grammarTests" classname="org.purl.grammar.GrammarValidationTest" time="0.0"/>
  <testcase name="grammarTests" classname="org.purl.grammar.GrammarValidationTest" time="0.001"/>
  <testcase name="grammarTests" classname="org.purl.grammar.GrammarValidationTest" time="0.0"/>
  <testcase name="grammarTests" classname="org.purl.grammar.GrammarValidationTest" time="0.0"/>
  <testcase name="grammarTests" classname="org.purl.grammar.GrammarValidationTest" time="0.0"/>
  <testcase name="grammarTests" classname="org.purl.grammar.GrammarValidationTest" time="0.0"/>
  <testcase name="grammarTests" classname="org.purl.grammar.GrammarValidationTest" time="0.0"/>
  <testcase name="grammarTests" classname="org.purl.grammar.GrammarValidationTest" time="0.001"/>
  <testcase name="grammarTests" classname="org.purl.grammar.GrammarValidationTest" time="0.0"/>
  <testcase name="grammarTests" classname="org.purl.grammar.GrammarValidationTest" time="0.0"/>
  <testcase name="grammarTests" classname="org.purl.grammar.GrammarValidationTest" time="0.0"/>
  <testcase name="grammarTests" classname="org.purl.grammar.GrammarValidationTest" time="0.0"/>
  <testcase name="grammarTests" classname="org.purl.grammar.GrammarValidationTest" time="0.0"/>
  <testcase name="grammarTests" classname="org.purl.grammar.GrammarValidationTest" time="0.001"/>
  <testcase name="grammarTests" classname="org.purl.grammar.GrammarValidationTest" time="0.0"/>
  <testcase name="grammarTests" classname="org.purl.grammar.GrammarValidationTest" time="0.0"/>
  <testcase name="grammarTests" classname="org.purl.grammar.GrammarValidationTest" time="0.0"/>
  <testcase name="grammarTests" classname="org.purl.grammar.GrammarValidationTest" time="0.0"/>
  <testcase name="grammarTests" classname="org.purl.grammar.GrammarValidationTest" time="0.0"/>
  <testcase name="grammarTests" classname="org.purl.grammar.GrammarValidationTest" time="0.001"/>
  <testcase name="grammarTests" classname="org.purl.grammar.GrammarValidationTest" time="0.0"/>
  <testcase name="grammarTests" classname="org.purl.grammar.GrammarValidationTest" time="0.0"/>
  <testcase name="grammarTests" classname="org.purl.grammar.GrammarValidationTest" time="0.001"/>
  <testcase name="grammarTests" classname="org.purl.grammar.GrammarValidationTest" time="0.0"/>
  <testcase name="grammarTests" classname="org.purl.grammar.GrammarValidationTest" time="0.0"/>
  <testcase name="grammarTests" classname="org.purl.grammar.GrammarValidationTest" time="0.0"/>
  <testcase name="grammarTests" classname="org.purl.grammar.GrammarValidationTest" time="0.001"/>
  <testcase name="grammarTests" classname="org.purl.grammar.GrammarValidationTest" time="0.0"/>
  <testcase name="grammarTests" classname="org.purl.grammar.GrammarValidationTest" time="0.001"/>
  <testcase name="grammarTests" classname="org.purl.grammar.GrammarValidationTest" time="0.0"/>
  <testcase name="grammarTests" classname="org.purl.grammar.GrammarValidationTest" time="0.001"/>
  <testcase name="grammarTests" classname="org.purl.grammar.GrammarValidationTest" time="0.0"/>
  <testcase name="grammarTests" classname="org.purl.grammar.GrammarValidationTest" time="0.0"/>
  <testcase name="grammarTests" classname="org.purl.grammar.GrammarValidationTest" time="0.001"/>
  <testcase name="grammarTests" classname="org.purl.grammar.GrammarValidationTest" time="0.0"/>
  <testcase name="grammarTests" classname="org.purl.grammar.GrammarValidationTest" time="0.0"/>
  <testcase name="grammarTests" classname="org.purl.grammar.GrammarValidationTest" time="0.0"/>
  <testcase name="grammarTests" classname="org.purl.grammar.GrammarValidationTest" time="0.0"/>
  <testcase name="grammarTests" classname="org.purl.grammar.GrammarValidationTest" time="0.0"/>
  <testcase name="grammarTests" classname="org.purl.grammar.GrammarValidationTest" time="0.0"/>
  <testcase name="grammarTests" classname="org.purl.grammar.GrammarValidationTest" time="0.0"/>
  <testcase name="grammarTests" classname="org.purl.grammar.GrammarValidationTest" time="0.001"/>
  <testcase name="grammarTests" classname="org.purl.grammar.GrammarValidationTest" time="0.001"/>
  <testcase name="grammarTests" classname="org.purl.grammar.GrammarValidationTest" time="0.0"/>
  <testcase name="grammarTests" classname="org.purl.grammar.GrammarValidationTest" time="0.001"/>
  <testcase name="grammarTests" classname="org.purl.grammar.GrammarValidationTest" time="0.0"/>
  <testcase name="grammarTests" classname="org.purl.grammar.GrammarValidationTest" time="0.001">
    <failure message="[grammar.types.cpan-test.input.pkg:cpan/LWP::UserAgent@6.7.6] Expected grammar NOT to match (expected_failure=true): pkg:cpan/LWP::UserAgent@6.7.6 ==&gt; expected: &lt;false&gt; but was: &lt;true&gt;" type="org.opentest4j.AssertionFailedError"><![CDATA[org.opentest4j.AssertionFailedError: [grammar.types.cpan-test.input.pkg:cpan/LWP::UserAgent@6.7.6] Expected grammar NOT to match (expected_failure=true): pkg:cpan/LWP::UserAgent@6.7.6 ==> expected: <false> but was: <true>
	at org.junit.jupiter.api.AssertionFailureBuilder.build(AssertionFailureBuilder.java:151)
	at org.junit.jupiter.api.AssertionFailureBuilder.buildAndThrow(AssertionFailureBuilder.java:132)
	at org.junit.jupiter.api.AssertFalse.failNotFalse(AssertFalse.java:63)
	at org.junit.jupiter.api.AssertFalse.assertFalse(AssertFalse.java:36)
	at org.junit.jupiter.api.Assertions.assertFalse(Assertions.java:239)
	at org.purl.grammar.GrammarValidationTest.lambda$buildTest$1(GrammarValidationTest.java:231)
	at java.base/java.util.Optional.ifPresent(Optional.java:178)
	at java.base/java.util.ArrayList.forEach(ArrayList.java:1511)
	at java.base/java.util.ArrayList.forEach(ArrayList.java:1511)
]]></failure>
  </testcase>
  <testcase name="grammarTests" classname="org.purl.grammar.GrammarValidationTest" time="0.0">
    <failure message="[grammar.types.cpan-test.input.pkg:cpan/GDT/URI::PackageURL] Expected grammar NOT to match (expected_failure=true): pkg:cpan/GDT/URI::PackageURL ==&gt; expected: &lt;false&gt; but was: &lt;true&gt;" type="org.opentest4j.AssertionFailedError"><![CDATA[org.opentest4j.AssertionFailedError: [grammar.types.cpan-test.input.pkg:cpan/GDT/URI::PackageURL] Expected grammar NOT to match (expected_failure=true): pkg:cpan/GDT/URI::PackageURL ==> expected: <false> but was: <true>
	at org.junit.jupiter.api.AssertionFailureBuilder.build(AssertionFailureBuilder.java:151)
	at org.junit.jupiter.api.AssertionFailureBuilder.buildAndThrow(AssertionFailureBuilder.java:132)
	at org.junit.jupiter.api.AssertFalse.failNotFalse(AssertFalse.java:63)
	at org.junit.jupiter.api.AssertFalse.assertFalse(AssertFalse.java:36)
	at org.junit.jupiter.api.Assertions.assertFalse(Assertions.java:239)
	at org.purl.grammar.GrammarValidationTest.lambda$buildTest$1(GrammarValidationTest.java:231)
	at java.base/java.util.Optional.ifPresent(Optional.java:178)
	at java.base/java.util.ArrayList.forEach(ArrayList.java:1511)
	at java.base/java.util.ArrayList.forEach(ArrayList.java:1511)
]]></failure>
  </testcase>
  <testcase name="grammarTests" classname="org.purl.grammar.GrammarValidationTest" time="0.0"/>
  <testcase name="grammarTests" classname="org.purl.grammar.GrammarValidationTest" time="0.0"/>
  <testcase name="grammarTests" classname="org.purl.grammar.GrammarValidationTest" time="0.0"/>
  <testcase name="grammarTests" classname="org.purl.grammar.GrammarValidationTest" time="0.0"/>
  <testcase name="grammarTests" classname="org.purl.grammar.GrammarValidationTest" time="0.001"/>
  <testcase name="grammarTests" classname="org.purl.grammar.GrammarValidationTest" time="0.0"/>
  <testcase name="grammarTests" classname="org.purl.grammar.GrammarValidationTest" time="0.001"/>
  <testcase name="grammarTests" classname="org.purl.grammar.GrammarValidationTest" time="0.0"/>
  <testcase name="grammarTests" classname="org.purl.grammar.GrammarValidationTest" time="0.001"/>
  <testcase name="grammarTests" classname="org.purl.grammar.GrammarValidationTest" time="0.0"/>
  <testcase name="grammarTests" classname="org.purl.grammar.GrammarValidationTest" time="0.001"/>
  <testcase name="grammarTests" classname="org.purl.grammar.GrammarValidationTest" time="0.0"/>
  <testcase name="grammarTests" classname="org.purl.grammar.GrammarValidationTest" time="0.0"/>
  <testcase name="grammarTests" classname="org.purl.grammar.GrammarValidationTest" time="0.0"/>
  <testcase name="grammarTests" classname="org.purl.grammar.GrammarValidationTest" time="0.0"/>
  <testcase name="grammarTests" classname="org.purl.grammar.GrammarValidationTest" time="0.0"/>
  <testcase name="grammarTests" classname="org.purl.grammar.GrammarValidationTest" time="0.0"/>
  <testcase name="grammarTests" classname="org.purl.grammar.GrammarValidationTest" time="0.0"/>
  <testcase name="grammarTests" classname="org.purl.grammar.GrammarValidationTest" time="0.001"/>
  <testcase name="grammarTests" classname="org.purl.grammar.GrammarValidationTest" time="0.0"/>
  <testcase name="grammarTests" classname="org.purl.grammar.GrammarValidationTest" time="0.001"/>
  <testcase name="grammarTests" classname="org.purl.grammar.GrammarValidationTest" time="0.0"/>
  <testcase name="grammarTests" classname="org.purl.grammar.GrammarValidationTest" time="0.0"/>
  <testcase name="grammarTests" classname="org.purl.grammar.GrammarValidationTest" time="0.0"/>
  <testcase name="grammarTests" classname="org.purl.grammar.GrammarValidationTest" time="0.0"/>
  <testcase name="grammarTests" classname="org.purl.grammar.GrammarValidationTest" time="0.0"/>
  <testcase name="grammarTests" classname="org.purl.grammar.GrammarValidationTest" time="0.001"/>
  <testcase name="grammarTests" classname="org.purl.grammar.GrammarValidationTest" time="0.0"/>
  <testcase name="grammarTests" classname="org.purl.grammar.GrammarValidationTest" time="0.0"/>
  <testcase name="grammarTests" classname="org.purl.grammar.GrammarValidationTest" time="0.001"/>
  <testcase name="grammarTests" classname="org.purl.grammar.GrammarValidationTest" time="0.0"/>
  <testcase name="grammarTests" classname="org.purl.grammar.GrammarValidationTest" time="0.0"/>
  <testcase name="grammarTests" classname="org.purl.grammar.GrammarValidationTest" time="0.0"/>
  <testcase name="grammarTests" classname="org.purl.grammar.GrammarValidationTest" time="0.0"/>
  <testcase name="grammarTests" classname="org.purl.grammar.GrammarValidationTest" time="0.0"/>
  <testcase name="grammarTests" classname="org.purl.grammar.GrammarValidationTest" time="0.0"/>
  <testcase name="grammarTests" classname="org.purl.grammar.GrammarValidationTest" time="0.0"/>
  <testcase name="grammarTests" classname="org.purl.grammar.GrammarValidationTest" time="0.0"/>
  <testcase name="grammarTests" classname="org.purl.grammar.GrammarValidationTest" time="0.001"/>
  <testcase name="grammarTests" classname="org.purl.grammar.GrammarValidationTest" time="0.0"/>
  <testcase name="grammarTests" classname="org.purl.grammar.GrammarValidationTest" time="0.0"/>
  <testcase name="grammarTests" classname="org.purl.grammar.GrammarValidationTest" time="0.0"/>
  <testcase name="grammarTests" classname="org.purl.grammar.GrammarValidationTest" time="0.001"/>
  <testcase name="grammarTests" classname="org.purl.grammar.GrammarValidationTest" time="0.0"/>
  <testcase name="grammarTests" classname="org.purl.grammar.GrammarValidationTest" time="0.0"/>
  <testcase name="grammarTests" classname="org.purl.grammar.GrammarValidationTest" time="0.0"/>
  <testcase name="grammarTests" classname="org.purl.grammar.GrammarValidationTest" time="0.001"/>
  <testcase name="grammarTests" classname="org.purl.grammar.GrammarValidationTest" time="0.0"/>
  <testcase name="grammarTests" classname="org.purl.grammar.GrammarValidationTest" time="0.0"/>
  <testcase name="grammarTests" classname="org.purl.grammar.GrammarValidationTest" time="0.001"/>
  <testcase name="grammarTests" classname="org.purl.grammar.GrammarValidationTest" time="0.0"/>
  <testcase name="grammarTests" classname="org.purl.grammar.GrammarValidationTest" time="0.001"/>
  <testcase name="grammarTests" classname="org.purl.grammar.GrammarValidationTest" time="0.0"/>
  <testcase name="grammarTests" classname="org.purl.grammar.GrammarValidationTest" time="0.0"/>
  <testcase name="grammarTests" classname="org.purl.grammar.GrammarValidationTest" time="0.0"/>
  <testcase name="grammarTests" classname="org.purl.grammar.GrammarValidationTest" time="0.0"/>
  <testcase name="grammarTests" classname="org.purl.grammar.GrammarValidationTest" time="0.0"/>
  <testcase name="grammarTests" classname="org.purl.grammar.GrammarValidationTest" time="0.0"/>
  <testcase name="grammarTests" classname="org.purl.grammar.GrammarValidationTest" time="0.0"/>
  <testcase name="grammarTests" classname="org.purl.grammar.GrammarValidationTest" time="0.0"/>
  <testcase name="grammarTests" classname="org.purl.grammar.GrammarValidationTest" time="0.001"/>
  <testcase name="grammarTests" classname="org.purl.grammar.GrammarValidationTest" time="0.0">
    <failure message="[grammar.types.docker-test.input.pkg:docker/customer/dockerimage@sha256%3A244fd47e07d1004f0aed9c?repository_url=gcr.io] Expected grammar to match: pkg:docker/customer/dockerimage@sha256%3A244fd47e07d1004f0aed9c?repository_url=gcr.io ==&gt; expected: &lt;true&gt; but was: &lt;false&gt;" type="org.opentest4j.AssertionFailedError"><![CDATA[org.opentest4j.AssertionFailedError: [grammar.types.docker-test.input.pkg:docker/customer/dockerimage@sha256%3A244fd47e07d1004f0aed9c?repository_url=gcr.io] Expected grammar to match: pkg:docker/customer/dockerimage@sha256%3A244fd47e07d1004f0aed9c?repository_url=gcr.io ==> expected: <true> but was: <false>
	at org.junit.jupiter.api.AssertionFailureBuilder.build(AssertionFailureBuilder.java:151)
	at org.junit.jupiter.api.AssertionFailureBuilder.buildAndThrow(AssertionFailureBuilder.java:132)
	at org.junit.jupiter.api.AssertTrue.failNotTrue(AssertTrue.java:63)
	at org.junit.jupiter.api.AssertTrue.assertTrue(AssertTrue.java:36)
	at org.junit.jupiter.api.Assertions.assertTrue(Assertions.java:214)
	at org.purl.grammar.GrammarValidationTest.lambda$buildTest$1(GrammarValidationTest.java:235)
	at java.base/java.util.Optional.ifPresent(Optional.java:178)
	at java.base/java.util.ArrayList.forEach(ArrayList.java:1511)
	at java.base/java.util.ArrayList.forEach(ArrayList.java:1511)
]]></failure>
  </testcase>
  <testcase name="grammarTests" classname="org.purl.grammar.GrammarValidationTest" time="0.0"/>
  <testcase name="grammarTests" classname="org.purl.grammar.GrammarValidationTest" time="0.0"/>
  <testcase name="grammarTests" classname="org.purl.grammar.GrammarValidationTest" time="0.0"/>
  <testcase name="grammarTests" classname="org.purl.grammar.GrammarValidationTest" time="0.0"/>
  <testcase name="grammarTests" classname="org.purl.grammar.GrammarValidationTest" time="0.0"/>
  <testcase name="grammarTests" classname="org.purl.grammar.GrammarValidationTest" time="0.0"/>
  <testcase name="grammarTests" classname="org.purl.grammar.GrammarValidationTest" time="0.0"/>
  <testcase name="grammarTests" classname="org.purl.grammar.GrammarValidationTest" time="0.0"/>
  <testcase name="grammarTests" classname="org.purl.grammar.GrammarValidationTest" time="0.0"/>
  <testcase name="grammarTests" classname="org.purl.grammar.GrammarValidationTest" time="0.0"/>
  <testcase name="grammarTests" classname="org.purl.grammar.GrammarValidationTest" time="0.0"/>
  <testcase name="grammarTests" classname="org.purl.grammar.GrammarValidationTest" time="0.0"/>
  <testcase name="grammarTests" classname="org.purl.grammar.GrammarValidationTest" time="0.0"/>
  <testcase name="grammarTests" classname="org.purl.grammar.GrammarValidationTest" time="0.0"/>
  <testcase name="grammarTests" classname="org.purl.grammar.GrammarValidationTest" time="0.0"/>
  <testcase name="grammarTests" classname="org.purl.grammar.GrammarValidationTest" time="0.001"/>
  <testcase name="grammarTests" classname="org.purl.grammar.GrammarValidationTest" time="0.0"/>
  <testcase name="grammarTests" classname="org.purl.grammar.GrammarValidationTest" time="0.0"/>
  <testcase name="grammarTests" classname="org.purl.grammar.GrammarValidationTest" time="0.0"/>
  <testcase name="grammarTests" classname="org.purl.grammar.GrammarValidationTest" time="0.0"/>
  <testcase name="grammarTests" classname="org.purl.grammar.GrammarValidationTest" time="0.001"/>
  <testcase name="grammarTests" classname="org.purl.grammar.GrammarValidationTest" time="0.0"/>
  <testcase name="grammarTests" classname="org.purl.grammar.GrammarValidationTest" time="0.0"/>
  <testcase name="grammarTests" classname="org.purl.grammar.GrammarValidationTest" time="0.0"/>
  <testcase name="grammarTests" classname="org.purl.grammar.GrammarValidationTest" time="0.0"/>
  <testcase name="grammarTests" classname="org.purl.grammar.GrammarValidationTest" time="0.0"/>
  <testcase name="grammarTests" classname="org.purl.grammar.GrammarValidationTest" time="0.0"/>
  <testcase name="grammarTests" classname="org.purl.grammar.GrammarValidationTest" time="0.0"/>
  <testcase name="grammarTests" classname="org.purl.grammar.GrammarValidationTest" time="0.001"/>
  <testcase name="grammarTests" classname="org.purl.grammar.GrammarValidationTest" time="0.0"/>
  <testcase name="grammarTests" classname="org.purl.grammar.GrammarValidationTest" time="0.0"/>
  <testcase name="grammarTests" classname="org.purl.grammar.GrammarValidationTest" time="0.0"/>
  <testcase name="grammarTests" classname="org.purl.grammar.GrammarValidationTest" time="0.001"/>
  <testcase name="grammarTests" classname="org.purl.grammar.GrammarValidationTest" time="0.0"/>
  <testcase name="grammarTests" classname="org.purl.grammar.GrammarValidationTest" time="0.0"/>
  <testcase name="grammarTests" classname="org.purl.grammar.GrammarValidationTest" time="0.001">
    <failure message="[grammar.types.generic-test.input.pkg:generic/openssl@1.1.10g?download_url=https://openssl.org/source/openssl-1.1.0g.tar.gz&amp;checksum=sha256:de4d501267da] Expected grammar to match: pkg:generic/openssl@1.1.10g?download_url=https://openssl.org/source/openssl-1.1.0g.tar.gz&amp;checksum=sha256:de4d501267da ==&gt; expected: &lt;true&gt; but was: &lt;false&gt;" type="org.opentest4j.AssertionFailedError"><![CDATA[org.opentest4j.AssertionFailedError: [grammar.types.generic-test.input.pkg:generic/openssl@1.1.10g?download_url=https://openssl.org/source/openssl-1.1.0g.tar.gz&checksum=sha256:de4d501267da] Expected grammar to match: pkg:generic/openssl@1.1.10g?download_url=https://openssl.org/source/openssl-1.1.0g.tar.gz&checksum=sha256:de4d501267da ==> expected: <true> but was: <false>
	at org.junit.jupiter.api.AssertionFailureBuilder.build(AssertionFailureBuilder.java:151)
	at org.junit.jupiter.api.AssertionFailureBuilder.buildAndThrow(AssertionFailureBuilder.java:132)
	at org.junit.jupiter.api.AssertTrue.failNotTrue(AssertTrue.java:63)
	at org.junit.jupiter.api.AssertTrue.assertTrue(AssertTrue.java:36)
	at org.junit.jupiter.api.Assertions.assertTrue(Assertions.java:214)
	at org.purl.grammar.GrammarValidationTest.lambda$buildTest$1(GrammarValidationTest.java:235)
	at java.base/java.util.Optional.ifPresent(Optional.java:178)
	at java.base/java.util.ArrayList.forEach(ArrayList.java:1511)
	at java.base/java.util.ArrayList.forEach(ArrayList.java:1511)
]]></failure>
  </testcase>
  <testcase name="grammarTests" classname="org.purl.grammar.GrammarValidationTest" time="0.0">
    <failure message="[grammar.types.generic-test.input.pkg:generic/openssl@1.1.10g?download_url=https://openssl.org/source/openssl-1.1.0g.tar.gz&amp;checksum=sha256:de4d501267da[2]] Expected grammar to match: pkg:generic/openssl@1.1.10g?download_url=https://openssl.org/source/openssl-1.1.0g.tar.gz&amp;checksum=sha256:de4d501267da ==&gt; expected: &lt;true&gt; but was: &lt;false&gt;" type="org.opentest4j.AssertionFailedError"><![CDATA[org.opentest4j.AssertionFailedError: [grammar.types.generic-test.input.pkg:generic/openssl@1.1.10g?download_url=https://openssl.org/source/openssl-1.1.0g.tar.gz&checksum=sha256:de4d501267da[2]] Expected grammar to match: pkg:generic/openssl@1.1.10g?download_url=https://openssl.org/source/openssl-1.1.0g.tar.gz&checksum=sha256:de4d501267da ==> expected: <true> but was: <false>
	at org.junit.jupiter.api.AssertionFailureBuilder.build(AssertionFailureBuilder.java:151)
	at org.junit.jupiter.api.AssertionFailureBuilder.buildAndThrow(AssertionFailureBuilder.java:132)
	at org.junit.jupiter.api.AssertTrue.failNotTrue(AssertTrue.java:63)
	at org.junit.jupiter.api.AssertTrue.assertTrue(AssertTrue.java:36)
	at org.junit.jupiter.api.Assertions.assertTrue(Assertions.java:214)
	at org.purl.grammar.GrammarValidationTest.lambda$buildTest$1(GrammarValidationTest.java:235)
	at java.base/java.util.Optional.ifPresent(Optional.java:178)
	at java.base/java.util.ArrayList.forEach(ArrayList.java:1511)
	at java.base/java.util.ArrayList.forEach(ArrayList.java:1511)
]]></failure>
  </testcase>
  <testcase name="grammarTests" classname="org.purl.grammar.GrammarValidationTest" time="0.001"/>
  <testcase name="grammarTests" classname="org.purl.grammar.GrammarValidationTest" time="0.0"/>
  <testcase name="grammarTests" classname="org.purl.grammar.GrammarValidationTest" time="0.0">
    <failure message="[grammar.types.generic-test.input.pkg:generic/bitwarderl?vcs_url=git%2Bhttps://git.fsfe.org/dxtr/bitwarderl%40cc55108da32] Expected grammar to match: pkg:generic/bitwarderl?vcs_url=git%2Bhttps://git.fsfe.org/dxtr/bitwarderl%40cc55108da32 ==&gt; expected: &lt;true&gt; but was: &lt;false&gt;" type="org.opentest4j.AssertionFailedError"><![CDATA[org.opentest4j.AssertionFailedError: [grammar.types.generic-test.input.pkg:generic/bitwarderl?vcs_url=git%2Bhttps://git.fsfe.org/dxtr/bitwarderl%40cc55108da32] Expected grammar to match: pkg:generic/bitwarderl?vcs_url=git%2Bhttps://git.fsfe.org/dxtr/bitwarderl%40cc55108da32 ==> expected: <true> but was: <false>
	at org.junit.jupiter.api.AssertionFailureBuilder.build(AssertionFailureBuilder.java:151)
	at org.junit.jupiter.api.AssertionFailureBuilder.buildAndThrow(AssertionFailureBuilder.java:132)
	at org.junit.jupiter.api.AssertTrue.failNotTrue(AssertTrue.java:63)
	at org.junit.jupiter.api.AssertTrue.assertTrue(AssertTrue.java:36)
	at org.junit.jupiter.api.Assertions.assertTrue(Assertions.java:214)
	at org.purl.grammar.GrammarValidationTest.lambda$buildTest$1(GrammarValidationTest.java:235)
	at java.base/java.util.Optional.ifPresent(Optional.java:178)
	at java.base/java.util.ArrayList.forEach(ArrayList.java:1511)
	at java.base/java.util.ArrayList.forEach(ArrayList.java:1511)
]]></failure>
  </testcase>
  <testcase name="grammarTests" classname="org.purl.grammar.GrammarValidationTest" time="0.001">
    <failure message="[grammar.types.generic-test.input.pkg:generic/bitwarderl?vcs_url=git%2Bhttps://git.fsfe.org/dxtr/bitwarderl%40cc55108da32[2]] Expected grammar to match: pkg:generic/bitwarderl?vcs_url=git%2Bhttps://git.fsfe.org/dxtr/bitwarderl%40cc55108da32 ==&gt; expected: &lt;true&gt; but was: &lt;false&gt;" type="org.opentest4j.AssertionFailedError"><![CDATA[org.opentest4j.AssertionFailedError: [grammar.types.generic-test.input.pkg:generic/bitwarderl?vcs_url=git%2Bhttps://git.fsfe.org/dxtr/bitwarderl%40cc55108da32[2]] Expected grammar to match: pkg:generic/bitwarderl?vcs_url=git%2Bhttps://git.fsfe.org/dxtr/bitwarderl%40cc55108da32 ==> expected: <true> but was: <false>
	at org.junit.jupiter.api.AssertionFailureBuilder.build(AssertionFailureBuilder.java:151)
	at org.junit.jupiter.api.AssertionFailureBuilder.buildAndThrow(AssertionFailureBuilder.java:132)
	at org.junit.jupiter.api.AssertTrue.failNotTrue(AssertTrue.java:63)
	at org.junit.jupiter.api.AssertTrue.assertTrue(AssertTrue.java:36)
	at org.junit.jupiter.api.Assertions.assertTrue(Assertions.java:214)
	at org.purl.grammar.GrammarValidationTest.lambda$buildTest$1(GrammarValidationTest.java:235)
	at java.base/java.util.Optional.ifPresent(Optional.java:178)
	at java.base/java.util.ArrayList.forEach(ArrayList.java:1511)
	at java.base/java.util.ArrayList.forEach(ArrayList.java:1511)
]]></failure>
  </testcase>
  <testcase name="grammarTests" classname="org.purl.grammar.GrammarValidationTest" time="0.0"/>
  <testcase name="grammarTests" classname="org.purl.grammar.GrammarValidationTest" time="0.0"/>
  <testcase name="grammarTests" classname="org.purl.grammar.GrammarValidationTest" time="0.0"/>
  <testcase name="grammarTests" classname="org.purl.grammar.GrammarValidationTest" time="0.0"/>
  <testcase name="grammarTests" classname="org.purl.grammar.GrammarValidationTest" time="0.0"/>
  <testcase name="grammarTests" classname="org.purl.grammar.GrammarValidationTest" time="0.0"/>
  <testcase name="grammarTests" classname="org.purl.grammar.GrammarValidationTest" time="0.0"/>
  <testcase name="grammarTests" classname="org.purl.grammar.GrammarValidationTest" time="0.0"/>
  <testcase name="grammarTests" classname="org.purl.grammar.GrammarValidationTest" time="0.0"/>
  <testcase name="grammarTests" classname="org.purl.grammar.GrammarValidationTest" time="0.0"/>
  <testcase name="grammarTests" classname="org.purl.grammar.GrammarValidationTest" time="0.0"/>
  <testcase name="grammarTests" classname="org.purl.grammar.GrammarValidationTest" time="0.001"/>
  <testcase name="grammarTests" classname="org.purl.grammar.GrammarValidationTest" time="0.0"/>
  <testcase name="grammarTests" classname="org.purl.grammar.GrammarValidationTest" time="0.0"/>
  <testcase name="grammarTests" classname="org.purl.grammar.GrammarValidationTest" time="0.0"/>
  <testcase name="grammarTests" classname="org.purl.grammar.GrammarValidationTest" time="0.0"/>
  <testcase name="grammarTests" classname="org.purl.grammar.GrammarValidationTest" time="0.0"/>
  <testcase name="grammarTests" classname="org.purl.grammar.GrammarValidationTest" time="0.0"/>
  <testcase name="grammarTests" classname="org.purl.grammar.GrammarValidationTest" time="0.0"/>
  <testcase name="grammarTests" classname="org.purl.grammar.GrammarValidationTest" time="0.0"/>
  <testcase name="grammarTests" classname="org.purl.grammar.GrammarValidationTest" time="0.0"/>
  <testcase name="grammarTests" classname="org.purl.grammar.GrammarValidationTest" time="0.0"/>
  <testcase name="grammarTests" classname="org.purl.grammar.GrammarValidationTest" time="0.0"/>
  <testcase name="grammarTests" classname="org.purl.grammar.GrammarValidationTest" time="0.001"/>
  <testcase name="grammarTests" classname="org.purl.grammar.GrammarValidationTest" time="0.0"/>
  <testcase name="grammarTests" classname="org.purl.grammar.GrammarValidationTest" time="0.0"/>
  <testcase name="grammarTests" classname="org.purl.grammar.GrammarValidationTest" time="0.0"/>
  <testcase name="grammarTests" classname="org.purl.grammar.GrammarValidationTest" time="0.0"/>
  <testcase name="grammarTests" classname="org.purl.grammar.GrammarValidationTest" time="0.0"/>
  <testcase name="grammarTests" classname="org.purl.grammar.GrammarValidationTest" time="0.0"/>
  <testcase name="grammarTests" classname="org.purl.grammar.GrammarValidationTest" time="0.0"/>
  <testcase name="grammarTests" classname="org.purl.grammar.GrammarValidationTest" time="0.0"/>
  <testcase name="grammarTests" classname="org.purl.grammar.GrammarValidationTest" time="0.0"/>
  <testcase name="grammarTests" classname="org.purl.grammar.GrammarValidationTest" time="0.0"/>
  <testcase name="grammarTests" classname="org.purl.grammar.GrammarValidationTest" time="0.0"/>
  <testcase name="grammarTests" classname="org.purl.grammar.GrammarValidationTest" time="0.0"/>
  <testcase name="grammarTests" classname="org.purl.grammar.GrammarValidationTest" time="0.0"/>
  <testcase name="grammarTests" classname="org.purl.grammar.GrammarValidationTest" time="0.001"/>
  <testcase name="grammarTests" classname="org.purl.grammar.GrammarValidationTest" time="0.0"/>
  <testcase name="grammarTests" classname="org.purl.grammar.GrammarValidationTest" time="0.0"/>
  <testcase name="grammarTests" classname="org.purl.grammar.GrammarValidationTest" time="0.001"/>
  <testcase name="grammarTests" classname="org.purl.grammar.GrammarValidationTest" time="0.0"/>
  <testcase name="grammarTests" classname="org.purl.grammar.GrammarValidationTest" time="0.0"/>
  <testcase name="grammarTests" classname="org.purl.grammar.GrammarValidationTest" time="0.001"/>
  <testcase name="grammarTests" classname="org.purl.grammar.GrammarValidationTest" time="0.0"/>
  <testcase name="grammarTests" classname="org.purl.grammar.GrammarValidationTest" time="0.0"/>
  <testcase name="grammarTests" classname="org.purl.grammar.GrammarValidationTest" time="0.001"/>
  <testcase name="grammarTests" classname="org.purl.grammar.GrammarValidationTest" time="0.0"/>
  <testcase name="grammarTests" classname="org.purl.grammar.GrammarValidationTest" time="0.0"/>
  <testcase name="grammarTests" classname="org.purl.grammar.GrammarValidationTest" time="0.001"/>
  <testcase name="grammarTests" classname="org.purl.grammar.GrammarValidationTest" time="0.0"/>
  <testcase name="grammarTests" classname="org.purl.grammar.GrammarValidationTest" time="0.0"/>
  <testcase name="grammarTests" classname="org.purl.grammar.GrammarValidationTest" time="0.0"/>
  <testcase name="grammarTests" classname="org.purl.grammar.GrammarValidationTest" time="0.0"/>
  <testcase name="grammarTests" classname="org.purl.grammar.GrammarValidationTest" time="0.0"/>
  <testcase name="grammarTests" classname="org.purl.grammar.GrammarValidationTest" time="0.0"/>
  <testcase name="grammarTests" classname="org.purl.grammar.GrammarValidationTest" time="0.0"/>
  <testcase name="grammarTests" classname="org.purl.grammar.GrammarValidationTest" time="0.0"/>
  <testcase name="grammarTests" classname="org.purl.grammar.GrammarValidationTest" time="0.0"/>
  <testcase name="grammarTests" classname="org.purl.grammar.GrammarValidationTest" time="0.0"/>
  <testcase name="grammarTests" classname="org.purl.grammar.GrammarValidationTest" time="0.0"/>
  <testcase name="grammarTests" classname="org.purl.grammar.GrammarValidationTest" time="0.0"/>
  <testcase name="grammarTests" classname="org.purl.grammar.GrammarValidationTest" time="0.0"/>
  <testcase name="grammarTests" classname="org.purl.grammar.GrammarValidationTest" time="0.0"/>
  <testcase name="grammarTests" classname="org.purl.grammar.GrammarValidationTest" time="0.0"/>
  <testcase name="grammarTests" classname="org.purl.grammar.GrammarValidationTest" time="0.0"/>
  <testcase name="grammarTests" classname="org.purl.grammar.GrammarValidationTest" time="0.001"/>
  <testcase name="grammarTests" classname="org.purl.grammar.GrammarValidationTest" time="0.0"/>
  <testcase name="grammarTests" classname="org.purl.grammar.GrammarValidationTest" time="0.0"/>
  <testcase name="grammarTests" classname="org.purl.grammar.GrammarValidationTest" time="0.0"/>
  <testcase name="grammarTests" classname="org.purl.grammar.GrammarValidationTest" time="0.0"/>
  <testcase name="grammarTests" classname="org.purl.grammar.GrammarValidationTest" time="0.0"/>
  <testcase name="grammarTests" classname="org.purl.grammar.GrammarValidationTest" time="0.0">
    <failure message="[grammar.types.hex-test.input.pkg:hex/bar@1.2.3?repository_url=https://myrepo.example.com] Expected grammar to match: pkg:hex/bar@1.2.3?repository_url=https://myrepo.example.com ==&gt; expected: &lt;true&gt; but was: &lt;false&gt;" type="org.opentest4j.AssertionFailedError"><![CDATA[org.opentest4j.AssertionFailedError: [grammar.types.hex-test.input.pkg:hex/bar@1.2.3?repository_url=https://myrepo.example.com] Expected grammar to match: pkg:hex/bar@1.2.3?repository_url=https://myrepo.example.com ==> expected: <true> but was: <false>
	at org.junit.jupiter.api.AssertionFailureBuilder.build(AssertionFailureBuilder.java:151)
	at org.junit.jupiter.api.AssertionFailureBuilder.buildAndThrow(AssertionFailureBuilder.java:132)
	at org.junit.jupiter.api.AssertTrue.failNotTrue(AssertTrue.java:63)
	at org.junit.jupiter.api.AssertTrue.assertTrue(AssertTrue.java:36)
	at org.junit.jupiter.api.Assertions.assertTrue(Assertions.java:214)
	at org.purl.grammar.GrammarValidationTest.lambda$buildTest$1(GrammarValidationTest.java:235)
	at java.base/java.util.Optional.ifPresent(Optional.java:178)
	at java.base/java.util.ArrayList.forEach(ArrayList.java:1511)
	at java.base/java.util.ArrayList.forEach(ArrayList.java:1511)
]]></failure>
  </testcase>
  <testcase name="grammarTests" classname="org.purl.grammar.GrammarValidationTest" time="0.0">
    <failure message="[grammar.types.hex-test.input.pkg:hex/bar@1.2.3?repository_url=https://myrepo.example.com[2]] Expected grammar to match: pkg:hex/bar@1.2.3?repository_url=https://myrepo.example.com ==&gt; expected: &lt;true&gt; but was: &lt;false&gt;" type="org.opentest4j.AssertionFailedError"><![CDATA[org.opentest4j.AssertionFailedError: [grammar.types.hex-test.input.pkg:hex/bar@1.2.3?repository_url=https://myrepo.example.com[2]] Expected grammar to match: pkg:hex/bar@1.2.3?repository_url=https://myrepo.example.com ==> expected: <true> but was: <false>
	at org.junit.jupiter.api.AssertionFailureBuilder.build(AssertionFailureBuilder.java:151)
	at org.junit.jupiter.api.AssertionFailureBuilder.buildAndThrow(AssertionFailureBuilder.java:132)
	at org.junit.jupiter.api.AssertTrue.failNotTrue(AssertTrue.java:63)
	at org.junit.jupiter.api.AssertTrue.assertTrue(AssertTrue.java:36)
	at org.junit.jupiter.api.Assertions.assertTrue(Assertions.java:214)
	at org.purl.grammar.GrammarValidationTest.lambda$buildTest$1(GrammarValidationTest.java:235)
	at java.base/java.util.Optional.ifPresent(Optional.java:178)
	at java.base/java.util.ArrayList.forEach(ArrayList.java:1511)
	at java.base/java.util.ArrayList.forEach(ArrayList.java:1511)
]]></failure>
  </testcase>
  <testcase name="grammarTests" classname="org.purl.grammar.GrammarValidationTest" time="0.0"/>
  <testcase name="grammarTests" classname="org.purl.grammar.GrammarValidationTest" time="0.0"/>
  <testcase name="grammarTests" classname="org.purl.grammar.GrammarValidationTest" time="0.001"/>
  <testcase name="grammarTests" classname="org.purl.grammar.GrammarValidationTest" time="0.0"/>
  <testcase name="grammarTests" classname="org.purl.grammar.GrammarValidationTest" time="0.0"/>
  <testcase name="grammarTests" classname="org.purl.grammar.GrammarValidationTest" time="0.001"/>
  <testcase name="grammarTests" classname="org.purl.grammar.GrammarValidationTest" time="0.0"/>
  <testcase name="grammarTests" classname="org.purl.grammar.GrammarValidationTest" time="0.001"/>
  <testcase name="grammarTests" classname="org.purl.grammar.GrammarValidationTest" time="0.0">
    <failure message="[grammar.types.huggingface-test.input.pkg:huggingface/microsoft/deberta-v3-base@559062ad13d311b87b2c455e67dcd5f1c8f65111?repository_url=https://hub-ci.huggingface.co] Expected grammar to match: pkg:huggingface/microsoft/deberta-v3-base@559062ad13d311b87b2c455e67dcd5f1c8f65111?repository_url=https://hub-ci.huggingface.co ==&gt; expected: &lt;true&gt; but was: &lt;false&gt;" type="org.opentest4j.AssertionFailedError"><![CDATA[org.opentest4j.AssertionFailedError: [grammar.types.huggingface-test.input.pkg:huggingface/microsoft/deberta-v3-base@559062ad13d311b87b2c455e67dcd5f1c8f65111?repository_url=https://hub-ci.huggingface.co] Expected grammar to match: pkg:huggingface/microsoft/deberta-v3-base@559062ad13d311b87b2c455e67dcd5f1c8f65111?repository_url=https://hub-ci.huggingface.co ==> expected: <true> but was: <false>
	at org.junit.jupiter.api.AssertionFailureBuilder.build(AssertionFailureBuilder.java:151)
	at org.junit.jupiter.api.AssertionFailureBuilder.buildAndThrow(AssertionFailureBuilder.java:132)
	at org.junit.jupiter.api.AssertTrue.failNotTrue(AssertTrue.java:63)
	at org.junit.jupiter.api.AssertTrue.assertTrue(AssertTrue.java:36)
	at org.junit.jupiter.api.Assertions.assertTrue(Assertions.java:214)
	at org.purl.grammar.GrammarValidationTest.lambda$buildTest$1(GrammarValidationTest.java:235)
	at java.base/java.util.Optional.ifPresent(Optional.java:178)
	at java.base/java.util.ArrayList.forEach(ArrayList.java:1511)
	at java.base/java.util.ArrayList.forEach(ArrayList.java:1511)
]]></failure>
  </testcase>
  <testcase name="grammarTests" classname="org.purl.grammar.GrammarValidationTest" time="0.0"/>
  <testcase name="grammarTests" classname="org.purl.grammar.GrammarValidationTest" time="0.0">
    <failure message="[grammar.types.huggingface-test.input.pkg:huggingface/microsoft/deberta-v3-base@559062ad13d311b87b2c455e67dcd5f1c8f65111?repository_url=https://hub-ci.huggingface.co[2]] Expected grammar to match: pkg:huggingface/microsoft/deberta-v3-base@559062ad13d311b87b2c455e67dcd5f1c8f65111?repository_url=https://hub-ci.huggingface.co ==&gt; expected: &lt;true&gt; but was: &lt;false&gt;" type="org.opentest4j.AssertionFailedError"><![CDATA[org.opentest4j.AssertionFailedError: [grammar.types.huggingface-test.input.pkg:huggingface/microsoft/deberta-v3-base@559062ad13d311b87b2c455e67dcd5f1c8f65111?repository_url=https://hub-ci.huggingface.co[2]] Expected grammar to match: pkg:huggingface/microsoft/deberta-v3-base@559062ad13d311b87b2c455e67dcd5f1c8f65111?repository_url=https://hub-ci.huggingface.co ==> expected: <true> but was: <false>
	at org.junit.jupiter.api.AssertionFailureBuilder.build(AssertionFailureBuilder.java:151)
	at org.junit.jupiter.api.AssertionFailureBuilder.buildAndThrow(AssertionFailureBuilder.java:132)
	at org.junit.jupiter.api.AssertTrue.failNotTrue(AssertTrue.java:63)
	at org.junit.jupiter.api.AssertTrue.assertTrue(AssertTrue.java:36)
	at org.junit.jupiter.api.Assertions.assertTrue(Assertions.java:214)
	at org.purl.grammar.GrammarValidationTest.lambda$buildTest$1(GrammarValidationTest.java:235)
	at java.base/java.util.Optional.ifPresent(Optional.java:178)
	at java.base/java.util.ArrayList.forEach(ArrayList.java:1511)
	at java.base/java.util.ArrayList.forEach(ArrayList.java:1511)
]]></failure>
  </testcase>
  <testcase name="grammarTests" classname="org.purl.grammar.GrammarValidationTest" time="0.0">
    <failure message="[grammar.types.huggingface-test.input.pkg:huggingface/microsoft/deberta-v3-base@559062ad13d311b87b2c455e67dcd5f1c8f65111?repository_url=https://hub-ci.huggingface.co[3]] Expected grammar to match: pkg:huggingface/microsoft/deberta-v3-base@559062ad13d311b87b2c455e67dcd5f1c8f65111?repository_url=https://hub-ci.huggingface.co ==&gt; expected: &lt;true&gt; but was: &lt;false&gt;" type="org.opentest4j.AssertionFailedError"><![CDATA[org.opentest4j.AssertionFailedError: [grammar.types.huggingface-test.input.pkg:huggingface/microsoft/deberta-v3-base@559062ad13d311b87b2c455e67dcd5f1c8f65111?repository_url=https://hub-ci.huggingface.co[3]] Expected grammar to match: pkg:huggingface/microsoft/deberta-v3-base@559062ad13d311b87b2c455e67dcd5f1c8f65111?repository_url=https://hub-ci.huggingface.co ==> expected: <true> but was: <false>
	at org.junit.jupiter.api.AssertionFailureBuilder.build(AssertionFailureBuilder.java:151)
	at org.junit.jupiter.api.AssertionFailureBuilder.buildAndThrow(AssertionFailureBuilder.java:132)
	at org.junit.jupiter.api.AssertTrue.failNotTrue(AssertTrue.java:63)
	at org.junit.jupiter.api.AssertTrue.assertTrue(AssertTrue.java:36)
	at org.junit.jupiter.api.Assertions.assertTrue(Assertions.java:214)
	at org.purl.grammar.GrammarValidationTest.lambda$buildTest$1(GrammarValidationTest.java:235)
	at java.base/java.util.Optional.ifPresent(Optional.java:178)
	at java.base/java.util.ArrayList.forEach(ArrayList.java:1511)
	at java.base/java.util.ArrayList.forEach(ArrayList.java:1511)
]]></failure>
  </testcase>
  <testcase name="grammarTests" classname="org.purl.grammar.GrammarValidationTest" time="0.001"/>
  <testcase name="grammarTests" classname="org.purl.grammar.GrammarValidationTest" time="0.0"/>
  <testcase name="grammarTests" classname="org.purl.grammar.GrammarValidationTest" time="0.0"/>
  <testcase name="grammarTests" classname="org.purl.grammar.GrammarValidationTest" time="0.001"/>
  <testcase name="grammarTests" classname="org.purl.grammar.GrammarValidationTest" time="0.0"/>
  <testcase name="grammarTests" classname="org.purl.grammar.GrammarValidationTest" time="0.0"/>
  <testcase name="grammarTests" classname="org.purl.grammar.GrammarValidationTest" time="0.0"/>
  <testcase name="grammarTests" classname="org.purl.grammar.GrammarValidationTest" time="0.0"/>
  <testcase name="grammarTests" classname="org.purl.grammar.GrammarValidationTest" time="0.001"/>
  <testcase name="grammarTests" classname="org.purl.grammar.GrammarValidationTest" time="0.0"/>
  <testcase name="grammarTests" classname="org.purl.grammar.GrammarValidationTest" time="0.0"/>
  <testcase name="grammarTests" classname="org.purl.grammar.GrammarValidationTest" time="0.0"/>
  <testcase name="grammarTests" classname="org.purl.grammar.GrammarValidationTest" time="0.0">
    <failure message="[grammar.types.huggingface-test.input.pkg:huggingface/microsoft/deberta-v3-base@559062ad13d311b87b2c455e67dcd5f1c8f65111?repository_url=https://hub-ci.huggingface.co[4]] Expected grammar to match: pkg:huggingface/microsoft/deberta-v3-base@559062ad13d311b87b2c455e67dcd5f1c8f65111?repository_url=https://hub-ci.huggingface.co ==&gt; expected: &lt;true&gt; but was: &lt;false&gt;" type="org.opentest4j.AssertionFailedError"><![CDATA[org.opentest4j.AssertionFailedError: [grammar.types.huggingface-test.input.pkg:huggingface/microsoft/deberta-v3-base@559062ad13d311b87b2c455e67dcd5f1c8f65111?repository_url=https://hub-ci.huggingface.co[4]] Expected grammar to match: pkg:huggingface/microsoft/deberta-v3-base@559062ad13d311b87b2c455e67dcd5f1c8f65111?repository_url=https://hub-ci.huggingface.co ==> expected: <true> but was: <false>
	at org.junit.jupiter.api.AssertionFailureBuilder.build(AssertionFailureBuilder.java:151)
	at org.junit.jupiter.api.AssertionFailureBuilder.buildAndThrow(AssertionFailureBuilder.java:132)
	at org.junit.jupiter.api.AssertTrue.failNotTrue(AssertTrue.java:63)
	at org.junit.jupiter.api.AssertTrue.assertTrue(AssertTrue.java:36)
	at org.junit.jupiter.api.Assertions.assertTrue(Assertions.java:214)
	at org.purl.grammar.GrammarValidationTest.lambda$buildTest$1(GrammarValidationTest.java:235)
	at java.base/java.util.Optional.ifPresent(Optional.java:178)
	at java.base/java.util.ArrayList.forEach(ArrayList.java:1511)
	at java.base/java.util.ArrayList.forEach(ArrayList.java:1511)
]]></failure>
  </testcase>
  <testcase name="grammarTests" classname="org.purl.grammar.GrammarValidationTest" time="0.0">
    <failure message="[grammar.types.huggingface-test.input.pkg:huggingface/microsoft/deberta-v3-base@559062ad13d311b87b2c455e67dcd5f1c8f65111?repository_url=https://hub-ci.huggingface.co[5]] Expected grammar to match: pkg:huggingface/microsoft/deberta-v3-base@559062ad13d311b87b2c455e67dcd5f1c8f65111?repository_url=https://hub-ci.huggingface.co ==&gt; expected: &lt;true&gt; but was: &lt;false&gt;" type="org.opentest4j.AssertionFailedError"><![CDATA[org.opentest4j.AssertionFailedError: [grammar.types.huggingface-test.input.pkg:huggingface/microsoft/deberta-v3-base@559062ad13d311b87b2c455e67dcd5f1c8f65111?repository_url=https://hub-ci.huggingface.co[5]] Expected grammar to match: pkg:huggingface/microsoft/deberta-v3-base@559062ad13d311b87b2c455e67dcd5f1c8f65111?repository_url=https://hub-ci.huggingface.co ==> expected: <true> but was: <false>
	at org.junit.jupiter.api.AssertionFailureBuilder.build(AssertionFailureBuilder.java:151)
	at org.junit.jupiter.api.AssertionFailureBuilder.buildAndThrow(AssertionFailureBuilder.java:132)
	at org.junit.jupiter.api.AssertTrue.failNotTrue(AssertTrue.java:63)
	at org.junit.jupiter.api.AssertTrue.assertTrue(AssertTrue.java:36)
	at org.junit.jupiter.api.Assertions.assertTrue(Assertions.java:214)
	at org.purl.grammar.GrammarValidationTest.lambda$buildTest$1(GrammarValidationTest.java:235)
	at java.base/java.util.Optional.ifPresent(Optional.java:178)
	at java.base/java.util.ArrayList.forEach(ArrayList.java:1511)
	at java.base/java.util.ArrayList.forEach(ArrayList.java:1511)
]]></failure>
  </testcase>
  <testcase name="grammarTests" classname="org.purl.grammar.GrammarValidationTest" time="0.001"/>
  <testcase name="grammarTests" classname="org.purl.grammar.GrammarValidationTest" time="0.0"/>
  <testcase name="grammarTests" classname="org.purl.grammar.GrammarValidationTest" time="0.0"/>
  <testcase name="grammarTests" classname="org.purl.grammar.GrammarValidationTest" time="0.0"/>
  <testcase name="grammarTests" classname="org.purl.grammar.GrammarValidationTest" time="0.0"/>
  <testcase name="grammarTests" classname="org.purl.grammar.GrammarValidationTest" time="0.0">
    <failure message="[grammar.types.julia-test.input.pkg:julia/RegisterQD@0.3.1?repository_url=https://github.com/HolyLab/HolyLabRegistry&amp;uuid=ac24ea0c-1830-11e9-18d4-81f172323054] Expected grammar to match: pkg:julia/RegisterQD@0.3.1?repository_url=https://github.com/HolyLab/HolyLabRegistry&amp;uuid=ac24ea0c-1830-11e9-18d4-81f172323054 ==&gt; expected: &lt;true&gt; but was: &lt;false&gt;" type="org.opentest4j.AssertionFailedError"><![CDATA[org.opentest4j.AssertionFailedError: [grammar.types.julia-test.input.pkg:julia/RegisterQD@0.3.1?repository_url=https://github.com/HolyLab/HolyLabRegistry&uuid=ac24ea0c-1830-11e9-18d4-81f172323054] Expected grammar to match: pkg:julia/RegisterQD@0.3.1?repository_url=https://github.com/HolyLab/HolyLabRegistry&uuid=ac24ea0c-1830-11e9-18d4-81f172323054 ==> expected: <true> but was: <false>
	at org.junit.jupiter.api.AssertionFailureBuilder.build(AssertionFailureBuilder.java:151)
	at org.junit.jupiter.api.AssertionFailureBuilder.buildAndThrow(AssertionFailureBuilder.java:132)
	at org.junit.jupiter.api.AssertTrue.failNotTrue(AssertTrue.java:63)
	at org.junit.jupiter.api.AssertTrue.assertTrue(AssertTrue.java:36)
	at org.junit.jupiter.api.Assertions.assertTrue(Assertions.java:214)
	at org.purl.grammar.GrammarValidationTest.lambda$buildTest$1(GrammarValidationTest.java:235)
	at java.base/java.util.Optional.ifPresent(Optional.java:178)
	at java.base/java.util.ArrayList.forEach(ArrayList.java:1511)
	at java.base/java.util.ArrayList.forEach(ArrayList.java:1511)
]]></failure>
  </testcase>
  <testcase name="grammarTests" classname="org.purl.grammar.GrammarValidationTest" time="0.0"/>
  <testcase name="grammarTests" classname="org.purl.grammar.GrammarValidationTest" time="0.0"/>
  <testcase name="grammarTests" classname="org.purl.grammar.GrammarValidationTest" time="0.0"/>
  <testcase name="grammarTests" classname="org.purl.grammar.GrammarValidationTest" time="0.0"/>
  <testcase name="grammarTests" classname="org.purl.grammar.GrammarValidationTest" time="0.0">
    <failure message="[grammar.types.julia-test.input.pkg:julia/RegisterQD@0.3.1?repository_url=https://github.com/HolyLab/HolyLabRegistry&amp;uuid=ac24ea0c-1830-11e9-18d4-81f172323054[2]] Expected grammar to match: pkg:julia/RegisterQD@0.3.1?repository_url=https://github.com/HolyLab/HolyLabRegistry&amp;uuid=ac24ea0c-1830-11e9-18d4-81f172323054 ==&gt; expected: &lt;true&gt; but was: &lt;false&gt;" type="org.opentest4j.AssertionFailedError"><![CDATA[org.opentest4j.AssertionFailedError: [grammar.types.julia-test.input.pkg:julia/RegisterQD@0.3.1?repository_url=https://github.com/HolyLab/HolyLabRegistry&uuid=ac24ea0c-1830-11e9-18d4-81f172323054[2]] Expected grammar to match: pkg:julia/RegisterQD@0.3.1?repository_url=https://github.com/HolyLab/HolyLabRegistry&uuid=ac24ea0c-1830-11e9-18d4-81f172323054 ==> expected: <true> but was: <false>
	at org.junit.jupiter.api.AssertionFailureBuilder.build(AssertionFailureBuilder.java:151)
	at org.junit.jupiter.api.AssertionFailureBuilder.buildAndThrow(AssertionFailureBuilder.java:132)
	at org.junit.jupiter.api.AssertTrue.failNotTrue(AssertTrue.java:63)
	at org.junit.jupiter.api.AssertTrue.assertTrue(AssertTrue.java:36)
	at org.junit.jupiter.api.Assertions.assertTrue(Assertions.java:214)
	at org.purl.grammar.GrammarValidationTest.lambda$buildTest$1(GrammarValidationTest.java:235)
	at java.base/java.util.Optional.ifPresent(Optional.java:178)
	at java.base/java.util.ArrayList.forEach(ArrayList.java:1511)
	at java.base/java.util.ArrayList.forEach(ArrayList.java:1511)
]]></failure>
  </testcase>
  <testcase name="grammarTests" classname="org.purl.grammar.GrammarValidationTest" time="0.0"/>
  <testcase name="grammarTests" classname="org.purl.grammar.GrammarValidationTest" time="0.0"/>
  <testcase name="grammarTests" classname="org.purl.grammar.GrammarValidationTest" time="0.0"/>
  <testcase name="grammarTests" classname="org.purl.grammar.GrammarValidationTest" time="0.0">
    <failure message="[grammar.types.julia-test.input.pkg:julia/Dates] Expected grammar NOT to match (expected_failure=true): pkg:julia/Dates ==&gt; expected: &lt;false&gt; but was: &lt;true&gt;" type="org.opentest4j.AssertionFailedError"><![CDATA[org.opentest4j.AssertionFailedError: [grammar.types.julia-test.input.pkg:julia/Dates] Expected grammar NOT to match (expected_failure=true): pkg:julia/Dates ==> expected: <false> but was: <true>
	at org.junit.jupiter.api.AssertionFailureBuilder.build(AssertionFailureBuilder.java:151)
	at org.junit.jupiter.api.AssertionFailureBuilder.buildAndThrow(AssertionFailureBuilder.java:132)
	at org.junit.jupiter.api.AssertFalse.failNotFalse(AssertFalse.java:63)
	at org.junit.jupiter.api.AssertFalse.assertFalse(AssertFalse.java:36)
	at org.junit.jupiter.api.Assertions.assertFalse(Assertions.java:239)
	at org.purl.grammar.GrammarValidationTest.lambda$buildTest$1(GrammarValidationTest.java:231)
	at java.base/java.util.Optional.ifPresent(Optional.java:178)
	at java.base/java.util.ArrayList.forEach(ArrayList.java:1511)
	at java.base/java.util.ArrayList.forEach(ArrayList.java:1511)
]]></failure>
  </testcase>
  <testcase name="grammarTests" classname="org.purl.grammar.GrammarValidationTest" time="0.0"/>
  <testcase name="grammarTests" classname="org.purl.grammar.GrammarValidationTest" time="0.0"/>
  <testcase name="grammarTests" classname="org.purl.grammar.GrammarValidationTest" time="0.0"/>
  <testcase name="grammarTests" classname="org.purl.grammar.GrammarValidationTest" time="0.0"/>
  <testcase name="grammarTests" classname="org.purl.grammar.GrammarValidationTest" time="0.001"/>
  <testcase name="grammarTests" classname="org.purl.grammar.GrammarValidationTest" time="0.0"/>
  <testcase name="grammarTests" classname="org.purl.grammar.GrammarValidationTest" time="0.0"/>
  <testcase name="grammarTests" classname="org.purl.grammar.GrammarValidationTest" time="0.001"/>
  <testcase name="grammarTests" classname="org.purl.grammar.GrammarValidationTest" time="0.0">
    <failure message="[grammar.types.luarocks-test.input.pkg:luarocks/username/packagename@0.1.0-1?repository_url=https://example.com/private_rocks_server/] Expected grammar to match: pkg:luarocks/username/packagename@0.1.0-1?repository_url=https://example.com/private_rocks_server/ ==&gt; expected: &lt;true&gt; but was: &lt;false&gt;" type="org.opentest4j.AssertionFailedError"><![CDATA[org.opentest4j.AssertionFailedError: [grammar.types.luarocks-test.input.pkg:luarocks/username/packagename@0.1.0-1?repository_url=https://example.com/private_rocks_server/] Expected grammar to match: pkg:luarocks/username/packagename@0.1.0-1?repository_url=https://example.com/private_rocks_server/ ==> expected: <true> but was: <false>
	at org.junit.jupiter.api.AssertionFailureBuilder.build(AssertionFailureBuilder.java:151)
	at org.junit.jupiter.api.AssertionFailureBuilder.buildAndThrow(AssertionFailureBuilder.java:132)
	at org.junit.jupiter.api.AssertTrue.failNotTrue(AssertTrue.java:63)
	at org.junit.jupiter.api.AssertTrue.assertTrue(AssertTrue.java:36)
	at org.junit.jupiter.api.Assertions.assertTrue(Assertions.java:214)
	at org.purl.grammar.GrammarValidationTest.lambda$buildTest$1(GrammarValidationTest.java:235)
	at java.base/java.util.Optional.ifPresent(Optional.java:178)
	at java.base/java.util.ArrayList.forEach(ArrayList.java:1511)
	at java.base/java.util.ArrayList.forEach(ArrayList.java:1511)
]]></failure>
  </testcase>
  <testcase name="grammarTests" classname="org.purl.grammar.GrammarValidationTest" time="0.0">
    <failure message="[grammar.types.luarocks-test.input.pkg:luarocks/username/packagename@0.1.0-1?repository_url=https://example.com/private_rocks_server/[2]] Expected grammar to match: pkg:luarocks/username/packagename@0.1.0-1?repository_url=https://example.com/private_rocks_server/ ==&gt; expected: &lt;true&gt; but was: &lt;false&gt;" type="org.opentest4j.AssertionFailedError"><![CDATA[org.opentest4j.AssertionFailedError: [grammar.types.luarocks-test.input.pkg:luarocks/username/packagename@0.1.0-1?repository_url=https://example.com/private_rocks_server/[2]] Expected grammar to match: pkg:luarocks/username/packagename@0.1.0-1?repository_url=https://example.com/private_rocks_server/ ==> expected: <true> but was: <false>
	at org.junit.jupiter.api.AssertionFailureBuilder.build(AssertionFailureBuilder.java:151)
	at org.junit.jupiter.api.AssertionFailureBuilder.buildAndThrow(AssertionFailureBuilder.java:132)
	at org.junit.jupiter.api.AssertTrue.failNotTrue(AssertTrue.java:63)
	at org.junit.jupiter.api.AssertTrue.assertTrue(AssertTrue.java:36)
	at org.junit.jupiter.api.Assertions.assertTrue(Assertions.java:214)
	at org.purl.grammar.GrammarValidationTest.lambda$buildTest$1(GrammarValidationTest.java:235)
	at java.base/java.util.Optional.ifPresent(Optional.java:178)
	at java.base/java.util.ArrayList.forEach(ArrayList.java:1511)
	at java.base/java.util.ArrayList.forEach(ArrayList.java:1511)
]]></failure>
  </testcase>
  <testcase name="grammarTests" classname="org.purl.grammar.GrammarValidationTest" time="0.001"/>
  <testcase name="grammarTests" classname="org.purl.grammar.GrammarValidationTest" time="0.0"/>
[...]
    <failure message="[grammar.types.otp-test.input.pkg:otp/namespace/hex@2.1.1] Expected grammar NOT to match (expected_failure=true): pkg:otp/namespace/hex@2.1.1 ==&gt; expected: &lt;false&gt; but was: &lt;true&gt;" type="org.opentest4j.AssertionFailedError"><![CDATA[org.opentest4j.AssertionFailedError: [grammar.types.otp-test.input.pkg:otp/namespace/hex@2.1.1] Expected grammar NOT to match (expected_failure=true): pkg:otp/namespace/hex@2.1.1 ==> expected: <false> but was: <true>
	at org.junit.jupiter.api.AssertionFailureBuilder.build(AssertionFailureBuilder.java:151)
	at org.junit.jupiter.api.AssertionFailureBuilder.buildAndThrow(AssertionFailureBuilder.java:132)
	at org.junit.jupiter.api.AssertFalse.failNotFalse(AssertFalse.java:63)
	at org.junit.jupiter.api.AssertFalse.assertFalse(AssertFalse.java:36)
	at org.junit.jupiter.api.Assertions.assertFalse(Assertions.java:239)
	at org.purl.grammar.GrammarValidationTest.lambda$buildTest$1(GrammarValidationTest.java:231)
	at java.base/java.util.Optional.ifPresent(Optional.java:178)
	at java.base/java.util.ArrayList.forEach(ArrayList.java:1511)
	at java.base/java.util.ArrayList.forEach(ArrayList.java:1511)
]]></failure>
  </testcase>
  <testcase name="grammarTests" classname="org.purl.grammar.GrammarValidationTest" time="0.0"/>
  <testcase name="grammarTests" classname="org.purl.grammar.GrammarValidationTest" time="0.0"/>
  <testcase name="grammarTests" classname="org.purl.grammar.GrammarValidationTest" time="0.0"/>
  <testcase name="grammarTests" classname="org.purl.grammar.GrammarValidationTest" time="0.0"/>
  <testcase name="grammarTests" classname="org.purl.grammar.GrammarValidationTest" time="0.0"/>
  <testcase name="grammarTests" classname="org.purl.grammar.GrammarValidationTest" time="0.0"/>
  <testcase name="grammarTests" classname="org.purl.grammar.GrammarValidationTest" time="0.0"/>
  <testcase name="grammarTests" classname="org.purl.grammar.GrammarValidationTest" time="0.001"/>
  <testcase name="grammarTests" classname="org.purl.grammar.GrammarValidationTest" time="0.0"/>
  <testcase name="grammarTests" classname="org.purl.grammar.GrammarValidationTest" time="0.0"/>
  <testcase name="grammarTests" classname="org.purl.grammar.GrammarValidationTest" time="0.0"/>
  <testcase name="grammarTests" classname="org.purl.grammar.GrammarValidationTest" time="0.0"/>
  <testcase name="grammarTests" classname="org.purl.grammar.GrammarValidationTest" time="0.0"/>
  <testcase name="grammarTests" classname="org.purl.grammar.GrammarValidationTest" time="0.0"/>
  <testcase name="grammarTests" classname="org.purl.grammar.GrammarValidationTest" time="0.0"/>
  <testcase name="grammarTests" classname="org.purl.grammar.GrammarValidationTest" time="0.0"/>
  <testcase name="grammarTests" classname="org.purl.grammar.GrammarValidationTest" time="0.0"/>
  <testcase name="grammarTests" classname="org.purl.grammar.GrammarValidationTest" time="0.0"/>
  <testcase name="grammarTests" classname="org.purl.grammar.GrammarValidationTest" time="0.0"/>
  <testcase name="grammarTests" classname="org.purl.grammar.GrammarValidationTest" time="0.0"/>
  <testcase name="grammarTests" classname="org.purl.grammar.GrammarValidationTest" time="0.0"/>
  <testcase name="grammarTests" classname="org.purl.grammar.GrammarValidationTest" time="0.0"/>
  <testcase name="grammarTests" classname="org.purl.grammar.GrammarValidationTest" time="0.0"/>
  <testcase name="grammarTests" classname="org.purl.grammar.GrammarValidationTest" time="0.0"/>
  <testcase name="grammarTests" classname="org.purl.grammar.GrammarValidationTest" time="0.0"/>
  <testcase name="grammarTests" classname="org.purl.grammar.GrammarValidationTest" time="0.0"/>
  <testcase name="grammarTests" classname="org.purl.grammar.GrammarValidationTest" time="0.0"/>
  <testcase name="grammarTests" classname="org.purl.grammar.GrammarValidationTest" time="0.0"/>
  <testcase name="grammarTests" classname="org.purl.grammar.GrammarValidationTest" time="0.0"/>
  <testcase name="grammarTests" classname="org.purl.grammar.GrammarValidationTest" time="0.0"/>
  <testcase name="grammarTests" classname="org.purl.grammar.GrammarValidationTest" time="0.0"/>
  <testcase name="grammarTests" classname="org.purl.grammar.GrammarValidationTest" time="0.0"/>
  <testcase name="grammarTests" classname="org.purl.grammar.GrammarValidationTest" time="0.0"/>
  <testcase name="grammarTests" classname="org.purl.grammar.GrammarValidationTest" time="0.0"/>
  <testcase name="grammarTests" classname="org.purl.grammar.GrammarValidationTest" time="0.0"/>
  <testcase name="grammarTests" classname="org.purl.grammar.GrammarValidationTest" time="0.001"/>
  <testcase name="grammarTests" classname="org.purl.grammar.GrammarValidationTest" time="0.0"/>
  <testcase name="grammarTests" classname="org.purl.grammar.GrammarValidationTest" time="0.0"/>
  <testcase name="grammarTests" classname="org.purl.grammar.GrammarValidationTest" time="0.0"/>
  <testcase name="grammarTests" classname="org.purl.grammar.GrammarValidationTest" time="0.001"/>
  <testcase name="grammarTests" classname="org.purl.grammar.GrammarValidationTest" time="0.0"/>
  <testcase name="grammarTests" classname="org.purl.grammar.GrammarValidationTest" time="0.0"/>
  <testcase name="grammarTests" classname="org.purl.grammar.GrammarValidationTest" time="0.0"/>
  <testcase name="grammarTests" classname="org.purl.grammar.GrammarValidationTest" time="0.001"/>
  <testcase name="grammarTests" classname="org.purl.grammar.GrammarValidationTest" time="0.0"/>
  <testcase name="grammarTests" classname="org.purl.grammar.GrammarValidationTest" time="0.0"/>
  <testcase name="grammarTests" classname="org.purl.grammar.GrammarValidationTest" time="0.0"/>
  <testcase name="grammarTests" classname="org.purl.grammar.GrammarValidationTest" time="0.0"/>
  <testcase name="grammarTests" classname="org.purl.grammar.GrammarValidationTest" time="0.0"/>
  <testcase name="grammarTests" classname="org.purl.grammar.GrammarValidationTest" time="0.0"/>
  <testcase name="grammarTests" classname="org.purl.grammar.GrammarValidationTest" time="0.0"/>
  <testcase name="grammarTests" classname="org.purl.grammar.GrammarValidationTest" time="0.0"/>
  <testcase name="grammarTests" classname="org.purl.grammar.GrammarValidationTest" time="0.0">
    <failure message="[grammar.types.swid-test.input.pkg:swid/Acme/example.com/Enterprise+Server@1.0.0?tag_id=75b8c285-fa7b-485b-b199-4745e3004d0d] Expected grammar to match: pkg:swid/Acme/example.com/Enterprise+Server@1.0.0?tag_id=75b8c285-fa7b-485b-b199-4745e3004d0d ==&gt; expected: &lt;true&gt; but was: &lt;false&gt;" type="org.opentest4j.AssertionFailedError"><![CDATA[org.opentest4j.AssertionFailedError: [grammar.types.swid-test.input.pkg:swid/Acme/example.com/Enterprise+Server@1.0.0?tag_id=75b8c285-fa7b-485b-b199-4745e3004d0d] Expected grammar to match: pkg:swid/Acme/example.com/Enterprise+Server@1.0.0?tag_id=75b8c285-fa7b-485b-b199-4745e3004d0d ==> expected: <true> but was: <false>
	at org.junit.jupiter.api.AssertionFailureBuilder.build(AssertionFailureBuilder.java:151)
	at org.junit.jupiter.api.AssertionFailureBuilder.buildAndThrow(AssertionFailureBuilder.java:132)
	at org.junit.jupiter.api.AssertTrue.failNotTrue(AssertTrue.java:63)
	at org.junit.jupiter.api.AssertTrue.assertTrue(AssertTrue.java:36)
	at org.junit.jupiter.api.Assertions.assertTrue(Assertions.java:214)
	at org.purl.grammar.GrammarValidationTest.lambda$buildTest$1(GrammarValidationTest.java:235)
	at java.base/java.util.Optional.ifPresent(Optional.java:178)
	at java.base/java.util.ArrayList.forEach(ArrayList.java:1511)
	at java.base/java.util.ArrayList.forEach(ArrayList.java:1511)
]]></failure>
  </testcase>
  <testcase name="grammarTests" classname="org.purl.grammar.GrammarValidationTest" time="0.0">
    <failure message="[grammar.types.swid-test.input.pkg:swid/Acme/example.com/Enterprise+Server@1.0.0?tag_id=75b8c285-fa7b-485b-b199-4745e3004d0d[2]] Expected grammar to match: pkg:swid/Acme/example.com/Enterprise+Server@1.0.0?tag_id=75b8c285-fa7b-485b-b199-4745e3004d0d ==&gt; expected: &lt;true&gt; but was: &lt;false&gt;" type="org.opentest4j.AssertionFailedError"><![CDATA[org.opentest4j.AssertionFailedError: [grammar.types.swid-test.input.pkg:swid/Acme/example.com/Enterprise+Server@1.0.0?tag_id=75b8c285-fa7b-485b-b199-4745e3004d0d[2]] Expected grammar to match: pkg:swid/Acme/example.com/Enterprise+Server@1.0.0?tag_id=75b8c285-fa7b-485b-b199-4745e3004d0d ==> expected: <true> but was: <false>
	at org.junit.jupiter.api.AssertionFailureBuilder.build(AssertionFailureBuilder.java:151)
	at org.junit.jupiter.api.AssertionFailureBuilder.buildAndThrow(AssertionFailureBuilder.java:132)
	at org.junit.jupiter.api.AssertTrue.failNotTrue(AssertTrue.java:63)
	at org.junit.jupiter.api.AssertTrue.assertTrue(AssertTrue.java:36)
	at org.junit.jupiter.api.Assertions.assertTrue(Assertions.java:214)
	at org.purl.grammar.GrammarValidationTest.lambda$buildTest$1(GrammarValidationTest.java:235)
	at java.base/java.util.Optional.ifPresent(Optional.java:178)
	at java.base/java.util.ArrayList.forEach(ArrayList.java:1511)
	at java.base/java.util.ArrayList.forEach(ArrayList.java:1511)
]]></failure>
  </testcase>
  <testcase name="grammarTests" classname="org.purl.grammar.GrammarValidationTest" time="0.001"/>
  <testcase name="grammarTests" classname="org.purl.grammar.GrammarValidationTest" time="0.0"/>
  <testcase name="grammarTests" classname="org.purl.grammar.GrammarValidationTest" time="0.0"/>
  <testcase name="grammarTests" classname="org.purl.grammar.GrammarValidationTest" time="0.001"/>
  <testcase name="grammarTests" classname="org.purl.grammar.GrammarValidationTest" time="0.0"/>
  <testcase name="grammarTests" classname="org.purl.grammar.GrammarValidationTest" time="0.0"/>
  <testcase name="grammarTests" classname="org.purl.grammar.GrammarValidationTest" time="0.001">
    <failure message="[grammar.types.swid-test.input.pkg:swid/Adobe+Systems+Incorporated/Adobe+InDesign@CC?tag_id=CreativeCloud-CS6-Win-GM-MUL] Expected grammar to match: pkg:swid/Adobe+Systems+Incorporated/Adobe+InDesign@CC?tag_id=CreativeCloud-CS6-Win-GM-MUL ==&gt; expected: &lt;true&gt; but was: &lt;false&gt;" type="org.opentest4j.AssertionFailedError"><![CDATA[org.opentest4j.AssertionFailedError: [grammar.types.swid-test.input.pkg:swid/Adobe+Systems+Incorporated/Adobe+InDesign@CC?tag_id=CreativeCloud-CS6-Win-GM-MUL] Expected grammar to match: pkg:swid/Adobe+Systems+Incorporated/Adobe+InDesign@CC?tag_id=CreativeCloud-CS6-Win-GM-MUL ==> expected: <true> but was: <false>
	at org.junit.jupiter.api.AssertionFailureBuilder.build(AssertionFailureBuilder.java:151)
	at org.junit.jupiter.api.AssertionFailureBuilder.buildAndThrow(AssertionFailureBuilder.java:132)
	at org.junit.jupiter.api.AssertTrue.failNotTrue(AssertTrue.java:63)
	at org.junit.jupiter.api.AssertTrue.assertTrue(AssertTrue.java:36)
	at org.junit.jupiter.api.Assertions.assertTrue(Assertions.java:214)
	at org.purl.grammar.GrammarValidationTest.lambda$buildTest$1(GrammarValidationTest.java:235)
	at java.base/java.util.Optional.ifPresent(Optional.java:178)
	at java.base/java.util.ArrayList.forEach(ArrayList.java:1511)
	at java.base/java.util.ArrayList.forEach(ArrayList.java:1511)
]]></failure>
  </testcase>
  <testcase name="grammarTests" classname="org.purl.grammar.GrammarValidationTest" time="0.0">
    <failure message="[grammar.types.swid-test.input.pkg:swid/Adobe+Systems+Incorporated/Adobe+InDesign@CC?tag_id=CreativeCloud-CS6-Win-GM-MUL[2]] Expected grammar to match: pkg:swid/Adobe+Systems+Incorporated/Adobe+InDesign@CC?tag_id=CreativeCloud-CS6-Win-GM-MUL ==&gt; expected: &lt;true&gt; but was: &lt;false&gt;" type="org.opentest4j.AssertionFailedError"><![CDATA[org.opentest4j.AssertionFailedError: [grammar.types.swid-test.input.pkg:swid/Adobe+Systems+Incorporated/Adobe+InDesign@CC?tag_id=CreativeCloud-CS6-Win-GM-MUL[2]] Expected grammar to match: pkg:swid/Adobe+Systems+Incorporated/Adobe+InDesign@CC?tag_id=CreativeCloud-CS6-Win-GM-MUL ==> expected: <true> but was: <false>
	at org.junit.jupiter.api.AssertionFailureBuilder.build(AssertionFailureBuilder.java:151)
	at org.junit.jupiter.api.AssertionFailureBuilder.buildAndThrow(AssertionFailureBuilder.java:132)
	at org.junit.jupiter.api.AssertTrue.failNotTrue(AssertTrue.java:63)
	at org.junit.jupiter.api.AssertTrue.assertTrue(AssertTrue.java:36)
	at org.junit.jupiter.api.Assertions.assertTrue(Assertions.java:214)
	at org.purl.grammar.GrammarValidationTest.lambda$buildTest$1(GrammarValidationTest.java:235)
	at java.base/java.util.Optional.ifPresent(Optional.java:178)
	at java.base/java.util.ArrayList.forEach(ArrayList.java:1511)
	at java.base/java.util.ArrayList.forEach(ArrayList.java:1511)
]]></failure>
  </testcase>
  <testcase name="grammarTests" classname="org.purl.grammar.GrammarValidationTest" time="0.0"/>
  <testcase name="grammarTests" classname="org.purl.grammar.GrammarValidationTest" time="0.0"/>
  <testcase name="grammarTests" classname="org.purl.grammar.GrammarValidationTest" time="0.001"/>
  <testcase name="grammarTests" classname="org.purl.grammar.GrammarValidationTest" time="0.0"/>
  <testcase name="grammarTests" classname="org.purl.grammar.GrammarValidationTest" time="0.0"/>
  <testcase name="grammarTests" classname="org.purl.grammar.GrammarValidationTest" time="0.0"/>
  <testcase name="grammarTests" classname="org.purl.grammar.GrammarValidationTest" time="0.001"/>
  <testcase name="grammarTests" classname="org.purl.grammar.GrammarValidationTest" time="0.0"/>
  <testcase name="grammarTests" classname="org.purl.grammar.GrammarValidationTest" time="0.0">
    <failure message="[grammar.types.swift-test.input.pkg:swift/Alamofire@5.4.3] Expected grammar NOT to match (expected_failure=true): pkg:swift/Alamofire@5.4.3 ==&gt; expected: &lt;false&gt; but was: &lt;true&gt;" type="org.opentest4j.AssertionFailedError"><![CDATA[org.opentest4j.AssertionFailedError: [grammar.types.swift-test.input.pkg:swift/Alamofire@5.4.3] Expected grammar NOT to match (expected_failure=true): pkg:swift/Alamofire@5.4.3 ==> expected: <false> but was: <true>
	at org.junit.jupiter.api.AssertionFailureBuilder.build(AssertionFailureBuilder.java:151)
	at org.junit.jupiter.api.AssertionFailureBuilder.buildAndThrow(AssertionFailureBuilder.java:132)
	at org.junit.jupiter.api.AssertFalse.failNotFalse(AssertFalse.java:63)
	at org.junit.jupiter.api.AssertFalse.assertFalse(AssertFalse.java:36)
	at org.junit.jupiter.api.Assertions.assertFalse(Assertions.java:239)
	at org.purl.grammar.GrammarValidationTest.lambda$buildTest$1(GrammarValidationTest.java:231)
	at java.base/java.util.Optional.ifPresent(Optional.java:178)
	at java.base/java.util.ArrayList.forEach(ArrayList.java:1511)
	at java.base/java.util.ArrayList.forEach(ArrayList.java:1511)
]]></failure>
  </testcase>
  <testcase name="grammarTests" classname="org.purl.grammar.GrammarValidationTest" time="0.001">
    <failure message="[grammar.types.swift-test.input.pkg:swift/Alamofire@5.4.3[2]] Expected grammar NOT to match (expected_failure=true): pkg:swift/Alamofire@5.4.3 ==&gt; expected: &lt;false&gt; but was: &lt;true&gt;" type="org.opentest4j.AssertionFailedError"><![CDATA[org.opentest4j.AssertionFailedError: [grammar.types.swift-test.input.pkg:swift/Alamofire@5.4.3[2]] Expected grammar NOT to match (expected_failure=true): pkg:swift/Alamofire@5.4.3 ==> expected: <false> but was: <true>
	at org.junit.jupiter.api.AssertionFailureBuilder.build(AssertionFailureBuilder.java:151)
	at org.junit.jupiter.api.AssertionFailureBuilder.buildAndThrow(AssertionFailureBuilder.java:132)
	at org.junit.jupiter.api.AssertFalse.failNotFalse(AssertFalse.java:63)
	at org.junit.jupiter.api.AssertFalse.assertFalse(AssertFalse.java:36)
	at org.junit.jupiter.api.Assertions.assertFalse(Assertions.java:239)
	at org.purl.grammar.GrammarValidationTest.lambda$buildTest$1(GrammarValidationTest.java:231)
	at java.base/java.util.Optional.ifPresent(Optional.java:178)
	at java.base/java.util.ArrayList.forEach(ArrayList.java:1511)
	at java.base/java.util.ArrayList.forEach(ArrayList.java:1511)
]]></failure>
  </testcase>
  <testcase name="grammarTests" classname="org.purl.grammar.GrammarValidationTest" time="0.0"/>
  <testcase name="grammarTests" classname="org.purl.grammar.GrammarValidationTest" time="0.0"/>
  <testcase name="grammarTests" classname="org.purl.grammar.GrammarValidationTest" time="0.0"/>
  <testcase name="grammarTests" classname="org.purl.grammar.GrammarValidationTest" time="0.001"/>
  <testcase name="grammarTests" classname="org.purl.grammar.GrammarValidationTest" time="0.0"/>
  <testcase name="grammarTests" classname="org.purl.grammar.GrammarValidationTest" time="0.0"/>
  <testcase name="grammarTests" classname="org.purl.grammar.GrammarValidationTest" time="0.0"/>
  <testcase name="grammarTests" classname="org.purl.grammar.GrammarValidationTest" time="0.0"/>
  <testcase name="grammarTests" classname="org.purl.grammar.GrammarValidationTest" time="0.0"/>
  <testcase name="grammarTests" classname="org.purl.grammar.GrammarValidationTest" time="0.0"/>
  <testcase name="grammarTests" classname="org.purl.grammar.GrammarValidationTest" time="0.0"/>
  <testcase name="grammarTests" classname="org.purl.grammar.GrammarValidationTest" time="0.001"/>
  <testcase name="grammarTests" classname="org.purl.grammar.GrammarValidationTest" time="0.0"/>
  <testcase name="grammarTests" classname="org.purl.grammar.GrammarValidationTest" time="0.0"/>
  <testcase name="grammarTests" classname="org.purl.grammar.GrammarValidationTest" time="0.0"/>
  <testcase name="grammarTests" classname="org.purl.grammar.GrammarValidationTest" time="0.0"/>
  <testcase name="grammarTests" classname="org.purl.grammar.GrammarValidationTest" time="0.0"/>
  <testcase name="grammarTests" classname="org.purl.grammar.GrammarValidationTest" time="0.0"/>
  <testcase name="grammarTests" classname="org.purl.grammar.GrammarValidationTest" time="0.0"/>
  <testcase name="grammarTests" classname="org.purl.grammar.GrammarValidationTest" time="0.0"/>
  <testcase name="grammarTests" classname="org.purl.grammar.GrammarValidationTest" time="0.0"/>
  <testcase name="grammarTests" classname="org.purl.grammar.GrammarValidationTest" time="0.0"/>
  <testcase name="grammarTests" classname="org.purl.grammar.GrammarValidationTest" time="0.0"/>
  <testcase name="grammarTests" classname="org.purl.grammar.GrammarValidationTest" time="0.0"/>
  <testcase name="grammarTests" classname="org.purl.grammar.GrammarValidationTest" time="0.001">
    <failure message="[grammar.types.vscode-extension-test.input.pkg:vscode-extension/java@1.46.2025091308] Expected grammar NOT to match (expected_failure=true): pkg:vscode-extension/java@1.46.2025091308 ==&gt; expected: &lt;false&gt; but was: &lt;true&gt;" type="org.opentest4j.AssertionFailedError"><![CDATA[org.opentest4j.AssertionFailedError: [grammar.types.vscode-extension-test.input.pkg:vscode-extension/java@1.46.2025091308] Expected grammar NOT to match (expected_failure=true): pkg:vscode-extension/java@1.46.2025091308 ==> expected: <false> but was: <true>
	at org.junit.jupiter.api.AssertionFailureBuilder.build(AssertionFailureBuilder.java:151)
	at org.junit.jupiter.api.AssertionFailureBuilder.buildAndThrow(AssertionFailureBuilder.java:132)
	at org.junit.jupiter.api.AssertFalse.failNotFalse(AssertFalse.java:63)
	at org.junit.jupiter.api.AssertFalse.assertFalse(AssertFalse.java:36)
	at org.junit.jupiter.api.Assertions.assertFalse(Assertions.java:239)
	at org.purl.grammar.GrammarValidationTest.lambda$buildTest$1(GrammarValidationTest.java:231)
	at java.base/java.util.Optional.ifPresent(Optional.java:178)
	at java.base/java.util.ArrayList.forEach(ArrayList.java:1511)
	at java.base/java.util.ArrayList.forEach(ArrayList.java:1511)
]]></failure>
  </testcase>
  <testcase name="grammarTests" classname="org.purl.grammar.GrammarValidationTest" time="0.0"/>
  <testcase name="grammarTests" classname="org.purl.grammar.GrammarValidationTest" time="0.0"/>
</testsuite>